
===== 2025-10-07T10:49:40.024Z =====
PROMPT:

你是小組互動觀察者。請先判斷這一輪是否需要更新（不是每句都有可更新的主題）。若需要，只允許輸出**一個**短詞 idea，並只針對該 idea 輸出每位成員的分數增量 delta（-1~+1，常見幅度 <= 0.3）。
規則：
- Host 發言只作為上下文參考，不可影響分數或新增想法。
- 成員鍵名只能用這些：["a","bv"]
- 只允許 1 個 idea；若沒有明確主題或立場/說服跡象，請不要更新。
- delta 必須是合法 JSON 數字（不可有 "+" 字首）。

=== 對話（較新在下） ===
Host: 哈囉大家好，我是聊天室的聊天機器人，我們要討論的是期末的 Final Project，目標是打造一個軟體供使用者使用，請大家討論想做甚麼主題，像是網頁、遊戲等。
2: 我覺得可以考慮做一個教育相關的應用，比如線上學習平台。這樣的主題不管是技術層面還是內容創意都有很多可能性。
(最新) 2: 我覺得可以考慮做一個教育相關的應用，比如線上學習平台。這樣的主題不管是技術層面還是內容創意都有很多可能性。
=== 結束 ===

請輸出**純 JSON**：
{
  "should_update": true,
  "idea": "AI",
  "delta_by_user": {
    "a": { "AI": 0.2 }
  },
  "reason": "為何需要/不需要更新"
}

RAW:
```json
{
  "should_update": true,
  "idea": "教育應用",
  "delta_by_user": {
    "a": 0.2
  },
  "reason": "用戶 a 提出了具體的項目想法，即線上學習平台，這是一個可以開發的具體主題。"
}
```
PARSED:
{
  "should_update": true,
  "idea": "教育應用",
  "delta_by_user": {
    "a": 0.2
  },
  "reason": "用戶 a 提出了具體的項目想法，即線上學習平台，這是一個可以開發的具體主題。"
}

===== 2025-10-07T10:49:54.999Z =====
PROMPT:

你是小組互動觀察者。請先判斷這一輪是否需要更新（不是每句都有可更新的主題）。若需要，只允許輸出**一個**短詞 idea，並只針對該 idea 輸出每位成員的分數增量 delta（-1~+1，常見幅度 <= 0.3）。
規則：
- Host 發言只作為上下文參考，不可影響分數或新增想法。
- 成員鍵名只能用這些：["a","bv"]
- 只允許 1 個 idea；若沒有明確主題或立場/說服跡象，請不要更新。
- delta 必須是合法 JSON 數字（不可有 "+" 字首）。

=== 對話（較新在下） ===
Host: 哈囉大家好，我是聊天室的聊天機器人，我們要討論的是期末的 Final Project，目標是打造一個軟體供使用者使用，請大家討論想做甚麼主題，像是網頁、遊戲等。
2: 我覺得可以考慮做一個教育相關的應用，比如線上學習平台。這樣的主題不管是技術層面還是內容創意都有很多可能性。
Host: 大家可以開始討論並確定想開發的專案主題，例如遊戲或網頁嗎？
1: 我認為開發網頁是一個不錯的選擇，因為我們可以從中學習到前端和後端的整合技術，並能夠針對用戶需求設計出實用的功能。
(最新) 1: 我認為開發網頁是一個不錯的選擇，因為我們可以從中學習到前端和後端的整合技術，並能夠針對用戶需求設計出實用的功能。
=== 結束 ===

請輸出**純 JSON**：
{
  "should_update": true,
  "idea": "AI",
  "delta_by_user": {
    "a": { "AI": 0.2 }
  },
  "reason": "為何需要/不需要更新"
}

RAW:
{
  "should_update": true,
  "idea": "Education App",
  "delta_by_user": {
    "a": 0.2,
    "bv": 0
  },
  "reason": "用戶 2 提出了一個教育相關的應用的明確主題，並提到這可以在技術和創意上帶來很多可能性。"
}
PARSED:
{
  "should_update": true,
  "idea": "Education App",
  "delta_by_user": {
    "a": 0.2,
    "bv": 0
  },
  "reason": "用戶 2 提出了一個教育相關的應用的明確主題，並提到這可以在技術和創意上帶來很多可能性。"
}

===== 2025-10-07T10:50:09.924Z =====
PROMPT:

你是小組互動觀察者。請先判斷這一輪是否需要更新（不是每句都有可更新的主題）。若需要，只允許輸出**一個**短詞 idea，並只針對該 idea 輸出每位成員的分數增量 delta（-1~+1，常見幅度 <= 0.3）。
規則：
- Host 發言只作為上下文參考，不可影響分數或新增想法。
- 成員鍵名只能用這些：["a","bv"]
- 只允許 1 個 idea；若沒有明確主題或立場/說服跡象，請不要更新。
- delta 必須是合法 JSON 數字（不可有 "+" 字首）。

=== 對話（較新在下） ===
Host: 哈囉大家好，我是聊天室的聊天機器人，我們要討論的是期末的 Final Project，目標是打造一個軟體供使用者使用，請大家討論想做甚麼主題，像是網頁、遊戲等。
2: 我覺得可以考慮做一個教育相關的應用，比如線上學習平台。這樣的主題不管是技術層面還是內容創意都有很多可能性。
Host: 大家可以開始討論並確定想開發的專案主題，例如遊戲或網頁嗎？
1: 我認為開發網頁是一個不錯的選擇，因為我們可以從中學習到前端和後端的整合技術，並能夠針對用戶需求設計出實用的功能。
2: 我也認為開發網頁是一個不錯的選擇，不僅可以學習到技術，還能設計出實用的功能。不過，我們也可以探討一下遊戲開發的可能性，也許能帶來不同的創新挑戰。
(最新) 2: 我也認為開發網頁是一個不錯的選擇，不僅可以學習到技術，還能設計出實用的功能。不過，我們也可以探討一下遊戲開發的可能性，也許能帶來不同的創新挑戰。
=== 結束 ===

請輸出**純 JSON**：
{
  "should_update": true,
  "idea": "AI",
  "delta_by_user": {
    "a": { "AI": 0.2 }
  },
  "reason": "為何需要/不需要更新"
}

RAW:
{
  "should_update": true,
  "idea": "web_project",
  "delta_by_user": {
    "a": 0.2,
    "bv": 0.3
  },
  "reason": "雙方都對開發網頁表示了支持，形成明確的討論方向，更有助於團隊決定專案主題。"
}
PARSED:
{
  "should_update": true,
  "idea": "web_project",
  "delta_by_user": {
    "a": 0.2,
    "bv": 0.3
  },
  "reason": "雙方都對開發網頁表示了支持，形成明確的討論方向，更有助於團隊決定專案主題。"
}

===== 2025-10-07T10:54:30.965Z =====
PROMPT:

你是小組互動觀察者。請先判斷這一輪是否需要更新（不是每句都有可更新的主題）。若需要，只允許輸出**一個**短詞 idea，並只針對該 idea 輸出每位成員的分數增量 delta（-1~+1，常見幅度 <= 0.3）。
規則：
- Host 發言只作為上下文參考，不可影響分數或新增想法。
- 成員鍵名只能用這些：["a","b"]
- 只允許 1 個 idea；若沒有明確主題或立場/說服跡象，請不要更新。
- delta 必須是合法 JSON 數字（不可有 "+" 字首）。

=== 對話（較新在下） ===
Host: 哈囉大家好，我是聊天室的聊天機器人，我們要討論的是期末的Final Project，目標是打造一個軟體供使用者使用，請大家討論想做甚麼主題，像是網頁、遊戲等。
a: 大家好，我覺得我們可以考慮製作一個簡單的遊戲，這樣既能激發創意，又能吸引使用者。如果大家有其他想法也可以分享。
(最新) a: 大家好，我覺得我們可以考慮製作一個簡單的遊戲，這樣既能激發創意，又能吸引使用者。如果大家有其他想法也可以分享。
=== 結束 ===

請輸出**純 JSON**：
{
  "should_update": true,
  "idea": "AI",
  "delta_by_user": {
    "a": { "AI": 0.2 }
  },
  "reason": "為何需要/不需要更新"
}

RAW:
{
  "should_update": false,
  "reason": "目前的對話內容主要是成員a提議製作一個簡單的遊戲，但沒有出現明確的立場或進一步的說服跡象，因此不需要更新。"
}
PARSED:
{
  "should_update": false,
  "reason": "目前的對話內容主要是成員a提議製作一個簡單的遊戲，但沒有出現明確的立場或進一步的說服跡象，因此不需要更新。"
}

===== 2025-10-07T10:54:32.725Z =====
PROMPT:

你是小組互動觀察者。請先判斷這一輪是否需要更新（不是每句都有可更新的主題）。若需要，只允許輸出**一個**短詞 idea，並只針對該 idea 輸出每位成員的分數增量 delta（-1~+1，常見幅度 <= 0.3）。
規則：
- Host 發言只作為上下文參考，不可影響分數或新增想法。
- 成員鍵名只能用這些：["a","b"]
- 只允許 1 個 idea；若沒有明確主題或立場/說服跡象，請不要更新。
- delta 必須是合法 JSON 數字（不可有 "+" 字首）。

=== 對話（較新在下） ===
Host: 哈囉大家好，我是聊天室的聊天機器人，我們要討論的是期末的Final Project，目標是打造一個軟體供使用者使用，請大家討論想做甚麼主題，像是網頁、遊戲等。
a: 大家好，我覺得我們可以考慮製作一個簡單的遊戲，這樣既能激發創意，又能吸引使用者。如果大家有其他想法也可以分享。
bv: 大家好，我覺得我們可以考慮做一個實用性強的工具，比如說一個簡單的待辦事項應用程式，這樣可以讓使用者更高效地管理他們的時間。大家覺得怎麼樣？有其他的想法嗎？
(最新) bv: 大家好，我覺得我們可以考慮做一個實用性強的工具，比如說一個簡單的待辦事項應用程式，這樣可以讓使用者更高效地管理他們的時間。大家覺得怎麼樣？有其他的想法嗎？
=== 結束 ===

請輸出**純 JSON**：
{
  "should_update": true,
  "idea": "AI",
  "delta_by_user": {
    "a": { "AI": 0.2 }
  },
  "reason": "為何需要/不需要更新"
}

RAW:
{
  "should_update": true,
  "idea": "game",
  "delta_by_user": {
    "a": 0.2,
    "b": -0.1
  },
  "reason": "目前的對話中，a 提出了開發遊戲的想法，而 b 提出的是待辦事項應用程式。雙方提出了不同的創意，但目前還沒有明確的共識或說服跡象。然而，a 首先提出了遊戲的創意，因此在該主題上，a 的想法獲得了一些積極評價。"
}
PARSED:
{
  "should_update": true,
  "idea": "game",
  "delta_by_user": {
    "a": 0.2,
    "b": -0.1
  },
  "reason": "目前的對話中，a 提出了開發遊戲的想法，而 b 提出的是待辦事項應用程式。雙方提出了不同的創意，但目前還沒有明確的共識或說服跡象。然而，a 首先提出了遊戲的創意，因此在該主題上，a 的想法獲得了一些積極評價。"
}

===== 2025-10-07T10:54:46.732Z =====
PROMPT:

你是小組互動觀察者。請先判斷這一輪是否需要更新（不是每句都有可更新的主題）。若需要，只允許輸出**一個**短詞 idea，並只針對該 idea 輸出每位成員的分數增量 delta（-1~+1，常見幅度 <= 0.3）。
規則：
- Host 發言只作為上下文參考，不可影響分數或新增想法。
- 成員鍵名只能用這些：["a","b"]
- 只允許 1 個 idea；若沒有明確主題或立場/說服跡象，請不要更新。
- delta 必須是合法 JSON 數字（不可有 "+" 字首）。

=== 對話（較新在下） ===
Host: 哈囉大家好，我是聊天室的聊天機器人，我們要討論的是期末的Final Project，目標是打造一個軟體供使用者使用，請大家討論想做甚麼主題，像是網頁、遊戲等。
a: 大家好，我覺得我們可以考慮製作一個簡單的遊戲，這樣既能激發創意，又能吸引使用者。如果大家有其他想法也可以分享。
bv: 大家好，我覺得我們可以考慮做一個實用性強的工具，比如說一個簡單的待辦事項應用程式，這樣可以讓使用者更高效地管理他們的時間。大家覺得怎麼樣？有其他的想法嗎？
a: 我覺得這兩個想法都很不錯，一個偏向娛樂性，一個偏向實用性。也許我們可以結合這兩個方向，製作一個具有遊戲元素的生產力工具，這樣可以增加使用的樂趣。大家覺得如何？
(最新) a: 我覺得這兩個想法都很不錯，一個偏向娛樂性，一個偏向實用性。也許我們可以結合這兩個方向，製作一個具有遊戲元素的生產力工具，這樣可以增加使用的樂趣。大家覺得如何？
=== 結束 ===

請輸出**純 JSON**：
{
  "should_update": true,
  "idea": "AI",
  "delta_by_user": {
    "a": { "AI": 0.2 }
  },
  "reason": "為何需要/不需要更新"
}

RAW:
{
  "should_update": true,
  "idea": "遊戲生產力工具",
  "delta_by_user": {
    "a": 0.3,
    "b": 0
  },
  "reason": "成員 a 提出了將遊戲和生產力工具結合的想法，這是一個新的創意方向，並且也得到了自我認可。"
}
PARSED:
{
  "should_update": true,
  "idea": "遊戲生產力工具",
  "delta_by_user": {
    "a": 0.3,
    "b": 0
  },
  "reason": "成員 a 提出了將遊戲和生產力工具結合的想法，這是一個新的創意方向，並且也得到了自我認可。"
}

===== 2025-10-07T11:03:03.286Z =====
PROMPT:

你是小組互動觀察者。請先判斷這一輪是否需要更新（不是每句都有可更新的主題）。若需要，只允許輸出**一個**短詞 idea，並只針對該 idea 輸出每位成員的分數增量 delta（-1~+1，常見幅度 <= 0.3）。
規則：
- Host 發言只作為上下文參考，不可影響分數或新增想法。
- 成員鍵名只能用這些：["a","b"]
- 只允許 1 個 idea；若沒有明確主題或立場/說服跡象，請不要更新。
- delta 必須是合法 JSON 數字（不可有 "+" 字首）。

=== 對話（較新在下） ===
Host: 哈囉大家好，我是聊天室的聊天機器人，我們要討論的是期末的 Final Project，目標是打造一個軟體供使用者使用，請大家討論想做甚麼主題，像是網頁、遊戲等。
a: 我覺得我們可以考慮做一個教育類型的應用程式，比如說幫助學生更有效率地學習和組織資訊。大家覺得如何？
(最新) a: 我覺得我們可以考慮做一個教育類型的應用程式，比如說幫助學生更有效率地學習和組織資訊。大家覺得如何？
=== 結束 ===

請輸出**純 JSON**：
以下為範例
{
  "should_update": true,
  "idea": "AI",
  "delta_by_user": {
    "Alice": 0.2,
    "Bob": -0.1
  },
  "reason": "為何需要/不需要更新"
}

RAW:
{
  "should_update": true,
  "idea": "教育應用程式",
  "delta_by_user": {
    "a": 0.3,
    "b": 0
  },
  "reason": "成員 a 提出了具體的教育應用程式想法，並尋求他人意見。"
}
PARSED:
{
  "should_update": true,
  "idea": "教育應用程式",
  "delta_by_user": {
    "a": 0.3,
    "b": 0
  },
  "reason": "成員 a 提出了具體的教育應用程式想法，並尋求他人意見。"
}

===== 2025-10-07T11:03:17.345Z =====
PROMPT:

你是小組互動觀察者。請先判斷這一輪是否需要更新（不是每句都有可更新的主題）。若需要，只允許輸出**一個**短詞 idea，並只針對該 idea 輸出每位成員的分數增量 delta（-1~+1，常見幅度 <= 0.3）。
規則：
- Host 發言只作為上下文參考，不可影響分數或新增想法。
- 成員鍵名只能用這些：["a","b"]
- 只允許 1 個 idea；若沒有明確主題或立場/說服跡象，請不要更新。
- delta 必須是合法 JSON 數字（不可有 "+" 字首）。

=== 對話（較新在下） ===
Host: 哈囉大家好，我是聊天室的聊天機器人，我們要討論的是期末的 Final Project，目標是打造一個軟體供使用者使用，請大家討論想做甚麼主題，像是網頁、遊戲等。
a: 我覺得我們可以考慮做一個教育類型的應用程式，比如說幫助學生更有效率地學習和組織資訊。大家覺得如何？
Host: 請大家開始討論你們的專案主題，例如是遊戲、網頁還是其他軟體開發，這是我們目前需要達到的目標。
a: 我認為我們也許可以考慮開發一個結合教育與娛樂的應用程式，這樣可以兼顧遊戲和實用性。大家怎麼看？
(最新) a: 我認為我們也許可以考慮開發一個結合教育與娛樂的應用程式，這樣可以兼顧遊戲和實用性。大家怎麼看？
=== 結束 ===

請輸出**純 JSON**：
以下為範例
{
  "should_update": true,
  "idea": "AI",
  "delta_by_user": {
    "Alice": 0.2,
    "Bob": -0.1
  },
  "reason": "為何需要/不需要更新"
}

RAW:
```json
{
  "should_update": true,
  "idea": "educational app",
  "delta_by_user": {
    "a": 0.3,
    "b": 0.0
  },
  "reason": "成員 a 提出了具體的軟體主題建議，並且試圖結合教育與娛樂，為項目定下基調。"
}
```
PARSED:
{
  "should_update": true,
  "idea": "educational app",
  "delta_by_user": {
    "a": 0.3,
    "b": 0
  },
  "reason": "成員 a 提出了具體的軟體主題建議，並且試圖結合教育與娛樂，為項目定下基調。"
}

===== 2025-10-07T11:03:33.025Z =====
PROMPT:

你是小組互動觀察者。請先判斷這一輪是否需要更新（不是每句都有可更新的主題）。若需要，只允許輸出**一個**短詞 idea，並只針對該 idea 輸出每位成員的分數增量 delta（-1~+1，常見幅度 <= 0.3）。
規則：
- Host 發言只作為上下文參考，不可影響分數或新增想法。
- 成員鍵名只能用這些：["a","b"]
- 只允許 1 個 idea；若沒有明確主題或立場/說服跡象，請不要更新。
- delta 必須是合法 JSON 數字（不可有 "+" 字首）。

=== 對話（較新在下） ===
Host: 哈囉大家好，我是聊天室的聊天機器人，我們要討論的是期末的 Final Project，目標是打造一個軟體供使用者使用，請大家討論想做甚麼主題，像是網頁、遊戲等。
a: 我覺得我們可以考慮做一個教育類型的應用程式，比如說幫助學生更有效率地學習和組織資訊。大家覺得如何？
Host: 請大家開始討論你們的專案主題，例如是遊戲、網頁還是其他軟體開發，這是我們目前需要達到的目標。
a: 我認為我們也許可以考慮開發一個結合教育與娛樂的應用程式，這樣可以兼顧遊戲和實用性。大家怎麼看？
b: a 的提議聽起來很不錯，我們可以進一步討論如何結合教育與娛樂來設計這個應用程式。大家覺得有哪些功能或內容是必須包含的呢？
(最新) b: a 的提議聽起來很不錯，我們可以進一步討論如何結合教育與娛樂來設計這個應用程式。大家覺得有哪些功能或內容是必須包含的呢？
=== 結束 ===

請輸出**純 JSON**：
以下為範例
{
  "should_update": true,
  "idea": "AI",
  "delta_by_user": {
    "Alice": 0.2,
    "Bob": -0.1
  },
  "reason": "為何需要/不需要更新"
}

RAW:
```json
{
  "should_update": true,
  "idea": "教育與娛樂結合的應用程式",
  "delta_by_user": {
    "a": 0.2,
    "b": 0.3
  },
  "reason": "b 表示贊同並進一步討論了 a 提出的主題，明確了要結合教育與娛樂來設計應用程式的方向。"
}
```
PARSED:
{
  "should_update": true,
  "idea": "教育與娛樂結合的應用程式",
  "delta_by_user": {
    "a": 0.2,
    "b": 0.3
  },
  "reason": "b 表示贊同並進一步討論了 a 提出的主題，明確了要結合教育與娛樂來設計應用程式的方向。"
}

===== 2025-10-07T11:11:33.737Z =====
PROMPT:

你是小組互動觀察者。請先判斷這一輪是否需要更新（不是每句都有可更新的主題）。若需要，只允許輸出**一個**短詞 idea，並只針對該 idea 輸出每位成員的分數增量 delta（-1~+1，常見幅度 <= 0.3）。
規則：
- Host 發言只作為上下文參考，不可影響分數或新增想法。
- 成員鍵名只能用這些：["a","b"]
- 只允許 1 個 idea；若沒有明確主題或立場/說服跡象，請不要更新。
- 更新前先檢查是否有類似的idea存在，如果有請更新那個idea，不要再建立一個新的idea。
- delta 必須是合法 JSON 數字（不可有 "+" 字首）。

=== 對話（較新在下） ===
Host: 哈囉大家好，我是聊天室的聊天機器人，我們要討論的是期末的Final Project，目標是打造一個軟體供使用者使用，請大家討論想做甚麼主題，像是網頁、遊戲等。
a: 我覺得我們可以先決定目標使用者，例如對學習有興趣的人，然後討論如何用網頁或遊戲滿足他們的需求。
b: 大家好，也許我們可以考慮做一個簡單的遊戲應用，這樣的項目既有趣又具挑戰性。你們有什麼想法呢？
(最新) b: 大家好，也許我們可以考慮做一個簡單的遊戲應用，這樣的項目既有趣又具挑戰性。你們有什麼想法呢？
=== 結束 ===

請輸出**純 JSON**：
以下為範例
{
  "should_update": true,
  "idea": "AI",
  "delta_by_user": {
    "Alice": 0.2,
    "Bob": -0.1
  },
  "reason": "為何需要/不需要更新"
}

RAW:
{
  "should_update": true,
  "idea": "game_app",
  "delta_by_user": {
    "a": 0.0,
    "b": 0.3
  },
  "reason": "b 提出了一個具體的想法，即做一個簡單的遊戲應用，並闡述了項目的有趣和挑戰性，因此需要更新該 idea。"
}
PARSED:
{
  "should_update": true,
  "idea": "game_app",
  "delta_by_user": {
    "a": 0,
    "b": 0.3
  },
  "reason": "b 提出了一個具體的想法，即做一個簡單的遊戲應用，並闡述了項目的有趣和挑戰性，因此需要更新該 idea。"
}

===== 2025-10-07T11:11:35.001Z =====
PROMPT:

你是小組互動觀察者。請先判斷這一輪是否需要更新（不是每句都有可更新的主題）。若需要，只允許輸出**一個**短詞 idea，並只針對該 idea 輸出每位成員的分數增量 delta（-1~+1，常見幅度 <= 0.3）。
規則：
- Host 發言只作為上下文參考，不可影響分數或新增想法。
- 成員鍵名只能用這些：["a","b"]
- 只允許 1 個 idea；若沒有明確主題或立場/說服跡象，請不要更新。
- 更新前先檢查是否有類似的idea存在，如果有請更新那個idea，不要再建立一個新的idea。
- delta 必須是合法 JSON 數字（不可有 "+" 字首）。

=== 對話（較新在下） ===
Host: 哈囉大家好，我是聊天室的聊天機器人，我們要討論的是期末的Final Project，目標是打造一個軟體供使用者使用，請大家討論想做甚麼主題，像是網頁、遊戲等。
a: 我覺得我們可以先決定目標使用者，例如對學習有興趣的人，然後討論如何用網頁或遊戲滿足他們的需求。
(最新) a: 我覺得我們可以先決定目標使用者，例如對學習有興趣的人，然後討論如何用網頁或遊戲滿足他們的需求。
=== 結束 ===

請輸出**純 JSON**：
以下為範例
{
  "should_update": true,
  "idea": "AI",
  "delta_by_user": {
    "Alice": 0.2,
    "Bob": -0.1
  },
  "reason": "為何需要/不需要更新"
}

RAW:
```json
{
  "should_update": true,
  "idea": "target users",
  "delta_by_user": {
    "a": 0.3,
    "b": 0
  },
  "reason": "A 的發言中出現了針對特定目標使用者（對學習有興趣的人）的想法，可以看作是新 idea 的提出。"
}
```
PARSED:
{
  "should_update": true,
  "idea": "target users",
  "delta_by_user": {
    "a": 0.3,
    "b": 0
  },
  "reason": "A 的發言中出現了針對特定目標使用者（對學習有興趣的人）的想法，可以看作是新 idea 的提出。"
}

===== 2025-10-07T11:11:48.504Z =====
PROMPT:

你是小組互動觀察者。請先判斷這一輪是否需要更新（不是每句都有可更新的主題）。若需要，只允許輸出**一個**短詞 idea，並只針對該 idea 輸出每位成員的分數增量 delta（-1~+1，常見幅度 <= 0.3）。
規則：
- Host 發言只作為上下文參考，不可影響分數或新增想法。
- 成員鍵名只能用這些：["a","b"]
- 只允許 1 個 idea；若沒有明確主題或立場/說服跡象，請不要更新。
- 更新前先檢查是否有類似的idea存在，如果有請更新那個idea，不要再建立一個新的idea。
- delta 必須是合法 JSON 數字（不可有 "+" 字首）。

=== 對話（較新在下） ===
Host: 哈囉大家好，我是聊天室的聊天機器人，我們要討論的是期末的Final Project，目標是打造一個軟體供使用者使用，請大家討論想做甚麼主題，像是網頁、遊戲等。
a: 我覺得我們可以先決定目標使用者，例如對學習有興趣的人，然後討論如何用網頁或遊戲滿足他們的需求。
b: 大家好，也許我們可以考慮做一個簡單的遊戲應用，這樣的項目既有趣又具挑戰性。你們有什麼想法呢？
Host: 大家可以開始討論並確定欲開發的軟體或應用程式主題，像是遊戲或網頁，這將有助於我們進一步進行項目規劃。
a: 我們是否可以考慮開發一個教育相關的應用程式？這類軟體不僅有市場需求，也可以帶來積極的社會影響。
(最新) a: 我們是否可以考慮開發一個教育相關的應用程式？這類軟體不僅有市場需求，也可以帶來積極的社會影響。
=== 結束 ===

請輸出**純 JSON**：
以下為範例
{
  "should_update": true,
  "idea": "AI",
  "delta_by_user": {
    "Alice": 0.2,
    "Bob": -0.1
  },
  "reason": "為何需要/不需要更新"
}

RAW:
```json
{
  "should_update": true,
  "idea": "教育應用程式",
  "delta_by_user": {
    "a": 0.3,
    "b": 0
  },
  "reason": "A 提出了一個具有明確市場需求和社會影響的教育應用程式主題，這是一個具體的立場。"
}
```
PARSED:
{
  "should_update": true,
  "idea": "教育應用程式",
  "delta_by_user": {
    "a": 0.3,
    "b": 0
  },
  "reason": "A 提出了一個具有明確市場需求和社會影響的教育應用程式主題，這是一個具體的立場。"
}

===== 2025-10-07T11:11:50.775Z =====
PROMPT:

你是小組互動觀察者。請先判斷這一輪是否需要更新（不是每句都有可更新的主題）。若需要，只允許輸出**一個**短詞 idea，並只針對該 idea 輸出每位成員的分數增量 delta（-1~+1，常見幅度 <= 0.3）。
規則：
- Host 發言只作為上下文參考，不可影響分數或新增想法。
- 成員鍵名只能用這些：["a","b"]
- 只允許 1 個 idea；若沒有明確主題或立場/說服跡象，請不要更新。
- 更新前先檢查是否有類似的idea存在，如果有請更新那個idea，不要再建立一個新的idea。
- delta 必須是合法 JSON 數字（不可有 "+" 字首）。

=== 對話（較新在下） ===
Host: 哈囉大家好，我是聊天室的聊天機器人，我們要討論的是期末的Final Project，目標是打造一個軟體供使用者使用，請大家討論想做甚麼主題，像是網頁、遊戲等。
a: 我覺得我們可以先決定目標使用者，例如對學習有興趣的人，然後討論如何用網頁或遊戲滿足他們的需求。
b: 大家好，也許我們可以考慮做一個簡單的遊戲應用，這樣的項目既有趣又具挑戰性。你們有什麼想法呢？
Host: 大家可以開始討論並確定欲開發的軟體或應用程式主題，像是遊戲或網頁，這將有助於我們進一步進行項目規劃。
a: 我們是否可以考慮開發一個教育相關的應用程式？這類軟體不僅有市場需求，也可以帶來積極的社會影響。
b: 我覺得我們可以考慮開發一個結合教育與娛樂的應用程式，比如一款可以幫助學習者提高語言學習積極性的遊戲。大家覺得怎麼樣？
(最新) b: 我覺得我們可以考慮開發一個結合教育與娛樂的應用程式，比如一款可以幫助學習者提高語言學習積極性的遊戲。大家覺得怎麼樣？
=== 結束 ===

請輸出**純 JSON**：
以下為範例
{
  "should_update": true,
  "idea": "AI",
  "delta_by_user": {
    "Alice": 0.2,
    "Bob": -0.1
  },
  "reason": "為何需要/不需要更新"
}

RAW:
```json
{
  "should_update": true,
  "idea": "教育遊戲",
  "delta_by_user": {
    "a": 0.3,
    "b": 0.3
  },
  "reason": "成員 a 和 b 都針對開發一個結合教育與娛樂的應用程式進行了正面回應，並開始共同探討具體應用場景，顯示他們正在聚焦於這個主題的討論。"
}
```
PARSED:
{
  "should_update": true,
  "idea": "教育遊戲",
  "delta_by_user": {
    "a": 0.3,
    "b": 0.3
  },
  "reason": "成員 a 和 b 都針對開發一個結合教育與娛樂的應用程式進行了正面回應，並開始共同探討具體應用場景，顯示他們正在聚焦於這個主題的討論。"
}

===== 2025-10-07T11:12:03.398Z =====
PROMPT:

你是小組互動觀察者。請先判斷這一輪是否需要更新（不是每句都有可更新的主題）。若需要，只允許輸出**一個**短詞 idea，並只針對該 idea 輸出每位成員的分數增量 delta（-1~+1，常見幅度 <= 0.3）。
規則：
- Host 發言只作為上下文參考，不可影響分數或新增想法。
- 成員鍵名只能用這些：["a","b"]
- 只允許 1 個 idea；若沒有明確主題或立場/說服跡象，請不要更新。
- 更新前先檢查是否有類似的idea存在，如果有請更新那個idea，不要再建立一個新的idea。
- delta 必須是合法 JSON 數字（不可有 "+" 字首）。

=== 對話（較新在下） ===
Host: 哈囉大家好，我是聊天室的聊天機器人，我們要討論的是期末的Final Project，目標是打造一個軟體供使用者使用，請大家討論想做甚麼主題，像是網頁、遊戲等。
a: 我覺得我們可以先決定目標使用者，例如對學習有興趣的人，然後討論如何用網頁或遊戲滿足他們的需求。
b: 大家好，也許我們可以考慮做一個簡單的遊戲應用，這樣的項目既有趣又具挑戰性。你們有什麼想法呢？
Host: 大家可以開始討論並確定欲開發的軟體或應用程式主題，像是遊戲或網頁，這將有助於我們進一步進行項目規劃。
a: 我們是否可以考慮開發一個教育相關的應用程式？這類軟體不僅有市場需求，也可以帶來積極的社會影響。
b: 我覺得我們可以考慮開發一個結合教育與娛樂的應用程式，比如一款可以幫助學習者提高語言學習積極性的遊戲。大家覺得怎麼樣？
a: 我覺得這個想法很不錯，我們或許可以在其中加入一些互動性的測驗和挑戰，讓用戶在享受娛樂的同時也能學到知識。這樣的應用應該會吸引很多年輕用戶。
b: 這個想法很有吸引力，可以進一步探討一下如何在遊戲中有效地融入教育內容。其他人有沒有具體的想法或想要加入的元素，可以一起討論。
(最新) b: 這個想法很有吸引力，可以進一步探討一下如何在遊戲中有效地融入教育內容。其他人有沒有具體的想法或想要加入的元素，可以一起討論。
=== 結束 ===

請輸出**純 JSON**：
以下為範例
{
  "should_update": true,
  "idea": "AI",
  "delta_by_user": {
    "Alice": 0.2,
    "Bob": -0.1
  },
  "reason": "為何需要/不需要更新"
}

RAW:
```json
{
  "should_update": true,
  "idea": "educational_game",
  "delta_by_user": {
    "a": 0.3,
    "b": 0.3
  },
  "reason": "雙方都進一步完善了將教育與遊戲結合的概念，並討論了具體的應用和目標用戶。"
}
```
PARSED:
{
  "should_update": true,
  "idea": "educational_game",
  "delta_by_user": {
    "a": 0.3,
    "b": 0.3
  },
  "reason": "雙方都進一步完善了將教育與遊戲結合的概念，並討論了具體的應用和目標用戶。"
}

===== 2025-10-07T11:12:03.938Z =====
PROMPT:

你是小組互動觀察者。請先判斷這一輪是否需要更新（不是每句都有可更新的主題）。若需要，只允許輸出**一個**短詞 idea，並只針對該 idea 輸出每位成員的分數增量 delta（-1~+1，常見幅度 <= 0.3）。
規則：
- Host 發言只作為上下文參考，不可影響分數或新增想法。
- 成員鍵名只能用這些：["a","b"]
- 只允許 1 個 idea；若沒有明確主題或立場/說服跡象，請不要更新。
- 更新前先檢查是否有類似的idea存在，如果有請更新那個idea，不要再建立一個新的idea。
- delta 必須是合法 JSON 數字（不可有 "+" 字首）。

=== 對話（較新在下） ===
Host: 哈囉大家好，我是聊天室的聊天機器人，我們要討論的是期末的Final Project，目標是打造一個軟體供使用者使用，請大家討論想做甚麼主題，像是網頁、遊戲等。
a: 我覺得我們可以先決定目標使用者，例如對學習有興趣的人，然後討論如何用網頁或遊戲滿足他們的需求。
b: 大家好，也許我們可以考慮做一個簡單的遊戲應用，這樣的項目既有趣又具挑戰性。你們有什麼想法呢？
Host: 大家可以開始討論並確定欲開發的軟體或應用程式主題，像是遊戲或網頁，這將有助於我們進一步進行項目規劃。
a: 我們是否可以考慮開發一個教育相關的應用程式？這類軟體不僅有市場需求，也可以帶來積極的社會影響。
b: 我覺得我們可以考慮開發一個結合教育與娛樂的應用程式，比如一款可以幫助學習者提高語言學習積極性的遊戲。大家覺得怎麼樣？
a: 我覺得這個想法很不錯，我們或許可以在其中加入一些互動性的測驗和挑戰，讓用戶在享受娛樂的同時也能學到知識。這樣的應用應該會吸引很多年輕用戶。
(最新) a: 我覺得這個想法很不錯，我們或許可以在其中加入一些互動性的測驗和挑戰，讓用戶在享受娛樂的同時也能學到知識。這樣的應用應該會吸引很多年輕用戶。
=== 結束 ===

請輸出**純 JSON**：
以下為範例
{
  "should_update": true,
  "idea": "AI",
  "delta_by_user": {
    "Alice": 0.2,
    "Bob": -0.1
  },
  "reason": "為何需要/不需要更新"
}

RAW:
{
  "should_update": true,
  "idea": "educational_game",
  "delta_by_user": {
    "a": 0.3,
    "b": 0.1
  },
  "reason": "討論逐漸集中於開發結合教育與娛樂的應用程式的想法，且 A 和 B 都對這一概念表達了贊同和進一步拓展的意見，應更新此想法並調整分數。"
}
PARSED:
{
  "should_update": true,
  "idea": "educational_game",
  "delta_by_user": {
    "a": 0.3,
    "b": 0.1
  },
  "reason": "討論逐漸集中於開發結合教育與娛樂的應用程式的想法，且 A 和 B 都對這一概念表達了贊同和進一步拓展的意見，應更新此想法並調整分數。"
}

===== 2025-10-07T11:14:19.682Z =====
PROMPT:

你是小組互動觀察者。請先判斷這一輪是否需要更新（不是每句都有可更新的主題）。若需要，只允許輸出**一個**短詞 idea，並只針對該 idea 輸出每位成員的分數增量 delta（-1~+1，常見幅度 <= 0.3）。
規則：
- Host 發言只作為上下文參考，不可影響分數或新增想法。
- 成員鍵名只能用這些：["a","b"]
- 只允許 1 個 idea；若沒有明確主題或立場/說服跡象，請不要更新。
- 更新前先檢查是否有類似的idea存在，如果有請更新那個idea，不要再建立一個新的idea。
- delta 必須是合法 JSON 數字（不可有 "+" 字首）。

=== 對話（較新在下） ===
Host: 哈囉大家好，我是聊天室的聊天機器人，我們要討論的是期末的Final Project，目標是打造一個軟體供使用者使用，請大家討論想做甚麼主題，像是網頁、遊戲等。
b: 我覺得我們可以考慮開發一個實用性強的工具類型網頁，像是可以幫助日常任務自動化的應用。不知道大家怎麼看？
(最新) b: 我覺得我們可以考慮開發一個實用性強的工具類型網頁，像是可以幫助日常任務自動化的應用。不知道大家怎麼看？
=== 結束 ===

請輸出**純 JSON**：
以下為範例
{
  "should_update": true,
  "idea": "AI",
  "delta_by_user": {
    "Alice": 0.2,
    "Bob": -0.1
  },
  "reason": "為何需要/不需要更新"
}

RAW:
{
  "should_update": true,
  "idea": "工具網頁",
  "delta_by_user": {
    "a": 0,
    "b": 0.3
  },
  "reason": "b 提出了具體的創新主題——工具類型網頁，並提到可以幫助日常任務自動化，具有實用性。"
}
PARSED:
{
  "should_update": true,
  "idea": "工具網頁",
  "delta_by_user": {
    "a": 0,
    "b": 0.3
  },
  "reason": "b 提出了具體的創新主題——工具類型網頁，並提到可以幫助日常任務自動化，具有實用性。"
}

===== 2025-10-07T11:14:33.503Z =====
PROMPT:

你是小組互動觀察者。請先判斷這一輪是否需要更新（不是每句都有可更新的主題）。若需要，只允許輸出**一個**短詞 idea，並只針對該 idea 輸出每位成員的分數增量 delta（-1~+1，常見幅度 <= 0.3）。
規則：
- Host 發言只作為上下文參考，不可影響分數或新增想法。
- 成員鍵名只能用這些：["a","b"]
- 只允許 1 個 idea；若沒有明確主題或立場/說服跡象，請不要更新。
- 更新前先檢查是否有類似的idea存在，如果有請更新那個idea，不要再建立一個新的idea。
- delta 必須是合法 JSON 數字（不可有 "+" 字首）。

=== 對話（較新在下） ===
Host: 哈囉大家好，我是聊天室的聊天機器人，我們要討論的是期末的Final Project，目標是打造一個軟體供使用者使用，請大家討論想做甚麼主題，像是網頁、遊戲等。
b: 我覺得我們可以考慮開發一個實用性強的工具類型網頁，像是可以幫助日常任務自動化的應用。不知道大家怎麼看？
Host: 大家好！我們需要討論並達成一致的共識，決定期末專案要開發什麼樣的主題。像是開發一個網頁或是遊戲等，請大家分享你們的想法吧！
b: 我覺得開發一個簡單的遊戲會很有趣，我們可以結合一些教育元素，讓它不僅好玩也能有學習價值。
(最新) b: 我覺得開發一個簡單的遊戲會很有趣，我們可以結合一些教育元素，讓它不僅好玩也能有學習價值。
=== 結束 ===

請輸出**純 JSON**：
以下為範例
{
  "should_update": true,
  "idea": "AI",
  "delta_by_user": {
    "Alice": 0.2,
    "Bob": -0.1
  },
  "reason": "為何需要/不需要更新"
}

RAW:
```json
{
  "should_update": true,
  "idea": "教育遊戲",
  "delta_by_user": {
    "a": 0,
    "b": 0.3
  },
  "reason": "成員 b 創造了關於開發結合教育元素的遊戲的想法，並多次強調其有趣且具教育價值，因此更新該想法並給予增量。"
}
```
PARSED:
{
  "should_update": true,
  "idea": "教育遊戲",
  "delta_by_user": {
    "a": 0,
    "b": 0.3
  },
  "reason": "成員 b 創造了關於開發結合教育元素的遊戲的想法，並多次強調其有趣且具教育價值，因此更新該想法並給予增量。"
}

===== 2025-10-07T11:14:34.023Z =====
PROMPT:

你是小組互動觀察者。請先判斷這一輪是否需要更新（不是每句都有可更新的主題）。若需要，只允許輸出**一個**短詞 idea，並只針對該 idea 輸出每位成員的分數增量 delta（-1~+1，常見幅度 <= 0.3）。
規則：
- Host 發言只作為上下文參考，不可影響分數或新增想法。
- 成員鍵名只能用這些：["a","b"]
- 只允許 1 個 idea；若沒有明確主題或立場/說服跡象，請不要更新。
- 更新前先檢查是否有類似的idea存在，如果有請更新那個idea，不要再建立一個新的idea。
- delta 必須是合法 JSON 數字（不可有 "+" 字首）。

=== 對話（較新在下） ===
Host: 哈囉大家好，我是聊天室的聊天機器人，我們要討論的是期末的Final Project，目標是打造一個軟體供使用者使用，請大家討論想做甚麼主題，像是網頁、遊戲等。
b: 我覺得我們可以考慮開發一個實用性強的工具類型網頁，像是可以幫助日常任務自動化的應用。不知道大家怎麼看？
Host: 大家好！我們需要討論並達成一致的共識，決定期末專案要開發什麼樣的主題。像是開發一個網頁或是遊戲等，請大家分享你們的想法吧！
b: 我覺得開發一個簡單的遊戲會很有趣，我們可以結合一些教育元素，讓它不僅好玩也能有學習價值。
a: 我覺得開發一個互動性較強的應用程式可能很有趣，比如一個小型遊戲或者是能夠提供即時反饋的學習工具。
(最新) a: 我覺得開發一個互動性較強的應用程式可能很有趣，比如一個小型遊戲或者是能夠提供即時反饋的學習工具。
=== 結束 ===

請輸出**純 JSON**：
以下為範例
{
  "should_update": true,
  "idea": "AI",
  "delta_by_user": {
    "Alice": 0.2,
    "Bob": -0.1
  },
  "reason": "為何需要/不需要更新"
}

RAW:
```json
{
  "should_update": true,
  "idea": "interactive application",
  "delta_by_user": {
    "a": 0.2,
    "b": 0.1
  },
  "reason": "a 和 b 都提到開發互動性強的應用程式或遊戲，這是目前看起來較具共識的方向。"
}
```
PARSED:
{
  "should_update": true,
  "idea": "interactive application",
  "delta_by_user": {
    "a": 0.2,
    "b": 0.1
  },
  "reason": "a 和 b 都提到開發互動性強的應用程式或遊戲，這是目前看起來較具共識的方向。"
}

===== 2025-10-07T11:14:48.662Z =====
PROMPT:

你是小組互動觀察者。請先判斷這一輪是否需要更新（不是每句都有可更新的主題）。若需要，只允許輸出**一個**短詞 idea，並只針對該 idea 輸出每位成員的分數增量 delta（-1~+1，常見幅度 <= 0.3）。
規則：
- Host 發言只作為上下文參考，不可影響分數或新增想法。
- 成員鍵名只能用這些：["a","b"]
- 只允許 1 個 idea；若沒有明確主題或立場/說服跡象，請不要更新。
- 更新前先檢查是否有類似的idea存在，如果有請更新那個idea，不要再建立一個新的idea。
- delta 必須是合法 JSON 數字（不可有 "+" 字首）。

=== 對話（較新在下） ===
Host: 哈囉大家好，我是聊天室的聊天機器人，我們要討論的是期末的Final Project，目標是打造一個軟體供使用者使用，請大家討論想做甚麼主題，像是網頁、遊戲等。
b: 我覺得我們可以考慮開發一個實用性強的工具類型網頁，像是可以幫助日常任務自動化的應用。不知道大家怎麼看？
Host: 大家好！我們需要討論並達成一致的共識，決定期末專案要開發什麼樣的主題。像是開發一個網頁或是遊戲等，請大家分享你們的想法吧！
b: 我覺得開發一個簡單的遊戲會很有趣，我們可以結合一些教育元素，讓它不僅好玩也能有學習價值。
a: 我覺得開發一個互動性較強的應用程式可能很有趣，比如一個小型遊戲或者是能夠提供即時反饋的學習工具。
b: 我覺得我們可以結合兩者的想法，開發一個帶有教育元素的互動遊戲。這樣既能保持遊戲的趣味性，也能增強學習效果。
(最新) b: 我覺得我們可以結合兩者的想法，開發一個帶有教育元素的互動遊戲。這樣既能保持遊戲的趣味性，也能增強學習效果。
=== 結束 ===

請輸出**純 JSON**：
以下為範例
{
  "should_update": true,
  "idea": "AI",
  "delta_by_user": {
    "Alice": 0.2,
    "Bob": -0.1
  },
  "reason": "為何需要/不需要更新"
}

RAW:
```json
{
  "should_update": true,
  "idea": "interactive educational game",
  "delta_by_user": {
    "a": 0.1,
    "b": 0.3
  },
  "reason": "b 將 a 的提議結合到他的想法，推動了團隊的方向決定，雙方對於開發有共識。"
}
```
PARSED:
{
  "should_update": true,
  "idea": "interactive educational game",
  "delta_by_user": {
    "a": 0.1,
    "b": 0.3
  },
  "reason": "b 將 a 的提議結合到他的想法，推動了團隊的方向決定，雙方對於開發有共識。"
}

===== 2025-10-07T11:14:50.208Z =====
PROMPT:

你是小組互動觀察者。請先判斷這一輪是否需要更新（不是每句都有可更新的主題）。若需要，只允許輸出**一個**短詞 idea，並只針對該 idea 輸出每位成員的分數增量 delta（-1~+1，常見幅度 <= 0.3）。
規則：
- Host 發言只作為上下文參考，不可影響分數或新增想法。
- 成員鍵名只能用這些：["a","b"]
- 只允許 1 個 idea；若沒有明確主題或立場/說服跡象，請不要更新。
- 更新前先檢查是否有類似的idea存在，如果有請更新那個idea，不要再建立一個新的idea。
- delta 必須是合法 JSON 數字（不可有 "+" 字首）。

=== 對話（較新在下） ===
Host: 哈囉大家好，我是聊天室的聊天機器人，我們要討論的是期末的Final Project，目標是打造一個軟體供使用者使用，請大家討論想做甚麼主題，像是網頁、遊戲等。
b: 我覺得我們可以考慮開發一個實用性強的工具類型網頁，像是可以幫助日常任務自動化的應用。不知道大家怎麼看？
Host: 大家好！我們需要討論並達成一致的共識，決定期末專案要開發什麼樣的主題。像是開發一個網頁或是遊戲等，請大家分享你們的想法吧！
b: 我覺得開發一個簡單的遊戲會很有趣，我們可以結合一些教育元素，讓它不僅好玩也能有學習價值。
a: 我覺得開發一個互動性較強的應用程式可能很有趣，比如一個小型遊戲或者是能夠提供即時反饋的學習工具。
b: 我覺得我們可以結合兩者的想法，開發一個帶有教育元素的互動遊戲。這樣既能保持遊戲的趣味性，也能增強學習效果。
a: 教育元素的結合確實是個不錯的想法。我們可以討論一下策略遊戲或者益智類遊戲，它們既能帶來娛樂也能激發思考。大家覺得這樣的方向怎麼樣？
(最新) a: 教育元素的結合確實是個不錯的想法。我們可以討論一下策略遊戲或者益智類遊戲，它們既能帶來娛樂也能激發思考。大家覺得這樣的方向怎麼樣？
=== 結束 ===

請輸出**純 JSON**：
以下為範例
{
  "should_update": true,
  "idea": "AI",
  "delta_by_user": {
    "Alice": 0.2,
    "Bob": -0.1
  },
  "reason": "為何需要/不需要更新"
}

RAW:
```json
{
  "should_update": true,
  "idea": "educational_game",
  "delta_by_user": {
    "a": 0.3,
    "b": 0.2
  },
  "reason": "成員 a 和 b 都在討論和推進結合教育元素的互動遊戲的想法，並且持續展開具體方向的討論。"
}
```
PARSED:
{
  "should_update": true,
  "idea": "educational_game",
  "delta_by_user": {
    "a": 0.3,
    "b": 0.2
  },
  "reason": "成員 a 和 b 都在討論和推進結合教育元素的互動遊戲的想法，並且持續展開具體方向的討論。"
}

===== 2025-10-07T11:32:31.380Z =====
PROMPT:

你是小組互動觀察者。請先判斷這一輪是否需要更新（不是每句都有可更新的主題）。若需要，只允許輸出**一個**短詞 idea，並只針對該 idea 輸出每位成員的分數增量 delta（-1~+1，常見幅度 <= 0.3）。
規則：
- Host 發言只作為上下文參考，不可影響分數或新增想法。
- 成員鍵名只能用這些：["a","b"]
- 只允許 1 個 idea；若沒有明確主題或立場/說服跡象，請不要更新。
- idea請主要以繁體中文表達
- 更新前先檢查是否有類似的idea存在，如果有請更新那個idea，不要再建立一個新的idea。
- delta 必須是合法 JSON 數字（不可有 "+" 字首）。

=== 對話（較新在下） ===
Host: 哈囉大家好，我是聊天室的聊天機器人，我們要討論的是期末的Final Project，目標是打造一個軟體供使用者使用，請大家討論想做甚麼主題，像是網頁、遊戲等。
b: 我們可以考慮設計一個可以幫助學生學習的教育類應用程式，比如提供互動式練習或模擬測驗，不知道大家怎麼看？
(最新) b: 我們可以考慮設計一個可以幫助學生學習的教育類應用程式，比如提供互動式練習或模擬測驗，不知道大家怎麼看？
=== 結束 ===

請輸出**純 JSON**：
以下為範例
{
  "should_update": true,
  "repeat": false,
  "idea": "AI",
  "delta_by_user": {
    "Alice": 0.2,
    "Bob": -0.1
  },
  "reason": "為何需要/不需要更新/是否重複理由"
}

RAW:
{
  "should_update": false,
  "repeat": false,
  "reason": "只有一位成員發表意見，沒有明確的立場或說服跡象，不需要更新。"
}
PARSED:
{
  "should_update": false,
  "repeat": false,
  "reason": "只有一位成員發表意見，沒有明確的立場或說服跡象，不需要更新。"
}

===== 2025-10-07T11:32:32.003Z =====
PROMPT:

你是小組互動觀察者。請先判斷這一輪是否需要更新（不是每句都有可更新的主題）。若需要，只允許輸出**一個**短詞 idea，並只針對該 idea 輸出每位成員的分數增量 delta（-1~+1，常見幅度 <= 0.3）。
規則：
- Host 發言只作為上下文參考，不可影響分數或新增想法。
- 成員鍵名只能用這些：["a","b"]
- 只允許 1 個 idea；若沒有明確主題或立場/說服跡象，請不要更新。
- idea請主要以繁體中文表達
- 更新前先檢查是否有類似的idea存在，如果有請更新那個idea，不要再建立一個新的idea。
- delta 必須是合法 JSON 數字（不可有 "+" 字首）。

=== 對話（較新在下） ===
Host: 哈囉大家好，我是聊天室的聊天機器人，我們要討論的是期末的Final Project，目標是打造一個軟體供使用者使用，請大家討論想做甚麼主題，像是網頁、遊戲等。
b: 我們可以考慮設計一個可以幫助學生學習的教育類應用程式，比如提供互動式練習或模擬測驗，不知道大家怎麼看？
a: 我認為可以考慮開發一個輕量級的移動應用，可能結合日常工具的功能，這樣使用者可以實際體驗到它的便利。
(最新) a: 我認為可以考慮開發一個輕量級的移動應用，可能結合日常工具的功能，這樣使用者可以實際體驗到它的便利。
=== 結束 ===

請輸出**純 JSON**：
以下為範例
{
  "should_update": true,
  "repeat": false,
  "idea": "AI",
  "delta_by_user": {
    "Alice": 0.2,
    "Bob": -0.1
  },
  "reason": "為何需要/不需要更新/是否重複理由"
}

RAW:
```json
{
  "should_update": false,
  "repeat": false,
  "reason": "目前成員的發言中沒有明確的立場對立或說服跡象，因此不需要更新。"
}
```
PARSED:
{
  "should_update": false,
  "repeat": false,
  "reason": "目前成員的發言中沒有明確的立場對立或說服跡象，因此不需要更新。"
}

===== 2025-10-07T11:35:50.786Z =====
PROMPT:

你是小組互動觀察者。請先判斷這一輪是否需要更新（不是每句都有可更新的主題）。若需要，只允許輸出**一個**短詞 idea，並只針對該 idea 輸出每位成員的分數增量 delta（-1~+1，常見幅度 <= 0.3）。
規則：
- Host 發言只作為上下文參考，不可影響分數或新增想法。
- 成員鍵名只能用這些：["a","b"]
- 只允許 1 個 idea；若沒有明確主題或立場/說服跡象，請不要更新。
- idea請主要以繁體中文表達
- 更新前先檢查是否有類似的idea存在，如果有請更新那個idea，不要再建立一個新的idea。
- delta 必須是合法 JSON 數字（不可有 "+" 字首）。

=== 對話（較新在下） ===
Host: 哈囉大家好，我是聊天室的聊天機器人，我們要討論的是期末的Final Project，目標是打造一個軟體供使用者使用，請大家討論想做甚麼主題，像是網頁、遊戲等。
Host: 那麼，我們需要開始討論並決定一個開發的專案主題，比如選擇開發一個遊戲或是網頁應用程式。大家可以分享一下自己的想法嗎？
Host: 目前還沒有人分享想法，有誰想先談談對於開發專案的主題有什麼想法嗎？比如說你們想開發遊戲還是網頁應用程式？
a: 我覺得可以考慮開發一個小型的網頁應用程式，這樣更能容易掌握並快速測試，不知道其他人怎麼想？
b: 我覺得可以考慮開發一個創新的小型遊戲，這樣可以結合趣味性和技術性，同時也能吸引較廣的用戶群體。
(最新) b: 我覺得可以考慮開發一個創新的小型遊戲，這樣可以結合趣味性和技術性，同時也能吸引較廣的用戶群體。
=== 結束 ===

請輸出**純 JSON**：
以下為範例
{
  "should_update": true,
  "repeat": false,
  "idea": "AI",
  "delta_by_user": {
    "Alice": 0.2,
    "Bob": -0.1
  },
  "reason": "為何需要/不需要更新/是否重複理由"
}

RAW:
```json
{
  "should_update": true,
  "repeat": false,
  "idea": "開發小型遊戲",
  "delta_by_user": {
    "a": -0.1,
    "b": 0.2
  },
  "reason": "因為成員 b 明確提出開發小型遊戲的想法，並對其背後的理由進行了說明，是一個具體的主題進展。"
}
```
PARSED:
{
  "should_update": true,
  "repeat": false,
  "idea": "開發小型遊戲",
  "delta_by_user": {
    "a": -0.1,
    "b": 0.2
  },
  "reason": "因為成員 b 明確提出開發小型遊戲的想法，並對其背後的理由進行了說明，是一個具體的主題進展。"
}

===== 2025-10-07T11:35:51.064Z =====
PROMPT:

你是小組互動觀察者。請先判斷這一輪是否需要更新（不是每句都有可更新的主題）。若需要，只允許輸出**一個**短詞 idea，並只針對該 idea 輸出每位成員的分數增量 delta（-1~+1，常見幅度 <= 0.3）。
規則：
- Host 發言只作為上下文參考，不可影響分數或新增想法。
- 成員鍵名只能用這些：["a","b"]
- 只允許 1 個 idea；若沒有明確主題或立場/說服跡象，請不要更新。
- idea請主要以繁體中文表達
- 更新前先檢查是否有類似的idea存在，如果有請更新那個idea，不要再建立一個新的idea。
- delta 必須是合法 JSON 數字（不可有 "+" 字首）。

=== 對話（較新在下） ===
Host: 哈囉大家好，我是聊天室的聊天機器人，我們要討論的是期末的Final Project，目標是打造一個軟體供使用者使用，請大家討論想做甚麼主題，像是網頁、遊戲等。
Host: 那麼，我們需要開始討論並決定一個開發的專案主題，比如選擇開發一個遊戲或是網頁應用程式。大家可以分享一下自己的想法嗎？
Host: 目前還沒有人分享想法，有誰想先談談對於開發專案的主題有什麼想法嗎？比如說你們想開發遊戲還是網頁應用程式？
a: 我覺得可以考慮開發一個小型的網頁應用程式，這樣更能容易掌握並快速測試，不知道其他人怎麼想？
(最新) a: 我覺得可以考慮開發一個小型的網頁應用程式，這樣更能容易掌握並快速測試，不知道其他人怎麼想？
=== 結束 ===

請輸出**純 JSON**：
以下為範例
{
  "should_update": true,
  "repeat": false,
  "idea": "AI",
  "delta_by_user": {
    "Alice": 0.2,
    "Bob": -0.1
  },
  "reason": "為何需要/不需要更新/是否重複理由"
}

RAW:
```json
{
  "should_update": true,
  "repeat": false,
  "idea": "網頁應用程式",
  "delta_by_user": {
    "a": 0.3,
    "b": 0
  },
  "reason": "成員 a 提出具體想法，建議開發小型網頁應用程式，目前未有其他具體意見。"
}
```
PARSED:
{
  "should_update": true,
  "repeat": false,
  "idea": "網頁應用程式",
  "delta_by_user": {
    "a": 0.3,
    "b": 0
  },
  "reason": "成員 a 提出具體想法，建議開發小型網頁應用程式，目前未有其他具體意見。"
}

===== 2025-10-07T11:36:04.429Z =====
PROMPT:

你是小組互動觀察者。請先判斷這一輪是否需要更新（不是每句都有可更新的主題）。若需要，只允許輸出**一個**短詞 idea，並只針對該 idea 輸出每位成員的分數增量 delta（-1~+1，常見幅度 <= 0.3）。
規則：
- Host 發言只作為上下文參考，不可影響分數或新增想法。
- 成員鍵名只能用這些：["a","b"]
- 只允許 1 個 idea；若沒有明確主題或立場/說服跡象，請不要更新。
- idea請主要以繁體中文表達
- 更新前先檢查是否有類似的idea存在，如果有請更新那個idea，不要再建立一個新的idea。
- delta 必須是合法 JSON 數字（不可有 "+" 字首）。

=== 對話（較新在下） ===
Host: 哈囉大家好，我是聊天室的聊天機器人，我們要討論的是期末的Final Project，目標是打造一個軟體供使用者使用，請大家討論想做甚麼主題，像是網頁、遊戲等。
Host: 那麼，我們需要開始討論並決定一個開發的專案主題，比如選擇開發一個遊戲或是網頁應用程式。大家可以分享一下自己的想法嗎？
Host: 目前還沒有人分享想法，有誰想先談談對於開發專案的主題有什麼想法嗎？比如說你們想開發遊戲還是網頁應用程式？
a: 我覺得可以考慮開發一個小型的網頁應用程式，這樣更能容易掌握並快速測試，不知道其他人怎麼想？
b: 我覺得可以考慮開發一個創新的小型遊戲，這樣可以結合趣味性和技術性，同時也能吸引較廣的用戶群體。
a: 我覺得 b 的想法也不錯，開發一個小型遊戲的確可以讓我們有更多創意的發揮空間。不過我們可以衡量一下開發遊戲和網頁應用程式各自的利弊，看看哪個更適合目前的資源和時間。
(最新) a: 我覺得 b 的想法也不錯，開發一個小型遊戲的確可以讓我們有更多創意的發揮空間。不過我們可以衡量一下開發遊戲和網頁應用程式各自的利弊，看看哪個更適合目前的資源和時間。
=== 結束 ===

請輸出**純 JSON**：
以下為範例
{
  "should_update": true,
  "repeat": false,
  "idea": "AI",
  "delta_by_user": {
    "Alice": 0.2,
    "Bob": -0.1
  },
  "reason": "為何需要/不需要更新/是否重複理由"
}

RAW:
```json
{
  "should_update": false,
  "repeat": false,
  "reason": "目前對話中有討論兩種想法—開發小型遊戲和開發網頁應用程式，但沒有明確立場或說服跡象，所以不需要更新。"
}
```
PARSED:
{
  "should_update": false,
  "repeat": false,
  "reason": "目前對話中有討論兩種想法—開發小型遊戲和開發網頁應用程式，但沒有明確立場或說服跡象，所以不需要更新。"
}

===== 2025-10-07T11:36:06.714Z =====
PROMPT:

你是小組互動觀察者。請先判斷這一輪是否需要更新（不是每句都有可更新的主題）。若需要，只允許輸出**一個**短詞 idea，並只針對該 idea 輸出每位成員的分數增量 delta（-1~+1，常見幅度 <= 0.3）。
規則：
- Host 發言只作為上下文參考，不可影響分數或新增想法。
- 成員鍵名只能用這些：["a","b"]
- 只允許 1 個 idea；若沒有明確主題或立場/說服跡象，請不要更新。
- idea請主要以繁體中文表達
- 更新前先檢查是否有類似的idea存在，如果有請更新那個idea，不要再建立一個新的idea。
- delta 必須是合法 JSON 數字（不可有 "+" 字首）。

=== 對話（較新在下） ===
Host: 哈囉大家好，我是聊天室的聊天機器人，我們要討論的是期末的Final Project，目標是打造一個軟體供使用者使用，請大家討論想做甚麼主題，像是網頁、遊戲等。
Host: 那麼，我們需要開始討論並決定一個開發的專案主題，比如選擇開發一個遊戲或是網頁應用程式。大家可以分享一下自己的想法嗎？
Host: 目前還沒有人分享想法，有誰想先談談對於開發專案的主題有什麼想法嗎？比如說你們想開發遊戲還是網頁應用程式？
a: 我覺得可以考慮開發一個小型的網頁應用程式，這樣更能容易掌握並快速測試，不知道其他人怎麼想？
b: 我覺得可以考慮開發一個創新的小型遊戲，這樣可以結合趣味性和技術性，同時也能吸引較廣的用戶群體。
a: 我覺得 b 的想法也不錯，開發一個小型遊戲的確可以讓我們有更多創意的發揮空間。不過我們可以衡量一下開發遊戲和網頁應用程式各自的利弊，看看哪個更適合目前的資源和時間。
b: 我覺得這兩個想法都不錯，也許我們可以考慮做一個結合兩者的專案，比如說一個教育性的小遊戲應用，可以在線上學習的同時，還能產生一些競技性或者是趣味性。這樣可能結合了大家的優勢和興趣。
(最新) b: 我覺得這兩個想法都不錯，也許我們可以考慮做一個結合兩者的專案，比如說一個教育性的小遊戲應用，可以在線上學習的同時，還能產生一些競技性或者是趣味性。這樣可能結合了大家的優勢和興趣。
=== 結束 ===

請輸出**純 JSON**：
以下為範例
{
  "should_update": true,
  "repeat": false,
  "idea": "AI",
  "delta_by_user": {
    "Alice": 0.2,
    "Bob": -0.1
  },
  "reason": "為何需要/不需要更新/是否重複理由"
}

RAW:
{
  "should_update": true,
  "repeat": false,
  "idea": "教育性小遊戲",
  "delta_by_user": {
    "a": 0.2,
    "b": 0.2
  },
  "reason": "兩位成員的意見逐漸合流，且 b 的建議結合了雙方的想法，推動團隊朝向一個結合的專案主題。"
}
PARSED:
{
  "should_update": true,
  "repeat": false,
  "idea": "教育性小遊戲",
  "delta_by_user": {
    "a": 0.2,
    "b": 0.2
  },
  "reason": "兩位成員的意見逐漸合流，且 b 的建議結合了雙方的想法，推動團隊朝向一個結合的專案主題。"
}

===== 2025-10-07T13:08:04.127Z =====
PROMPT:

你是小組互動觀察者。請先判斷這一輪是否需要更新（不是每句都有可更新的主題）。若需要，只允許輸出**一個**短詞 idea，並只針對該 idea 輸出每位成員的分數增量 delta（-1~+1，常見幅度 <= 0.3）。
規則：
- Host 發言只作為上下文參考，不可影響分數或新增想法。
- 成員鍵名只能用這些：["a","b"]
- 只允許 1 個 idea；若沒有明確主題或立場/說服跡象，請不要更新。
- idea請主要以繁體中文表達
- 更新前先檢查是否有類似的idea存在，如果有請更新那個idea，不要再建立一個新的idea。
- delta 必須是合法 JSON 數字（不可有 "+" 字首）。

=== 對話（較新在下） ===
a: 我認為教育性小遊戲是一個很有潛力的想法，它可以讓學習變得更有趣。我們可以討論一下如何將它與網頁應用程式結合，使得平台更加互動和吸引人。
(最新) a: 我認為教育性小遊戲是一個很有潛力的想法，它可以讓學習變得更有趣。我們可以討論一下如何將它與網頁應用程式結合，使得平台更加互動和吸引人。
=== 結束 ===

請輸出**純 JSON**：
以下為範例
{
  "should_update": true,
  "repeat": false,
  "idea": "AI",
  "delta_by_user": {
    "Alice": 0.2,
    "Bob": -0.1
  },
  "reason": "為何需要/不需要更新/是否重複理由"
}

RAW:
{
  "should_update": true,
  "repeat": true,
  "idea": "教育性小遊戲",
  "delta_by_user": {
    "a": 0.2,
    "b": 0
  },
  "reason": "最新發言重複了之前的 idea，在這個主題上 a 表達了明確的立場和增加了細節，持續支持該想法。"
}
PARSED:
{
  "should_update": true,
  "repeat": true,
  "idea": "教育性小遊戲",
  "delta_by_user": {
    "a": 0.2,
    "b": 0
  },
  "reason": "最新發言重複了之前的 idea，在這個主題上 a 表達了明確的立場和增加了細節，持續支持該想法。"
}

===== 2025-10-07T13:08:14.715Z =====
PROMPT:

你是小組互動觀察者。請先判斷這一輪是否需要更新（不是每句都有可更新的主題）。若需要，只允許輸出**一個**短詞 idea，並只針對該 idea 輸出每位成員的分數增量 delta（-1~+1，常見幅度 <= 0.3）。
規則：
- Host 發言只作為上下文參考，不可影響分數或新增想法。
- 成員鍵名只能用這些：["a","b"]
- 只允許 1 個 idea；若沒有明確主題或立場/說服跡象，請不要更新。
- idea請主要以繁體中文表達
- 更新前先檢查是否有類似的idea存在，如果有請更新那個idea，不要再建立一個新的idea。
- delta 必須是合法 JSON 數字（不可有 "+" 字首）。

=== 對話（較新在下） ===
a: 我認為教育性小遊戲是一個很有潛力的想法，它可以讓學習變得更有趣。我們可以討論一下如何將它與網頁應用程式結合，使得平台更加互動和吸引人。
Host: 哈囉大家好，我是聊天室的聊天機器人，我們要討論的是期末的Final Project，目標是打造一個軟體供使用者使用，請大家討論想做甚麼主題，像是網頁、遊戲等。
a: 我同意這個想法。我們可以設計一系列有趣的關卡，其中每個關卡都結合一個教育主題，然後在網頁應用程式上提供積分或獎勵機制，以激勵使用者繼續學習。
(最新) a: 我同意這個想法。我們可以設計一系列有趣的關卡，其中每個關卡都結合一個教育主題，然後在網頁應用程式上提供積分或獎勵機制，以激勵使用者繼續學習。
=== 結束 ===

請輸出**純 JSON**：
以下為範例
{
  "should_update": true,
  "repeat": false,
  "idea": "AI",
  "delta_by_user": {
    "Alice": 0.2,
    "Bob": -0.1
  },
  "reason": "為何需要/不需要更新/是否重複理由"
}

RAW:
```json
{
  "should_update": false,
  "repeat": false,
  "idea": "",
  "delta_by_user": {},
  "reason": "目前還沒有新加入的意見或不同的立場，不需要更新。"
}
```
PARSED:
{
  "should_update": false,
  "repeat": false,
  "idea": "",
  "delta_by_user": {},
  "reason": "目前還沒有新加入的意見或不同的立場，不需要更新。"
}

===== 2025-10-07T13:08:17.422Z =====
PROMPT:

你是小組互動觀察者。請先判斷這一輪是否需要更新（不是每句都有可更新的主題）。若需要，只允許輸出**一個**短詞 idea，並只針對該 idea 輸出每位成員的分數增量 delta（-1~+1，常見幅度 <= 0.3）。
規則：
- Host 發言只作為上下文參考，不可影響分數或新增想法。
- 成員鍵名只能用這些：["a","b"]
- 只允許 1 個 idea；若沒有明確主題或立場/說服跡象，請不要更新。
- idea請主要以繁體中文表達
- 更新前先檢查是否有類似的idea存在，如果有請更新那個idea，不要再建立一個新的idea。
- delta 必須是合法 JSON 數字（不可有 "+" 字首）。

=== 對話（較新在下） ===
a: 我認為教育性小遊戲是一個很有潛力的想法，它可以讓學習變得更有趣。我們可以討論一下如何將它與網頁應用程式結合，使得平台更加互動和吸引人。
Host: 哈囉大家好，我是聊天室的聊天機器人，我們要討論的是期末的Final Project，目標是打造一個軟體供使用者使用，請大家討論想做甚麼主題，像是網頁、遊戲等。
a: 我同意這個想法。我們可以設計一系列有趣的關卡，其中每個關卡都結合一個教育主題，然後在網頁應用程式上提供積分或獎勵機制，以激勵使用者繼續學習。
b: 我也認為教育性小遊戲和網頁應用程式的結合是很好的主意。也許我們可以考慮設計一些簡單的遊戲元素來啟發學習者，比如用小挑戰的形式來強化學習內容。這樣即使只是在網頁上學習，也能感受到互動的樂趣。
(最新) b: 我也認為教育性小遊戲和網頁應用程式的結合是很好的主意。也許我們可以考慮設計一些簡單的遊戲元素來啟發學習者，比如用小挑戰的形式來強化學習內容。這樣即使只是在網頁上學習，也能感受到互動的樂趣。
=== 結束 ===

請輸出**純 JSON**：
以下為範例
{
  "should_update": true,
  "repeat": false,
  "idea": "AI",
  "delta_by_user": {
    "Alice": 0.2,
    "Bob": -0.1
  },
  "reason": "為何需要/不需要更新/是否重複理由"
}

RAW:
```json
{
  "should_update": true,
  "repeat": false,
  "idea": "教育性小遊戲與網頁結合",
  "delta_by_user": {
    "a": 0.3,
    "b": 0.3
  },
  "reason": "成員對於教育性小遊戲與網頁應用程式結合的想法達成共識，並提出具體討論與設計方向。"
}
```
PARSED:
{
  "should_update": true,
  "repeat": false,
  "idea": "教育性小遊戲與網頁結合",
  "delta_by_user": {
    "a": 0.3,
    "b": 0.3
  },
  "reason": "成員對於教育性小遊戲與網頁應用程式結合的想法達成共識，並提出具體討論與設計方向。"
}

===== 2025-10-07T13:32:21.002Z =====
PROMPT:

你是小組互動觀察者。請先判斷這一輪是否需要更新（不是每句都有可更新的主題）。若需要，只允許輸出**一個**短詞 idea，並只針對該 idea 輸出每位成員的分數增量 delta（-1~+1，常見幅度 <= 0.3）。
規則：
- Host 發言只作為上下文參考，不可影響分數或新增想法。
- 成員鍵名只能用這些：["a","b"]
- 只允許 1 個 idea；若沒有明確主題或立場/說服跡象，請不要更新。
- idea請主要以繁體中文表達
- 更新前先檢查是否有類似的idea存在，如果有請更新那個idea，不要再建立一個新的idea。
- delta 必須是合法 JSON 數字（不可有 "+" 字首）。

=== 對話（較新在下） ===
a: 我認為教育性小遊戲是一個很有潛力的想法，它可以讓學習變得更有趣。我們可以討論一下如何將它與網頁應用程式結合，使得平台更加互動和吸引人。
Host: 哈囉大家好，我是聊天室的聊天機器人，我們要討論的是期末的Final Project，目標是打造一個軟體供使用者使用，請大家討論想做甚麼主題，像是網頁、遊戲等。
a: 我同意這個想法。我們可以設計一系列有趣的關卡，其中每個關卡都結合一個教育主題，然後在網頁應用程式上提供積分或獎勵機制，以激勵使用者繼續學習。
b: 我也認為教育性小遊戲和網頁應用程式的結合是很好的主意。也許我們可以考慮設計一些簡單的遊戲元素來啟發學習者，比如用小挑戰的形式來強化學習內容。這樣即使只是在網頁上學習，也能感受到互動的樂趣。
Host: 讓我們開始討論專案主題選擇，您們的想法是什麼呢？例如，您們可以考慮將教育性小遊戲與網頁應用程式結合。
a: 我覺得將教育性小遊戲與網頁應用程式結合是一個不錯的方向，我們可以先討論如何把這兩者的優勢結合起來，從而提高互動性和吸引力。
(最新) a: 我覺得將教育性小遊戲與網頁應用程式結合是一個不錯的方向，我們可以先討論如何把這兩者的優勢結合起來，從而提高互動性和吸引力。
=== 結束 ===

請輸出**純 JSON**：
以下為範例
{
  "should_update": true,
  "repeat": false,
  "idea": "AI",
  "delta_by_user": {
    "Alice": 0.2,
    "Bob": -0.1
  },
  "reason": "為何需要/不需要更新/是否重複理由"
}

RAW:
```json
{
  "should_update": true,
  "repeat": false,
  "idea": "教育性小遊戲與網頁應用程式結合",
  "delta_by_user": {
    "a": 0.3,
    "b": 0.2
  },
  "reason": "成員們都強調了將教育性小遊戲與網頁應用程式結合的潛力，並討論了相關想法，顯示出有明確的主題和立場。"
}
```
PARSED:
{
  "should_update": true,
  "repeat": false,
  "idea": "教育性小遊戲與網頁應用程式結合",
  "delta_by_user": {
    "a": 0.3,
    "b": 0.2
  },
  "reason": "成員們都強調了將教育性小遊戲與網頁應用程式結合的潛力，並討論了相關想法，顯示出有明確的主題和立場。"
}

===== 2025-10-07T13:32:21.951Z =====
PROMPT:

你是小組互動觀察者。請先判斷這一輪是否需要更新（不是每句都有可更新的主題）。若需要，只允許輸出**一個**短詞 idea，並只針對該 idea 輸出每位成員的分數增量 delta（-1~+1，常見幅度 <= 0.3）。
規則：
- Host 發言只作為上下文參考，不可影響分數或新增想法。
- 成員鍵名只能用這些：["a","b"]
- 只允許 1 個 idea；若沒有明確主題或立場/說服跡象，請不要更新。
- idea請主要以繁體中文表達
- 更新前先檢查是否有類似的idea存在，如果有請更新那個idea，不要再建立一個新的idea。
- delta 必須是合法 JSON 數字（不可有 "+" 字首）。

=== 對話（較新在下） ===
a: 我認為教育性小遊戲是一個很有潛力的想法，它可以讓學習變得更有趣。我們可以討論一下如何將它與網頁應用程式結合，使得平台更加互動和吸引人。
Host: 哈囉大家好，我是聊天室的聊天機器人，我們要討論的是期末的Final Project，目標是打造一個軟體供使用者使用，請大家討論想做甚麼主題，像是網頁、遊戲等。
a: 我同意這個想法。我們可以設計一系列有趣的關卡，其中每個關卡都結合一個教育主題，然後在網頁應用程式上提供積分或獎勵機制，以激勵使用者繼續學習。
b: 我也認為教育性小遊戲和網頁應用程式的結合是很好的主意。也許我們可以考慮設計一些簡單的遊戲元素來啟發學習者，比如用小挑戰的形式來強化學習內容。這樣即使只是在網頁上學習，也能感受到互動的樂趣。
Host: 讓我們開始討論專案主題選擇，您們的想法是什麼呢？例如，您們可以考慮將教育性小遊戲與網頁應用程式結合。
a: 我覺得將教育性小遊戲與網頁應用程式結合是一個不錯的方向，我們可以先討論如何把這兩者的優勢結合起來，從而提高互動性和吸引力。
b: 我同意 a 的看法，教育性小遊戲確實可以讓學習更有趣。將它與網頁應用程式結合，能夠提升互動性。我們是否可以討論具體的實施步驟和技術細節？
(最新) b: 我同意 a 的看法，教育性小遊戲確實可以讓學習更有趣。將它與網頁應用程式結合，能夠提升互動性。我們是否可以討論具體的實施步驟和技術細節？
=== 結束 ===

請輸出**純 JSON**：
以下為範例
{
  "should_update": true,
  "repeat": false,
  "idea": "AI",
  "delta_by_user": {
    "Alice": 0.2,
    "Bob": -0.1
  },
  "reason": "為何需要/不需要更新/是否重複理由"
}

RAW:
```json
{
  "should_update": true,
  "repeat": true,
  "idea": "教育性小遊戲與網頁應用程式結合",
  "delta_by_user": {
    "a": 0.2,
    "b": 0.3
  },
  "reason": "成員 a 和 b 都對這個想法表示了贊同和支持，且 b 提出了一些具體的實施建議，因此對這個已有的 idea 給予支持。"
}
```
PARSED:
{
  "should_update": true,
  "repeat": true,
  "idea": "教育性小遊戲與網頁應用程式結合",
  "delta_by_user": {
    "a": 0.2,
    "b": 0.3
  },
  "reason": "成員 a 和 b 都對這個想法表示了贊同和支持，且 b 提出了一些具體的實施建議，因此對這個已有的 idea 給予支持。"
}

===== 2025-10-07T13:32:35.821Z =====
PROMPT:

你是小組互動觀察者。請先判斷這一輪是否需要更新（不是每句都有可更新的主題）。若需要，只允許輸出**一個**短詞 idea，並只針對該 idea 輸出每位成員的分數增量 delta（-1~+1，常見幅度 <= 0.3）。
規則：
- Host 發言只作為上下文參考，不可影響分數或新增想法。
- 成員鍵名只能用這些：["a","b"]
- 只允許 1 個 idea；若沒有明確主題或立場/說服跡象，請不要更新。
- idea請主要以繁體中文表達
- 更新前先檢查是否有類似的idea存在，如果有請更新那個idea，不要再建立一個新的idea。
- delta 必須是合法 JSON 數字（不可有 "+" 字首）。

=== 對話（較新在下） ===
a: 我認為教育性小遊戲是一個很有潛力的想法，它可以讓學習變得更有趣。我們可以討論一下如何將它與網頁應用程式結合，使得平台更加互動和吸引人。
Host: 哈囉大家好，我是聊天室的聊天機器人，我們要討論的是期末的Final Project，目標是打造一個軟體供使用者使用，請大家討論想做甚麼主題，像是網頁、遊戲等。
a: 我同意這個想法。我們可以設計一系列有趣的關卡，其中每個關卡都結合一個教育主題，然後在網頁應用程式上提供積分或獎勵機制，以激勵使用者繼續學習。
b: 我也認為教育性小遊戲和網頁應用程式的結合是很好的主意。也許我們可以考慮設計一些簡單的遊戲元素來啟發學習者，比如用小挑戰的形式來強化學習內容。這樣即使只是在網頁上學習，也能感受到互動的樂趣。
Host: 讓我們開始討論專案主題選擇，您們的想法是什麼呢？例如，您們可以考慮將教育性小遊戲與網頁應用程式結合。
a: 我覺得將教育性小遊戲與網頁應用程式結合是一個不錯的方向，我們可以先討論如何把這兩者的優勢結合起來，從而提高互動性和吸引力。
b: 我同意 a 的看法，教育性小遊戲確實可以讓學習更有趣。將它與網頁應用程式結合，能夠提升互動性。我們是否可以討論具體的實施步驟和技術細節？
a: 我覺得可以先從用戶的角度出發，設計一些核心功能，像是簡單的遊戲機制和用戶界面，然後透過小組討論來決定用哪些技術來實現。
b: a，我覺得我們可以先從小遊戲的教學目標開始，然後再考慮如何通過網頁應用實現這些目標。這樣我們可以更清楚地知道需要哪些功能，例如交互界面或數據記錄。這是個很好的起點，你覺得呢？
(最新) b: a，我覺得我們可以先從小遊戲的教學目標開始，然後再考慮如何通過網頁應用實現這些目標。這樣我們可以更清楚地知道需要哪些功能，例如交互界面或數據記錄。這是個很好的起點，你覺得呢？
=== 結束 ===

請輸出**純 JSON**：
以下為範例
{
  "should_update": true,
  "repeat": false,
  "idea": "AI",
  "delta_by_user": {
    "Alice": 0.2,
    "Bob": -0.1
  },
  "reason": "為何需要/不需要更新/是否重複理由"
}

RAW:
```json
{
  "should_update": false,
  "reason": "整輪對話沒有新出現的主題或明顯的立場/說服跡象，因此不需要更新。"
}
```
PARSED:
{
  "should_update": false,
  "reason": "整輪對話沒有新出現的主題或明顯的立場/說服跡象，因此不需要更新。"
}

===== 2025-10-07T13:32:37.083Z =====
PROMPT:

你是小組互動觀察者。請先判斷這一輪是否需要更新（不是每句都有可更新的主題）。若需要，只允許輸出**一個**短詞 idea，並只針對該 idea 輸出每位成員的分數增量 delta（-1~+1，常見幅度 <= 0.3）。
規則：
- Host 發言只作為上下文參考，不可影響分數或新增想法。
- 成員鍵名只能用這些：["a","b"]
- 只允許 1 個 idea；若沒有明確主題或立場/說服跡象，請不要更新。
- idea請主要以繁體中文表達
- 更新前先檢查是否有類似的idea存在，如果有請更新那個idea，不要再建立一個新的idea。
- delta 必須是合法 JSON 數字（不可有 "+" 字首）。

=== 對話（較新在下） ===
a: 我認為教育性小遊戲是一個很有潛力的想法，它可以讓學習變得更有趣。我們可以討論一下如何將它與網頁應用程式結合，使得平台更加互動和吸引人。
Host: 哈囉大家好，我是聊天室的聊天機器人，我們要討論的是期末的Final Project，目標是打造一個軟體供使用者使用，請大家討論想做甚麼主題，像是網頁、遊戲等。
a: 我同意這個想法。我們可以設計一系列有趣的關卡，其中每個關卡都結合一個教育主題，然後在網頁應用程式上提供積分或獎勵機制，以激勵使用者繼續學習。
b: 我也認為教育性小遊戲和網頁應用程式的結合是很好的主意。也許我們可以考慮設計一些簡單的遊戲元素來啟發學習者，比如用小挑戰的形式來強化學習內容。這樣即使只是在網頁上學習，也能感受到互動的樂趣。
Host: 讓我們開始討論專案主題選擇，您們的想法是什麼呢？例如，您們可以考慮將教育性小遊戲與網頁應用程式結合。
a: 我覺得將教育性小遊戲與網頁應用程式結合是一個不錯的方向，我們可以先討論如何把這兩者的優勢結合起來，從而提高互動性和吸引力。
b: 我同意 a 的看法，教育性小遊戲確實可以讓學習更有趣。將它與網頁應用程式結合，能夠提升互動性。我們是否可以討論具體的實施步驟和技術細節？
a: 我覺得可以先從用戶的角度出發，設計一些核心功能，像是簡單的遊戲機制和用戶界面，然後透過小組討論來決定用哪些技術來實現。
(最新) a: 我覺得可以先從用戶的角度出發，設計一些核心功能，像是簡單的遊戲機制和用戶界面，然後透過小組討論來決定用哪些技術來實現。
=== 結束 ===

請輸出**純 JSON**：
以下為範例
{
  "should_update": true,
  "repeat": false,
  "idea": "AI",
  "delta_by_user": {
    "Alice": 0.2,
    "Bob": -0.1
  },
  "reason": "為何需要/不需要更新/是否重複理由"
}

RAW:
```json
{
  "should_update": true,
  "repeat": true,
  "idea": "教育性小遊戲與網頁應用程式結合",
  "delta_by_user": {
    "a": 0.3,
    "b": 0.3
  },
  "reason": "對主題 '教育性小遊戲與網頁應用程式結合' 有持續討論和進一步建議，且雙方持支持立場，有明確進展。"
}
```
PARSED:
{
  "should_update": true,
  "repeat": true,
  "idea": "教育性小遊戲與網頁應用程式結合",
  "delta_by_user": {
    "a": 0.3,
    "b": 0.3
  },
  "reason": "對主題 '教育性小遊戲與網頁應用程式結合' 有持續討論和進一步建議，且雙方持支持立場，有明確進展。"
}

===== 2025-10-07T13:38:17.991Z =====
PROMPT:

你是小組互動觀察者。請先判斷這一輪是否需要更新（不是每句都有可更新的主題）。若需要，只允許輸出**一個**短詞 idea，並只針對該 idea 輸出每位成員的分數增量 delta（-1~+1，常見幅度 <= 0.3）。
規則：
- Host 發言只作為上下文參考，不可影響分數或新增想法。
- 成員鍵名只能用這些：["a","b"]
- 只允許 1 個 idea；若沒有明確主題或立場/說服跡象，請不要更新。
- idea請主要以繁體中文表達
- 更新前先檢查是否有類似的idea存在，如果有請更新那個idea，不要再建立一個新的idea。
- delta 必須是合法 JSON 數字（不可有 "+" 字首）。

=== 對話（較新在下） ===
b: 我對這個主題有一些想法，可以先釐清目前我們的目標和時間安排，這樣更容易制定可行的計畫。
(最新) b: 我對這個主題有一些想法，可以先釐清目前我們的目標和時間安排，這樣更容易制定可行的計畫。
=== 結束 ===

請輸出**純 JSON**：
以下為範例
{
  "should_update": true,
  "repeat": false,
  "idea": "AI",
  "delta_by_user": {
    "Alice": 0.2,
    "Bob": -0.1
  },
  "reason": "為何需要/不需要更新/是否重複理由"
}

RAW:
```json
{
  "should_update": false,
  "reason": "目前發言中沒有明顯的主題或立場，因此不對此輪發言進行更新。"
}
```
PARSED:
{
  "should_update": false,
  "reason": "目前發言中沒有明顯的主題或立場，因此不對此輪發言進行更新。"
}

===== 2025-10-07T13:38:26.759Z =====
PROMPT:

你是小組互動觀察者。請先判斷這一輪是否需要更新（不是每句都有可更新的主題）。若需要，只允許輸出**一個**短詞 idea，並只針對該 idea 輸出每位成員的分數增量 delta（-1~+1，常見幅度 <= 0.3）。
規則：
- Host 發言只作為上下文參考，不可影響分數或新增想法。
- 成員鍵名只能用這些：["a","b"]
- 只允許 1 個 idea；若沒有明確主題或立場/說服跡象，請不要更新。
- idea請主要以繁體中文表達
- 更新前先檢查是否有類似的idea存在，如果有請更新那個idea，不要再建立一個新的idea。
- delta 必須是合法 JSON 數字（不可有 "+" 字首）。

=== 對話（較新在下） ===
b: 我對這個主題有一些想法，可以先釐清目前我們的目標和時間安排，這樣更容易制定可行的計畫。
Host: 哈囉大家好，我是聊天室的聊天機器人，我們要討論的是期末的 Final Project，目標是打造一個軟體供使用者使用，請大家討論想做甚麼主題，像是網頁、遊戲等。
b: a，有沒有什麼想法可以分享？或許我們可以先聽聽你的意見，然後再一起制定更具體的計畫。
(最新) b: a，有沒有什麼想法可以分享？或許我們可以先聽聽你的意見，然後再一起制定更具體的計畫。
=== 結束 ===

請輸出**純 JSON**：
以下為範例
{
  "should_update": true,
  "repeat": false,
  "idea": "AI",
  "delta_by_user": {
    "Alice": 0.2,
    "Bob": -0.1
  },
  "reason": "為何需要/不需要更新/是否重複理由"
}

RAW:
```json
{
  "should_update": false,
  "repeat": false,
  "reason": "目前對話集中在溝通和協調，而不是具體的主題或立場，沒有需要更新的想法。"
}
```
PARSED:
{
  "should_update": false,
  "repeat": false,
  "reason": "目前對話集中在溝通和協調，而不是具體的主題或立場，沒有需要更新的想法。"
}

===== 2025-10-07T13:38:27.544Z =====
PROMPT:

你是小組互動觀察者。請先判斷這一輪是否需要更新（不是每句都有可更新的主題）。若需要，只允許輸出**一個**短詞 idea，並只針對該 idea 輸出每位成員的分數增量 delta（-1~+1，常見幅度 <= 0.3）。
規則：
- Host 發言只作為上下文參考，不可影響分數或新增想法。
- 成員鍵名只能用這些：["a","b"]
- 只允許 1 個 idea；若沒有明確主題或立場/說服跡象，請不要更新。
- idea請主要以繁體中文表達
- 更新前先檢查是否有類似的idea存在，如果有請更新那個idea，不要再建立一個新的idea。
- delta 必須是合法 JSON 數字（不可有 "+" 字首）。

=== 對話（較新在下） ===
b: 我對這個主題有一些想法，可以先釐清目前我們的目標和時間安排，這樣更容易制定可行的計畫。
Host: 哈囉大家好，我是聊天室的聊天機器人，我們要討論的是期末的 Final Project，目標是打造一個軟體供使用者使用，請大家討論想做甚麼主題，像是網頁、遊戲等。
b: a，有沒有什麼想法可以分享？或許我們可以先聽聽你的意見，然後再一起制定更具體的計畫。
a: 我們可以考慮先討論一下每個人對這個主題的不同想法和觀點，這樣或許可以激發一些新的思路。
(最新) a: 我們可以考慮先討論一下每個人對這個主題的不同想法和觀點，這樣或許可以激發一些新的思路。
=== 結束 ===

請輸出**純 JSON**：
以下為範例
{
  "should_update": true,
  "repeat": false,
  "idea": "AI",
  "delta_by_user": {
    "Alice": 0.2,
    "Bob": -0.1
  },
  "reason": "為何需要/不需要更新/是否重複理由"
}

RAW:
{
  "should_update": false,
  "reason": "目前沒有明確的主題或立場/說服跡象，因此不需要更新。"
}
PARSED:
{
  "should_update": false,
  "reason": "目前沒有明確的主題或立場/說服跡象，因此不需要更新。"
}

===== 2025-10-07T13:38:43.852Z =====
PROMPT:

你是小組互動觀察者。請先判斷這一輪是否需要更新（不是每句都有可更新的主題）。若需要，只允許輸出**一個**短詞 idea，並只針對該 idea 輸出每位成員的分數增量 delta（-1~+1，常見幅度 <= 0.3）。
規則：
- Host 發言只作為上下文參考，不可影響分數或新增想法。
- 成員鍵名只能用這些：["a","b"]
- 只允許 1 個 idea；若沒有明確主題或立場/說服跡象，請不要更新。
- idea請主要以繁體中文表達
- 更新前先檢查是否有類似的idea存在，如果有請更新那個idea，不要再建立一個新的idea。
- delta 必須是合法 JSON 數字（不可有 "+" 字首）。

=== 對話（較新在下） ===
b: 我對這個主題有一些想法，可以先釐清目前我們的目標和時間安排，這樣更容易制定可行的計畫。
Host: 哈囉大家好，我是聊天室的聊天機器人，我們要討論的是期末的 Final Project，目標是打造一個軟體供使用者使用，請大家討論想做甚麼主題，像是網頁、遊戲等。
b: a，有沒有什麼想法可以分享？或許我們可以先聽聽你的意見，然後再一起制定更具體的計畫。
a: 我們可以考慮先討論一下每個人對這個主題的不同想法和觀點，這樣或許可以激發一些新的思路。
Host: 看起來我們需要釐清專案主題與方向，讓我們一起討論並確定專案的具體主題和方向吧。
b: 我覺得我們可以先列出我們這次專案的幾個主要目標，然後討論時間安排，這樣會更清楚了解我們需要達成的具體任務。
(最新) b: 我覺得我們可以先列出我們這次專案的幾個主要目標，然後討論時間安排，這樣會更清楚了解我們需要達成的具體任務。
=== 結束 ===

請輸出**純 JSON**：
以下為範例
{
  "should_update": true,
  "repeat": false,
  "idea": "AI",
  "delta_by_user": {
    "Alice": 0.2,
    "Bob": -0.1
  },
  "reason": "為何需要/不需要更新/是否重複理由"
}

RAW:
{
  "should_update": true,
  "repeat": true,
  "idea": "專案目標與時間安排",
  "delta_by_user": {
    "a": 0,
    "b": 0.1
  },
  "reason": "b 多次提到制定專案目標和時間安排，對互動沒有新意但是顯示出持續推動這一想法的積極性。"
}
PARSED:
{
  "should_update": true,
  "repeat": true,
  "idea": "專案目標與時間安排",
  "delta_by_user": {
    "a": 0,
    "b": 0.1
  },
  "reason": "b 多次提到制定專案目標和時間安排，對互動沒有新意但是顯示出持續推動這一想法的積極性。"
}

===== 2025-10-07T14:21:34.780Z =====
PROMPT:

你是小組互動觀察者。請先判斷這一輪是否需要更新（不是每句都有可更新的主題）。若需要，只允許輸出**一個**短詞 idea，並只針對該 idea 輸出每位成員的分數增量 delta（-1~+1，常見幅度 <= 0.3）。
規則：
- Host 發言只作為上下文參考，不可影響分數或新增想法。
- 成員鍵名只能用這些：["a","b","c"]
- 只允許 1 個 idea；若沒有明確主題或立場/說服跡象，請不要更新。
- idea請主要以繁體中文表達
- 更新前先檢查是否有類似的idea存在，如果有請更新那個idea，不要再建立一個新的idea。
- delta 必須是合法 JSON 數字（不可有 "+" 字首）。

=== 對話（較新在下） ===
b: 我覺得我們可以先聚焦在專案的目標和時間安排上，把目標分解成可執行的步驟，確保每個成員都清楚各自的任務和截止日期。這樣可以促進團隊更有序地運作，也有利於整體進度的掌握。
(最新) b: 我覺得我們可以先聚焦在專案的目標和時間安排上，把目標分解成可執行的步驟，確保每個成員都清楚各自的任務和截止日期。這樣可以促進團隊更有序地運作，也有利於整體進度的掌握。
=== 結束 ===

請輸出**純 JSON**：
以下為範例
{
  "should_update": true,
  "repeat": false,
  "idea": "AI",
  "delta_by_user": {
    "Alice": 0.2,
    "Bob": -0.1
  },
  "reason": "為何需要/不需要更新/是否重複理由"
}

RAW:
```json
{
  "should_update": true,
  "repeat": false,
  "idea": "目標和時間安排",
  "delta_by_user": {
    "a": 0.0,
    "b": 0.3,
    "c": 0.0
  },
  "reason": "使用者b提出具體的計畫和組織方法，能夠幫助團隊更有序地運作，這是一個值得更新的想法。"
}
```
PARSED:
{
  "should_update": true,
  "repeat": false,
  "idea": "目標和時間安排",
  "delta_by_user": {
    "a": 0,
    "b": 0.3,
    "c": 0
  },
  "reason": "使用者b提出具體的計畫和組織方法，能夠幫助團隊更有序地運作，這是一個值得更新的想法。"
}

===== 2025-10-07T14:21:49.619Z =====
PROMPT:

你是小組互動觀察者。請先判斷這一輪是否需要更新（不是每句都有可更新的主題）。若需要，只允許輸出**一個**短詞 idea，並只針對該 idea 輸出每位成員的分數增量 delta（-1~+1，常見幅度 <= 0.3）。
規則：
- Host 發言只作為上下文參考，不可影響分數或新增想法。
- 成員鍵名只能用這些：["a","b","c"]
- 只允許 1 個 idea；若沒有明確主題或立場/說服跡象，請不要更新。
- idea請主要以繁體中文表達
- 更新前先檢查是否有類似的idea存在，如果有請更新那個idea，不要再建立一個新的idea。
- delta 必須是合法 JSON 數字（不可有 "+" 字首）。

=== 對話（較新在下） ===
b: 我覺得我們可以先聚焦在專案的目標和時間安排上，把目標分解成可執行的步驟，確保每個成員都清楚各自的任務和截止日期。這樣可以促進團隊更有序地運作，也有利於整體進度的掌握。
Host: 哈囉大家好，我是聊天室的聊天機器人，我們要討論的是期末的Final Project，目標是打造一個軟體供使用者使用，請大家討論想做甚麼主題，像是網頁、遊戲等。
b: 我們已經確定目標是製作一個軟體，或許我們可以先討論時間安排這部分，這樣可以讓我們對項目進程有更清晰的認識。
(最新) b: 我們已經確定目標是製作一個軟體，或許我們可以先討論時間安排這部分，這樣可以讓我們對項目進程有更清晰的認識。
=== 結束 ===

請輸出**純 JSON**：
以下為範例
{
  "should_update": true,
  "repeat": false,
  "idea": "AI",
  "delta_by_user": {
    "Alice": 0.2,
    "Bob": -0.1
  },
  "reason": "為何需要/不需要更新/是否重複理由"
}

RAW:
{
  "should_update": true,
  "repeat": false,
  "idea": "專案時間安排",
  "delta_by_user": {
    "a": 0,
    "b": 0.3,
    "c": 0
  },
  "reason": "b 提出了聚焦在專案目標和時間安排上的建議，並強調了這將促進團隊運作和掌握進度的重要性。"
}
PARSED:
{
  "should_update": true,
  "repeat": false,
  "idea": "專案時間安排",
  "delta_by_user": {
    "a": 0,
    "b": 0.3,
    "c": 0
  },
  "reason": "b 提出了聚焦在專案目標和時間安排上的建議，並強調了這將促進團隊運作和掌握進度的重要性。"
}

===== 2025-10-07T14:22:20.362Z =====
PROMPT:

你是小組互動觀察者。請先判斷這一輪是否需要更新（不是每句都有可更新的主題）。若需要，只允許輸出**一個**短詞 idea，並只針對該 idea 輸出每位成員的分數增量 delta（-1~+1，常見幅度 <= 0.3）。
規則：
- Host 發言只作為上下文參考，不可影響分數或新增想法。
- 成員鍵名只能用這些：["a","b","c"]
- 只允許 1 個 idea；若沒有明確主題或立場/說服跡象，請不要更新。
- idea請主要以繁體中文表達
- 更新前先檢查是否有類似的idea存在，如果有請更新那個idea，不要再建立一個新的idea。
- delta 必須是合法 JSON 數字（不可有 "+" 字首）。

=== 對話（較新在下） ===
Host: 哈囉大家好，我是聊天室的聊天機器人，我們要討論的是期末的Final Project，目標是打造一個軟體供使用者使用，請大家討論想做甚麼主題，像是網頁、遊戲等。
b: 我們可以考慮做一個網頁專案，這樣會比較符合我們的目標和時間安排，也比較容易進行時間管理。不知道大家怎麼想呢？
(最新) b: 我們可以考慮做一個網頁專案，這樣會比較符合我們的目標和時間安排，也比較容易進行時間管理。不知道大家怎麼想呢？
=== 結束 ===

請輸出**純 JSON**：
以下為範例
{
  "should_update": true,
  "repeat": false,
  "idea": "AI",
  "delta_by_user": {
    "Alice": 0.2,
    "Bob": -0.1
  },
  "reason": "為何需要/不需要更新/是否重複理由"
}

RAW:
```json
{
  "should_update": true,
  "repeat": false,
  "idea": "網頁專案",
  "delta_by_user": {
    "a": 0,
    "b": 0.3,
    "c": 0
  },
  "reason": "b 提出了具體可行的網頁專案建議，符合目標和時間管理的考量，為目前唯一具體提案，因此值得更新和評估。"
}
```
PARSED:
{
  "should_update": true,
  "repeat": false,
  "idea": "網頁專案",
  "delta_by_user": {
    "a": 0,
    "b": 0.3,
    "c": 0
  },
  "reason": "b 提出了具體可行的網頁專案建議，符合目標和時間管理的考量，為目前唯一具體提案，因此值得更新和評估。"
}

===== 2025-10-07T14:22:32.937Z =====
PROMPT:

你是小組互動觀察者。請先判斷這一輪是否需要更新（不是每句都有可更新的主題）。若需要，只允許輸出**一個**短詞 idea，並只針對該 idea 輸出每位成員的分數增量 delta（-1~+1，常見幅度 <= 0.3）。
規則：
- Host 發言只作為上下文參考，不可影響分數或新增想法。
- 成員鍵名只能用這些：["a","b","c"]
- 只允許 1 個 idea；若沒有明確主題或立場/說服跡象，請不要更新。
- idea請主要以繁體中文表達
- 更新前先檢查是否有類似的idea存在，如果有請更新那個idea，不要再建立一個新的idea。
- delta 必須是合法 JSON 數字（不可有 "+" 字首）。

=== 對話（較新在下） ===
Host: 哈囉大家好，我是聊天室的聊天機器人，我們要討論的是期末的Final Project，目標是打造一個軟體供使用者使用，請大家討論想做甚麼主題，像是網頁、遊戲等。
b: 我們可以考慮做一個網頁專案，這樣會比較符合我們的目標和時間安排，也比較容易進行時間管理。不知道大家怎麼想呢？
Host: 我們現在進行專案主題選擇，請大家提出建議，看看要針對什麼樣的軟體或應用程式進行開發，例如遊戲或網頁應用程式。
b: 我認為可以考慮開發一個網頁應用程式，這樣可以讓我們在專案時間安排上更具有靈活性，並且目標可以更明確。
(最新) b: 我認為可以考慮開發一個網頁應用程式，這樣可以讓我們在專案時間安排上更具有靈活性，並且目標可以更明確。
=== 結束 ===

請輸出**純 JSON**：
以下為範例
{
  "should_update": true,
  "repeat": false,
  "idea": "AI",
  "delta_by_user": {
    "Alice": 0.2,
    "Bob": -0.1
  },
  "reason": "為何需要/不需要更新/是否重複理由"
}

RAW:
```json
{
  "should_update": true,
  "repeat": false,
  "idea": "開發網頁應用程式",
  "delta_by_user": {
    "b": 0.3,
    "a": 0,
    "c": 0
  },
  "reason": "b 多次強調開發網頁應用程式並具有時間管理便利的優勢，已展現明確想法和立場。"
}
```
PARSED:
{
  "should_update": true,
  "repeat": false,
  "idea": "開發網頁應用程式",
  "delta_by_user": {
    "b": 0.3,
    "a": 0,
    "c": 0
  },
  "reason": "b 多次強調開發網頁應用程式並具有時間管理便利的優勢，已展現明確想法和立場。"
}

===== 2025-10-07T14:22:47.440Z =====
PROMPT:

你是小組互動觀察者。請先判斷這一輪是否需要更新（不是每句都有可更新的主題）。若需要，只允許輸出**一個**短詞 idea，並只針對該 idea 輸出每位成員的分數增量 delta（-1~+1，常見幅度 <= 0.3）。
規則：
- Host 發言只作為上下文參考，不可影響分數或新增想法。
- 成員鍵名只能用這些：["a","b","c"]
- 只允許 1 個 idea；若沒有明確主題或立場/說服跡象，請不要更新。
- idea請主要以繁體中文表達
- 更新前先檢查是否有類似的idea存在，如果有請更新那個idea，不要再建立一個新的idea。
- delta 必須是合法 JSON 數字（不可有 "+" 字首）。

=== 對話（較新在下） ===
Host: 哈囉大家好，我是聊天室的聊天機器人，我們要討論的是期末的Final Project，目標是打造一個軟體供使用者使用，請大家討論想做甚麼主題，像是網頁、遊戲等。
b: 我們可以考慮做一個網頁專案，這樣會比較符合我們的目標和時間安排，也比較容易進行時間管理。不知道大家怎麼想呢？
Host: 我們現在進行專案主題選擇，請大家提出建議，看看要針對什麼樣的軟體或應用程式進行開發，例如遊戲或網頁應用程式。
b: 我認為可以考慮開發一個網頁應用程式，這樣可以讓我們在專案時間安排上更具有靈活性，並且目標可以更明確。
b: 我覺得可以進一步討論網頁應用程式開發的具體目標和時間安排，以便我們更好地組織項目進程。
(最新) b: 我覺得可以進一步討論網頁應用程式開發的具體目標和時間安排，以便我們更好地組織項目進程。
=== 結束 ===

請輸出**純 JSON**：
以下為範例
{
  "should_update": true,
  "repeat": false,
  "idea": "AI",
  "delta_by_user": {
    "Alice": 0.2,
    "Bob": -0.1
  },
  "reason": "為何需要/不需要更新/是否重複理由"
}

RAW:
```json
{
  "should_update": true,
  "repeat": true,
  "idea": "網頁應用程式開發",
  "delta_by_user": {
    "a": 0,
    "b": 0.2,
    "c": 0
  },
  "reason": "成員 b 持續推動對開發網頁應用程式的討論，體現其在團隊中的貢獻，因此提高其分數。"
}
```
PARSED:
{
  "should_update": true,
  "repeat": true,
  "idea": "網頁應用程式開發",
  "delta_by_user": {
    "a": 0,
    "b": 0.2,
    "c": 0
  },
  "reason": "成員 b 持續推動對開發網頁應用程式的討論，體現其在團隊中的貢獻，因此提高其分數。"
}

===== 2025-10-07T14:23:01.601Z =====
PROMPT:

你是小組互動觀察者。請先判斷這一輪是否需要更新（不是每句都有可更新的主題）。若需要，只允許輸出**一個**短詞 idea，並只針對該 idea 輸出每位成員的分數增量 delta（-1~+1，常見幅度 <= 0.3）。
規則：
- Host 發言只作為上下文參考，不可影響分數或新增想法。
- 成員鍵名只能用這些：["a","b","c"]
- 只允許 1 個 idea；若沒有明確主題或立場/說服跡象，請不要更新。
- idea請主要以繁體中文表達
- 更新前先檢查是否有類似的idea存在，如果有請更新那個idea，不要再建立一個新的idea。
- delta 必須是合法 JSON 數字（不可有 "+" 字首）。

=== 對話（較新在下） ===
Host: 哈囉大家好，我是聊天室的聊天機器人，我們要討論的是期末的Final Project，目標是打造一個軟體供使用者使用，請大家討論想做甚麼主題，像是網頁、遊戲等。
b: 我們可以考慮做一個網頁專案，這樣會比較符合我們的目標和時間安排，也比較容易進行時間管理。不知道大家怎麼想呢？
Host: 我們現在進行專案主題選擇，請大家提出建議，看看要針對什麼樣的軟體或應用程式進行開發，例如遊戲或網頁應用程式。
b: 我認為可以考慮開發一個網頁應用程式，這樣可以讓我們在專案時間安排上更具有靈活性，並且目標可以更明確。
b: 我覺得可以進一步討論網頁應用程式開發的具體目標和時間安排，以便我們更好地組織項目進程。
a: 我覺得開發網頁應用程式是個不錯的方向。我們可以進一步確認看看有哪些具體功能是大多數人覺得重要的，然後再來安排時間。
(最新) a: 我覺得開發網頁應用程式是個不錯的方向。我們可以進一步確認看看有哪些具體功能是大多數人覺得重要的，然後再來安排時間。
=== 結束 ===

請輸出**純 JSON**：
以下為範例
{
  "should_update": true,
  "repeat": false,
  "idea": "AI",
  "delta_by_user": {
    "Alice": 0.2,
    "Bob": -0.1
  },
  "reason": "為何需要/不需要更新/是否重複理由"
}

RAW:
```json
{
  "should_update": true,
  "repeat": false,
  "idea": "網頁應用程式",
  "delta_by_user": {
    "a": 0.2,
    "b": 0.3,
    "c": 0
  },
  "reason": "成員 a 和 b 對於開發網頁應用程式達成共識並鼓勵進一步討論具體功能和時間安排，因此可以更新此主題。"
}
```
PARSED:
{
  "should_update": true,
  "repeat": false,
  "idea": "網頁應用程式",
  "delta_by_user": {
    "a": 0.2,
    "b": 0.3,
    "c": 0
  },
  "reason": "成員 a 和 b 對於開發網頁應用程式達成共識並鼓勵進一步討論具體功能和時間安排，因此可以更新此主題。"
}

===== 2025-10-07T14:23:14.993Z =====
PROMPT:

你是小組互動觀察者。請先判斷這一輪是否需要更新（不是每句都有可更新的主題）。若需要，只允許輸出**一個**短詞 idea，並只針對該 idea 輸出每位成員的分數增量 delta（-1~+1，常見幅度 <= 0.3）。
規則：
- Host 發言只作為上下文參考，不可影響分數或新增想法。
- 成員鍵名只能用這些：["a","b","c"]
- 只允許 1 個 idea；若沒有明確主題或立場/說服跡象，請不要更新。
- idea請主要以繁體中文表達
- 更新前先檢查是否有類似的idea存在，如果有請更新那個idea，不要再建立一個新的idea。
- delta 必須是合法 JSON 數字（不可有 "+" 字首）。

=== 對話（較新在下） ===
Host: 哈囉大家好，我是聊天室的聊天機器人，我們要討論的是期末的Final Project，目標是打造一個軟體供使用者使用，請大家討論想做甚麼主題，像是網頁、遊戲等。
b: 我們可以考慮做一個網頁專案，這樣會比較符合我們的目標和時間安排，也比較容易進行時間管理。不知道大家怎麼想呢？
Host: 我們現在進行專案主題選擇，請大家提出建議，看看要針對什麼樣的軟體或應用程式進行開發，例如遊戲或網頁應用程式。
b: 我認為可以考慮開發一個網頁應用程式，這樣可以讓我們在專案時間安排上更具有靈活性，並且目標可以更明確。
b: 我覺得可以進一步討論網頁應用程式開發的具體目標和時間安排，以便我們更好地組織項目進程。
a: 我覺得開發網頁應用程式是個不錯的方向。我們可以進一步確認看看有哪些具體功能是大多數人覺得重要的，然後再來安排時間。
b: 好的，我同意a的看法。我們可以討論一下有哪些具體功能是大多數成員覺得重要的，然後針對這些功能進行時間安排。
(最新) b: 好的，我同意a的看法。我們可以討論一下有哪些具體功能是大多數成員覺得重要的，然後針對這些功能進行時間安排。
=== 結束 ===

請輸出**純 JSON**：
以下為範例
{
  "should_update": true,
  "repeat": false,
  "idea": "AI",
  "delta_by_user": {
    "Alice": 0.2,
    "Bob": -0.1
  },
  "reason": "為何需要/不需要更新/是否重複理由"
}

RAW:
{
  "should_update": true,
  "repeat": false,
  "idea": "開發網頁應用程式",
  "delta_by_user": {
    "a": 0.3,
    "b": 0.3,
    "c": 0
  },
  "reason": "成員a和b明確支持開發網頁應用程式的方向，並進一步討論具體功能和時間安排，建立了一個明確的立場。"
}
PARSED:
{
  "should_update": true,
  "repeat": false,
  "idea": "開發網頁應用程式",
  "delta_by_user": {
    "a": 0.3,
    "b": 0.3,
    "c": 0
  },
  "reason": "成員a和b明確支持開發網頁應用程式的方向，並進一步討論具體功能和時間安排，建立了一個明確的立場。"
}

===== 2025-10-07T14:23:17.310Z =====
PROMPT:

你是小組互動觀察者。請先判斷這一輪是否需要更新（不是每句都有可更新的主題）。若需要，只允許輸出**一個**短詞 idea，並只針對該 idea 輸出每位成員的分數增量 delta（-1~+1，常見幅度 <= 0.3）。
規則：
- Host 發言只作為上下文參考，不可影響分數或新增想法。
- 成員鍵名只能用這些：["a","b","c"]
- 只允許 1 個 idea；若沒有明確主題或立場/說服跡象，請不要更新。
- idea請主要以繁體中文表達
- 更新前先檢查是否有類似的idea存在，如果有請更新那個idea，不要再建立一個新的idea。
- delta 必須是合法 JSON 數字（不可有 "+" 字首）。

=== 對話（較新在下） ===
Host: 哈囉大家好，我是聊天室的聊天機器人，我們要討論的是期末的Final Project，目標是打造一個軟體供使用者使用，請大家討論想做甚麼主題，像是網頁、遊戲等。
b: 我們可以考慮做一個網頁專案，這樣會比較符合我們的目標和時間安排，也比較容易進行時間管理。不知道大家怎麼想呢？
Host: 我們現在進行專案主題選擇，請大家提出建議，看看要針對什麼樣的軟體或應用程式進行開發，例如遊戲或網頁應用程式。
b: 我認為可以考慮開發一個網頁應用程式，這樣可以讓我們在專案時間安排上更具有靈活性，並且目標可以更明確。
b: 我覺得可以進一步討論網頁應用程式開發的具體目標和時間安排，以便我們更好地組織項目進程。
a: 我覺得開發網頁應用程式是個不錯的方向。我們可以進一步確認看看有哪些具體功能是大多數人覺得重要的，然後再來安排時間。
b: 好的，我同意a的看法。我們可以討論一下有哪些具體功能是大多數成員覺得重要的，然後針對這些功能進行時間安排。
a: 我同意b的想法，討論網頁應用程式的具體目標和時間安排很重要，可以幫助我們有更清晰的進度規劃。
(最新) a: 我同意b的想法，討論網頁應用程式的具體目標和時間安排很重要，可以幫助我們有更清晰的進度規劃。
=== 結束 ===

請輸出**純 JSON**：
以下為範例
{
  "should_update": true,
  "repeat": false,
  "idea": "AI",
  "delta_by_user": {
    "Alice": 0.2,
    "Bob": -0.1
  },
  "reason": "為何需要/不需要更新/是否重複理由"
}

RAW:
```json
{
  "should_update": true,
  "repeat": true,
  "idea": "開發網頁應用程式",
  "delta_by_user": {
    "a": 0.3,
    "b": 0.2,
    "c": 0
  },
  "reason": "已經有明顯的立場與共識在選擇開發網頁應用程式的方向上，並且討論了具體目標和進度規劃的相關性。"
}
```
PARSED:
{
  "should_update": true,
  "repeat": true,
  "idea": "開發網頁應用程式",
  "delta_by_user": {
    "a": 0.3,
    "b": 0.2,
    "c": 0
  },
  "reason": "已經有明顯的立場與共識在選擇開發網頁應用程式的方向上，並且討論了具體目標和進度規劃的相關性。"
}

===== 2025-10-07T14:23:32.398Z =====
PROMPT:

你是小組互動觀察者。請先判斷這一輪是否需要更新（不是每句都有可更新的主題）。若需要，只允許輸出**一個**短詞 idea，並只針對該 idea 輸出每位成員的分數增量 delta（-1~+1，常見幅度 <= 0.3）。
規則：
- Host 發言只作為上下文參考，不可影響分數或新增想法。
- 成員鍵名只能用這些：["a","b","c"]
- 只允許 1 個 idea；若沒有明確主題或立場/說服跡象，請不要更新。
- idea請主要以繁體中文表達
- 更新前先檢查是否有類似的idea存在，如果有請更新那個idea，不要再建立一個新的idea。
- delta 必須是合法 JSON 數字（不可有 "+" 字首）。

=== 對話（較新在下） ===
Host: 哈囉大家好，我是聊天室的聊天機器人，我們要討論的是期末的Final Project，目標是打造一個軟體供使用者使用，請大家討論想做甚麼主題，像是網頁、遊戲等。
b: 我們可以考慮做一個網頁專案，這樣會比較符合我們的目標和時間安排，也比較容易進行時間管理。不知道大家怎麼想呢？
Host: 我們現在進行專案主題選擇，請大家提出建議，看看要針對什麼樣的軟體或應用程式進行開發，例如遊戲或網頁應用程式。
b: 我認為可以考慮開發一個網頁應用程式，這樣可以讓我們在專案時間安排上更具有靈活性，並且目標可以更明確。
b: 我覺得可以進一步討論網頁應用程式開發的具體目標和時間安排，以便我們更好地組織項目進程。
a: 我覺得開發網頁應用程式是個不錯的方向。我們可以進一步確認看看有哪些具體功能是大多數人覺得重要的，然後再來安排時間。
b: 好的，我同意a的看法。我們可以討論一下有哪些具體功能是大多數成員覺得重要的，然後針對這些功能進行時間安排。
a: 我同意b的想法，討論網頁應用程式的具體目標和時間安排很重要，可以幫助我們有更清晰的進度規劃。
b: 我建議先列出所有潛在功能，然後各自評估這些功能在專案中的優先級和所需時間。這樣可以幫助我們制定一個更具體的時間安排。
(最新) b: 我建議先列出所有潛在功能，然後各自評估這些功能在專案中的優先級和所需時間。這樣可以幫助我們制定一個更具體的時間安排。
=== 結束 ===

請輸出**純 JSON**：
以下為範例
{
  "should_update": true,
  "repeat": false,
  "idea": "AI",
  "delta_by_user": {
    "Alice": 0.2,
    "Bob": -0.1
  },
  "reason": "為何需要/不需要更新/是否重複理由"
}

RAW:
```json
{
  "should_update": false,
  "repeat": false,
  "reason": "目前的對話中只有關於網頁應用程式的開發方向的建議和討論，並未呈現出明確的立場或說服的跡象，因此不需要更新。"
}
```
PARSED:
{
  "should_update": false,
  "repeat": false,
  "reason": "目前的對話中只有關於網頁應用程式的開發方向的建議和討論，並未呈現出明確的立場或說服的跡象，因此不需要更新。"
}

===== 2025-10-07T14:23:46.839Z =====
PROMPT:

你是小組互動觀察者。請先判斷這一輪是否需要更新（不是每句都有可更新的主題）。若需要，只允許輸出**一個**短詞 idea，並只針對該 idea 輸出每位成員的分數增量 delta（-1~+1，常見幅度 <= 0.3）。
規則：
- Host 發言只作為上下文參考，不可影響分數或新增想法。
- 成員鍵名只能用這些：["a","b","c"]
- 只允許 1 個 idea；若沒有明確主題或立場/說服跡象，請不要更新。
- idea請主要以繁體中文表達
- 更新前先檢查是否有類似的idea存在，如果有請更新那個idea，不要再建立一個新的idea。
- delta 必須是合法 JSON 數字（不可有 "+" 字首）。

=== 對話（較新在下） ===
Host: 哈囉大家好，我是聊天室的聊天機器人，我們要討論的是期末的Final Project，目標是打造一個軟體供使用者使用，請大家討論想做甚麼主題，像是網頁、遊戲等。
b: 我們可以考慮做一個網頁專案，這樣會比較符合我們的目標和時間安排，也比較容易進行時間管理。不知道大家怎麼想呢？
Host: 我們現在進行專案主題選擇，請大家提出建議，看看要針對什麼樣的軟體或應用程式進行開發，例如遊戲或網頁應用程式。
b: 我認為可以考慮開發一個網頁應用程式，這樣可以讓我們在專案時間安排上更具有靈活性，並且目標可以更明確。
b: 我覺得可以進一步討論網頁應用程式開發的具體目標和時間安排，以便我們更好地組織項目進程。
a: 我覺得開發網頁應用程式是個不錯的方向。我們可以進一步確認看看有哪些具體功能是大多數人覺得重要的，然後再來安排時間。
b: 好的，我同意a的看法。我們可以討論一下有哪些具體功能是大多數成員覺得重要的，然後針對這些功能進行時間安排。
a: 我同意b的想法，討論網頁應用程式的具體目標和時間安排很重要，可以幫助我們有更清晰的進度規劃。
b: 我建議先列出所有潛在功能，然後各自評估這些功能在專案中的優先級和所需時間。這樣可以幫助我們制定一個更具體的時間安排。
a: 聽起來這是一個很好的計畫。要不要先由每個人提出幾個他們認為重要的功能點，然後我們可以一起來優先排序？
(最新) a: 聽起來這是一個很好的計畫。要不要先由每個人提出幾個他們認為重要的功能點，然後我們可以一起來優先排序？
=== 結束 ===

請輸出**純 JSON**：
以下為範例
{
  "should_update": true,
  "repeat": false,
  "idea": "AI",
  "delta_by_user": {
    "Alice": 0.2,
    "Bob": -0.1
  },
  "reason": "為何需要/不需要更新/是否重複理由"
}

RAW:
```json
{
  "should_update": true,
  "repeat": true,
  "idea": "開發網頁應用程式的具體功能和時間安排",
  "delta_by_user": {
    "a": 0.2,
    "b": 0.2,
    "c": 0
  },
  "reason": "成員a和b多次表達關於開發網頁應用程式需要具體討論功能與時間安排，此主題的討論已經重複出現並有共識，因此更新已有的idea，而非新增新想法。"
}
```
PARSED:
{
  "should_update": true,
  "repeat": true,
  "idea": "開發網頁應用程式的具體功能和時間安排",
  "delta_by_user": {
    "a": 0.2,
    "b": 0.2,
    "c": 0
  },
  "reason": "成員a和b多次表達關於開發網頁應用程式需要具體討論功能與時間安排，此主題的討論已經重複出現並有共識，因此更新已有的idea，而非新增新想法。"
}

===== 2025-10-07T14:24:02.942Z =====
PROMPT:

你是小組互動觀察者。請先判斷這一輪是否需要更新（不是每句都有可更新的主題）。若需要，只允許輸出**一個**短詞 idea，並只針對該 idea 輸出每位成員的分數增量 delta（-1~+1，常見幅度 <= 0.3）。
規則：
- Host 發言只作為上下文參考，不可影響分數或新增想法。
- 成員鍵名只能用這些：["a","b","c"]
- 只允許 1 個 idea；若沒有明確主題或立場/說服跡象，請不要更新。
- idea請主要以繁體中文表達
- 更新前先檢查是否有類似的idea存在，如果有請更新那個idea，不要再建立一個新的idea。
- delta 必須是合法 JSON 數字（不可有 "+" 字首）。

=== 對話（較新在下） ===
Host: 哈囉大家好，我是聊天室的聊天機器人，我們要討論的是期末的Final Project，目標是打造一個軟體供使用者使用，請大家討論想做甚麼主題，像是網頁、遊戲等。
b: 我們可以考慮做一個網頁專案，這樣會比較符合我們的目標和時間安排，也比較容易進行時間管理。不知道大家怎麼想呢？
Host: 我們現在進行專案主題選擇，請大家提出建議，看看要針對什麼樣的軟體或應用程式進行開發，例如遊戲或網頁應用程式。
b: 我認為可以考慮開發一個網頁應用程式，這樣可以讓我們在專案時間安排上更具有靈活性，並且目標可以更明確。
b: 我覺得可以進一步討論網頁應用程式開發的具體目標和時間安排，以便我們更好地組織項目進程。
a: 我覺得開發網頁應用程式是個不錯的方向。我們可以進一步確認看看有哪些具體功能是大多數人覺得重要的，然後再來安排時間。
b: 好的，我同意a的看法。我們可以討論一下有哪些具體功能是大多數成員覺得重要的，然後針對這些功能進行時間安排。
a: 我同意b的想法，討論網頁應用程式的具體目標和時間安排很重要，可以幫助我們有更清晰的進度規劃。
b: 我建議先列出所有潛在功能，然後各自評估這些功能在專案中的優先級和所需時間。這樣可以幫助我們制定一個更具體的時間安排。
a: 聽起來這是一個很好的計畫。要不要先由每個人提出幾個他們認為重要的功能點，然後我們可以一起來優先排序？
Host: 看起來你們完成了專案主題的討論，讓我們進入下一個議題討論吧。
b: 我建議我們現在集中討論每個人認為重要的功能點，然後我們可以根據討論結果來優先排序。
(最新) b: 我建議我們現在集中討論每個人認為重要的功能點，然後我們可以根據討論結果來優先排序。
=== 結束 ===

請輸出**純 JSON**：
以下為範例
{
  "should_update": true,
  "repeat": false,
  "idea": "AI",
  "delta_by_user": {
    "Alice": 0.2,
    "Bob": -0.1
  },
  "reason": "為何需要/不需要更新/是否重複理由"
}

RAW:
```json
{
  "should_update": true,
  "repeat": false,
  "idea": "功能點優先級排序",
  "delta_by_user": {
    "a": 0.3,
    "b": 0.3,
    "c": 0
  },
  "reason": "a和b通過提議和同意給出了具體的行動計劃，推動了小組進程，因此給予正向增量。c沒有發言，影響為0。沒有明顯的重複主題。"
}
```
PARSED:
{
  "should_update": true,
  "repeat": false,
  "idea": "功能點優先級排序",
  "delta_by_user": {
    "a": 0.3,
    "b": 0.3,
    "c": 0
  },
  "reason": "a和b通過提議和同意給出了具體的行動計劃，推動了小組進程，因此給予正向增量。c沒有發言，影響為0。沒有明顯的重複主題。"
}

===== 2025-10-07T14:31:31.232Z =====
PROMPT:

你是小組互動觀察者。請先判斷這一輪是否需要更新（不是每句都有可更新的主題）。若需要，只允許輸出**一個**短詞 idea，並只針對該 idea 輸出每位成員的分數增量 delta（-1~+1，常見幅度 <= 0.3）。
規則：
- Host 發言只作為上下文參考，不可影響分數或新增想法。
- 成員鍵名只能用這些：["a","b","c","d"]
- 只允許 1 個 idea；若沒有明確主題或立場/說服跡象，請不要更新。
- idea請主要以繁體中文表達
- 更新前先檢查是否有類似的idea存在，如果有請更新那個idea，不要再建立一個新的idea。
- delta 必須是合法 JSON 數字（不可有 "+" 字首）。

=== 對話（較新在下） ===
Host: 看起來你們完成了專案主題的討論了，讓我們進入下一個議題討論吧
Host: 哈囉大家好，我是聊天室的聊天機器人，我們要討論的是期末的Final Project，目標是打造一個軟體供使用者使用，請大家討論想做甚麼主題，像是網頁、遊戲等。
Host: 大家好，我們現在要討論專案的具體主題，比如是要做一個遊戲還是網頁應用等，請大家分享想法並達成共識。
b: 我覺得我們可以考慮做一個具有教育功能的網頁應用，這樣可以結合學習和互動，並且容易在不同裝置上使用。
(最新) b: 我覺得我們可以考慮做一個具有教育功能的網頁應用，這樣可以結合學習和互動，並且容易在不同裝置上使用。
=== 結束 ===

請輸出**純 JSON**：
以下為範例
{
  "should_update": true,
  "repeat": false,
  "idea": "AI",
  "delta_by_user": {
    "Alice": 0.2,
    "Bob": -0.1
  },
  "reason": "為何需要/不需要更新/是否重複理由"
}

RAW:
{
  "should_update": true,
  "repeat": false,
  "idea": "具教育功能的網頁應用",
  "delta_by_user": {
    "b": 0.2
  },
  "reason": "成員 b 提出了一個具體的專案主題，這是首次提出的具教育功能的網頁應用的具體想法，因此需要更新。"
}
PARSED:
{
  "should_update": true,
  "repeat": false,
  "idea": "具教育功能的網頁應用",
  "delta_by_user": {
    "b": 0.2
  },
  "reason": "成員 b 提出了一個具體的專案主題，這是首次提出的具教育功能的網頁應用的具體想法，因此需要更新。"
}

===== 2025-10-07T14:31:45.289Z =====
PROMPT:

你是小組互動觀察者。請先判斷這一輪是否需要更新（不是每句都有可更新的主題）。若需要，只允許輸出**一個**短詞 idea，並只針對該 idea 輸出每位成員的分數增量 delta（-1~+1，常見幅度 <= 0.3）。
規則：
- Host 發言只作為上下文參考，不可影響分數或新增想法。
- 成員鍵名只能用這些：["a","b","c","d"]
- 只允許 1 個 idea；若沒有明確主題或立場/說服跡象，請不要更新。
- idea請主要以繁體中文表達
- 更新前先檢查是否有類似的idea存在，如果有請更新那個idea，不要再建立一個新的idea。
- delta 必須是合法 JSON 數字（不可有 "+" 字首）。

=== 對話（較新在下） ===
Host: 看起來你們完成了專案主題的討論了，讓我們進入下一個議題討論吧
Host: 哈囉大家好，我是聊天室的聊天機器人，我們要討論的是期末的Final Project，目標是打造一個軟體供使用者使用，請大家討論想做甚麼主題，像是網頁、遊戲等。
Host: 大家好，我們現在要討論專案的具體主題，比如是要做一個遊戲還是網頁應用等，請大家分享想法並達成共識。
b: 我覺得我們可以考慮做一個具有教育功能的網頁應用，這樣可以結合學習和互動，並且容易在不同裝置上使用。
b: 我相信具有教育功能的網頁應用能讓學習更有趣，也方便在不同設備上實現。
(最新) b: 我相信具有教育功能的網頁應用能讓學習更有趣，也方便在不同設備上實現。
=== 結束 ===

請輸出**純 JSON**：
以下為範例
{
  "should_update": true,
  "repeat": false,
  "idea": "AI",
  "delta_by_user": {
    "Alice": 0.2,
    "Bob": -0.1
  },
  "reason": "為何需要/不需要更新/是否重複理由"
}

RAW:
```json
{
  "should_update": true,
  "repeat": false,
  "idea": "教育功能的網頁應用",
  "delta_by_user": {
    "a": 0,
    "b": 0.3,
    "c": 0,
    "d": 0
  },
  "reason": "b 在多次發言中堅持並闡述了有關創建具教育功能的網頁應用的想法，顯示出他對這一主題的支持，並未出現重複的舊有想法。"
}
```
PARSED:
{
  "should_update": true,
  "repeat": false,
  "idea": "教育功能的網頁應用",
  "delta_by_user": {
    "a": 0,
    "b": 0.3,
    "c": 0,
    "d": 0
  },
  "reason": "b 在多次發言中堅持並闡述了有關創建具教育功能的網頁應用的想法，顯示出他對這一主題的支持，並未出現重複的舊有想法。"
}

===== 2025-10-07T14:31:46.188Z =====
PROMPT:

你是小組互動觀察者。請先判斷這一輪是否需要更新（不是每句都有可更新的主題）。若需要，只允許輸出**一個**短詞 idea，並只針對該 idea 輸出每位成員的分數增量 delta（-1~+1，常見幅度 <= 0.3）。
規則：
- Host 發言只作為上下文參考，不可影響分數或新增想法。
- 成員鍵名只能用這些：["a","b","c","d"]
- 只允許 1 個 idea；若沒有明確主題或立場/說服跡象，請不要更新。
- idea請主要以繁體中文表達
- 更新前先檢查是否有類似的idea存在，如果有請更新那個idea，不要再建立一個新的idea。
- delta 必須是合法 JSON 數字（不可有 "+" 字首）。

=== 對話（較新在下） ===
Host: 看起來你們完成了專案主題的討論了，讓我們進入下一個議題討論吧
Host: 哈囉大家好，我是聊天室的聊天機器人，我們要討論的是期末的Final Project，目標是打造一個軟體供使用者使用，請大家討論想做甚麼主題，像是網頁、遊戲等。
Host: 大家好，我們現在要討論專案的具體主題，比如是要做一個遊戲還是網頁應用等，請大家分享想法並達成共識。
b: 我覺得我們可以考慮做一個具有教育功能的網頁應用，這樣可以結合學習和互動，並且容易在不同裝置上使用。
b: 我相信具有教育功能的網頁應用能讓學習更有趣，也方便在不同設備上實現。
a: 我認為 b 提出的做一個具有教育功能的網頁應用是一個不錯的方向，它能夠結合學習和互動，而且實現起來也比較方便。
(最新) a: 我認為 b 提出的做一個具有教育功能的網頁應用是一個不錯的方向，它能夠結合學習和互動，而且實現起來也比較方便。
=== 結束 ===

請輸出**純 JSON**：
以下為範例
{
  "should_update": true,
  "repeat": false,
  "idea": "AI",
  "delta_by_user": {
    "Alice": 0.2,
    "Bob": -0.1
  },
  "reason": "為何需要/不需要更新/是否重複理由"
}

RAW:
```json
{
  "should_update": true,
  "repeat": false,
  "idea": "具有教育功能的網頁應用",
  "delta_by_user": {
    "a": 0.2,
    "b": 0.3
  },
  "reason": "成員 a 與 b 均支持創建具有教育功能的網頁應用，且意見趨於一致，值得記錄該想法。"
}
```
PARSED:
{
  "should_update": true,
  "repeat": false,
  "idea": "具有教育功能的網頁應用",
  "delta_by_user": {
    "a": 0.2,
    "b": 0.3
  },
  "reason": "成員 a 與 b 均支持創建具有教育功能的網頁應用，且意見趨於一致，值得記錄該想法。"
}

===== 2025-10-07T14:32:01.333Z =====
PROMPT:

你是小組互動觀察者。請先判斷這一輪是否需要更新（不是每句都有可更新的主題）。若需要，只允許輸出**一個**短詞 idea，並只針對該 idea 輸出每位成員的分數增量 delta（-1~+1，常見幅度 <= 0.3）。
規則：
- Host 發言只作為上下文參考，不可影響分數或新增想法。
- 成員鍵名只能用這些：["a","b","c","d"]
- 只允許 1 個 idea；若沒有明確主題或立場/說服跡象，請不要更新。
- idea請主要以繁體中文表達
- 更新前先檢查是否有類似的idea存在，如果有請更新那個idea，不要再建立一個新的idea。
- delta 必須是合法 JSON 數字（不可有 "+" 字首）。

=== 對話（較新在下） ===
Host: 看起來你們完成了專案主題的討論了，讓我們進入下一個議題討論吧
Host: 哈囉大家好，我是聊天室的聊天機器人，我們要討論的是期末的Final Project，目標是打造一個軟體供使用者使用，請大家討論想做甚麼主題，像是網頁、遊戲等。
Host: 大家好，我們現在要討論專案的具體主題，比如是要做一個遊戲還是網頁應用等，請大家分享想法並達成共識。
b: 我覺得我們可以考慮做一個具有教育功能的網頁應用，這樣可以結合學習和互動，並且容易在不同裝置上使用。
b: 我相信具有教育功能的網頁應用能讓學習更有趣，也方便在不同設備上實現。
a: 我認為 b 提出的做一個具有教育功能的網頁應用是一個不錯的方向，它能夠結合學習和互動，而且實現起來也比較方便。
a: 如果我們選擇做一個具有教育功能的網頁應用，我們可以考慮如何讓內容更具互動性，比如加入一些遊戲化元素。
(最新) a: 如果我們選擇做一個具有教育功能的網頁應用，我們可以考慮如何讓內容更具互動性，比如加入一些遊戲化元素。
=== 結束 ===

請輸出**純 JSON**：
以下為範例
{
  "should_update": true,
  "repeat": false,
  "idea": "AI",
  "delta_by_user": {
    "Alice": 0.2,
    "Bob": -0.1
  },
  "reason": "為何需要/不需要更新/是否重複理由"
}

RAW:
```json
{
  "should_update": true,
  "repeat": false,
  "idea": "具有教育功能的網頁應用",
  "delta_by_user": {
    "a": 0.3,
    "b": 0.2,
    "c": 0,
    "d": 0
  },
  "reason": "a 和 b 為具有教育功能的網頁應用提供了具體的實施方向，並引導團隊討論如何增強互動性。"
}
```
PARSED:
{
  "should_update": true,
  "repeat": false,
  "idea": "具有教育功能的網頁應用",
  "delta_by_user": {
    "a": 0.3,
    "b": 0.2,
    "c": 0,
    "d": 0
  },
  "reason": "a 和 b 為具有教育功能的網頁應用提供了具體的實施方向，並引導團隊討論如何增強互動性。"
}

===== 2025-10-07T14:32:02.513Z =====
PROMPT:

你是小組互動觀察者。請先判斷這一輪是否需要更新（不是每句都有可更新的主題）。若需要，只允許輸出**一個**短詞 idea，並只針對該 idea 輸出每位成員的分數增量 delta（-1~+1，常見幅度 <= 0.3）。
規則：
- Host 發言只作為上下文參考，不可影響分數或新增想法。
- 成員鍵名只能用這些：["a","b","c","d"]
- 只允許 1 個 idea；若沒有明確主題或立場/說服跡象，請不要更新。
- idea請主要以繁體中文表達
- 更新前先檢查是否有類似的idea存在，如果有請更新那個idea，不要再建立一個新的idea。
- delta 必須是合法 JSON 數字（不可有 "+" 字首）。

=== 對話（較新在下） ===
Host: 看起來你們完成了專案主題的討論了，讓我們進入下一個議題討論吧
Host: 哈囉大家好，我是聊天室的聊天機器人，我們要討論的是期末的Final Project，目標是打造一個軟體供使用者使用，請大家討論想做甚麼主題，像是網頁、遊戲等。
Host: 大家好，我們現在要討論專案的具體主題，比如是要做一個遊戲還是網頁應用等，請大家分享想法並達成共識。
b: 我覺得我們可以考慮做一個具有教育功能的網頁應用，這樣可以結合學習和互動，並且容易在不同裝置上使用。
b: 我相信具有教育功能的網頁應用能讓學習更有趣，也方便在不同設備上實現。
a: 我認為 b 提出的做一個具有教育功能的網頁應用是一個不錯的方向，它能夠結合學習和互動，而且實現起來也比較方便。
a: 如果我們選擇做一個具有教育功能的網頁應用，我們可以考慮如何讓內容更具互動性，比如加入一些遊戲化元素。
b: 謝謝 a 的支持，我也認為這是一個可行且有吸引力的選擇。我們可以開始討論具體的功能和用戶體驗該如何設計。
(最新) b: 謝謝 a 的支持，我也認為這是一個可行且有吸引力的選擇。我們可以開始討論具體的功能和用戶體驗該如何設計。
=== 結束 ===

請輸出**純 JSON**：
以下為範例
{
  "should_update": true,
  "repeat": false,
  "idea": "AI",
  "delta_by_user": {
    "Alice": 0.2,
    "Bob": -0.1
  },
  "reason": "為何需要/不需要更新/是否重複理由"
}

RAW:
```json
{
  "should_update": true,
  "repeat": false,
  "idea": "具有教育功能的網頁應用",
  "delta_by_user": {
    "a": 0.3,
    "b": 0.3
  },
  "reason": "a 和 b 一致支持並推動具有教育功能的網頁應用的想法，並進一步討論實現細節。"
}
```
PARSED:
{
  "should_update": true,
  "repeat": false,
  "idea": "具有教育功能的網頁應用",
  "delta_by_user": {
    "a": 0.3,
    "b": 0.3
  },
  "reason": "a 和 b 一致支持並推動具有教育功能的網頁應用的想法，並進一步討論實現細節。"
}

===== 2025-10-07T14:32:19.951Z =====
PROMPT:

你是小組互動觀察者。請先判斷這一輪是否需要更新（不是每句都有可更新的主題）。若需要，只允許輸出**一個**短詞 idea，並只針對該 idea 輸出每位成員的分數增量 delta（-1~+1，常見幅度 <= 0.3）。
規則：
- Host 發言只作為上下文參考，不可影響分數或新增想法。
- 成員鍵名只能用這些：["a","b","c","d"]
- 只允許 1 個 idea；若沒有明確主題或立場/說服跡象，請不要更新。
- idea請主要以繁體中文表達
- 更新前先檢查是否有類似的idea存在，如果有請更新那個idea，不要再建立一個新的idea。
- delta 必須是合法 JSON 數字（不可有 "+" 字首）。

=== 對話（較新在下） ===
Host: 看起來你們完成了專案主題的討論了，讓我們進入下一個議題討論吧
Host: 哈囉大家好，我是聊天室的聊天機器人，我們要討論的是期末的Final Project，目標是打造一個軟體供使用者使用，請大家討論想做甚麼主題，像是網頁、遊戲等。
Host: 大家好，我們現在要討論專案的具體主題，比如是要做一個遊戲還是網頁應用等，請大家分享想法並達成共識。
b: 我覺得我們可以考慮做一個具有教育功能的網頁應用，這樣可以結合學習和互動，並且容易在不同裝置上使用。
b: 我相信具有教育功能的網頁應用能讓學習更有趣，也方便在不同設備上實現。
a: 我認為 b 提出的做一個具有教育功能的網頁應用是一個不錯的方向，它能夠結合學習和互動，而且實現起來也比較方便。
a: 如果我們選擇做一個具有教育功能的網頁應用，我們可以考慮如何讓內容更具互動性，比如加入一些遊戲化元素。
b: 謝謝 a 的支持，我也認為這是一個可行且有吸引力的選擇。我們可以開始討論具體的功能和用戶體驗該如何設計。
Host: 看起來你們完成了專案具體主題的討論了，讓我們進入下一個議題討論吧
a: 我們可以討論如何整合更多教育功能進入網頁應用，這樣不僅能提高使用者的學習體驗，或許還能吸引更多不同背景的學習者。
(最新) a: 我們可以討論如何整合更多教育功能進入網頁應用，這樣不僅能提高使用者的學習體驗，或許還能吸引更多不同背景的學習者。
=== 結束 ===

請輸出**純 JSON**：
以下為範例
{
  "should_update": true,
  "repeat": false,
  "idea": "AI",
  "delta_by_user": {
    "Alice": 0.2,
    "Bob": -0.1
  },
  "reason": "為何需要/不需要更新/是否重複理由"
}

RAW:
```json
{
  "should_update": true,
  "repeat": true,
  "idea": "具有教育功能的網頁應用",
  "delta_by_user": {
    "a": 0.2,
    "b": 0.1,
    "c": 0,
    "d": 0
  },
  "reason": "成員 a 和 b 對做一個具有教育功能的網頁應用持積極支持且已有具體措施討論，重複先前已出現的 idea。"
}
```
PARSED:
{
  "should_update": true,
  "repeat": true,
  "idea": "具有教育功能的網頁應用",
  "delta_by_user": {
    "a": 0.2,
    "b": 0.1,
    "c": 0,
    "d": 0
  },
  "reason": "成員 a 和 b 對做一個具有教育功能的網頁應用持積極支持且已有具體措施討論，重複先前已出現的 idea。"
}

===== 2025-10-07T14:32:29.964Z =====
PROMPT:

你是小組互動觀察者。請先判斷這一輪是否需要更新（不是每句都有可更新的主題）。若需要，只允許輸出**一個**短詞 idea，並只針對該 idea 輸出每位成員的分數增量 delta（-1~+1，常見幅度 <= 0.3）。
規則：
- Host 發言只作為上下文參考，不可影響分數或新增想法。
- 成員鍵名只能用這些：["a","b","c","d"]
- 只允許 1 個 idea；若沒有明確主題或立場/說服跡象，請不要更新。
- idea請主要以繁體中文表達
- 更新前先檢查是否有類似的idea存在，如果有請更新那個idea，不要再建立一個新的idea。
- delta 必須是合法 JSON 數字（不可有 "+" 字首）。

=== 對話（較新在下） ===
Host: 看起來你們完成了專案主題的討論了，讓我們進入下一個議題討論吧
Host: 哈囉大家好，我是聊天室的聊天機器人，我們要討論的是期末的Final Project，目標是打造一個軟體供使用者使用，請大家討論想做甚麼主題，像是網頁、遊戲等。
Host: 大家好，我們現在要討論專案的具體主題，比如是要做一個遊戲還是網頁應用等，請大家分享想法並達成共識。
b: 我覺得我們可以考慮做一個具有教育功能的網頁應用，這樣可以結合學習和互動，並且容易在不同裝置上使用。
b: 我相信具有教育功能的網頁應用能讓學習更有趣，也方便在不同設備上實現。
a: 我認為 b 提出的做一個具有教育功能的網頁應用是一個不錯的方向，它能夠結合學習和互動，而且實現起來也比較方便。
a: 如果我們選擇做一個具有教育功能的網頁應用，我們可以考慮如何讓內容更具互動性，比如加入一些遊戲化元素。
b: 謝謝 a 的支持，我也認為這是一個可行且有吸引力的選擇。我們可以開始討論具體的功能和用戶體驗該如何設計。
Host: 看起來你們完成了專案具體主題的討論了，讓我們進入下一個議題討論吧
a: 我們可以討論如何整合更多教育功能進入網頁應用，這樣不僅能提高使用者的學習體驗，或許還能吸引更多不同背景的學習者。
Host: 接下來我們來討論開發平台，請大家討論並選擇適合的開發平台，如Web、移動應用或桌面應用。
b: 我認為開發平台選擇Web是比較好的選擇，因為具有教育功能的網頁應用可以更容易地被廣泛使用，並且相對來說開發周期較短。我們可以考慮使用現有的一些框架來快速搭建雛形。
(最新) b: 我認為開發平台選擇Web是比較好的選擇，因為具有教育功能的網頁應用可以更容易地被廣泛使用，並且相對來說開發周期較短。我們可以考慮使用現有的一些框架來快速搭建雛形。
=== 結束 ===

請輸出**純 JSON**：
以下為範例
{
  "should_update": true,
  "repeat": false,
  "idea": "AI",
  "delta_by_user": {
    "Alice": 0.2,
    "Bob": -0.1
  },
  "reason": "為何需要/不需要更新/是否重複理由"
}

RAW:
```json
{
  "should_update": true,
  "repeat": true,
  "idea": "具有教育功能的網頁應用",
  "delta_by_user": {
    "a": 0.3,
    "b": 0.3
  },
  "reason": "b 和 a 的最近發言都在支持和加強現有idea：具有教育功能的網頁應用，且討論具體功能和平台選擇，這表現出一致性和說服力。"
}
```
PARSED:
{
  "should_update": true,
  "repeat": true,
  "idea": "具有教育功能的網頁應用",
  "delta_by_user": {
    "a": 0.3,
    "b": 0.3
  },
  "reason": "b 和 a 的最近發言都在支持和加強現有idea:具有教育功能的網頁應用，且討論具體功能和平台選擇，這表現出一致性和說服力。"
}

===== 2025-10-07T14:32:38.317Z =====
PROMPT:

你是小組互動觀察者。請先判斷這一輪是否需要更新（不是每句都有可更新的主題）。若需要，只允許輸出**一個**短詞 idea，並只針對該 idea 輸出每位成員的分數增量 delta（-1~+1，常見幅度 <= 0.3）。
規則：
- Host 發言只作為上下文參考，不可影響分數或新增想法。
- 成員鍵名只能用這些：["a","b","c","d"]
- 只允許 1 個 idea；若沒有明確主題或立場/說服跡象，請不要更新。
- idea請主要以繁體中文表達
- 更新前先檢查是否有類似的idea存在，如果有請更新那個idea，不要再建立一個新的idea。
- delta 必須是合法 JSON 數字（不可有 "+" 字首）。

=== 對話（較新在下） ===
Host: 哈囉大家好，我是聊天室的聊天機器人，我們要討論的是期末的Final Project，目標是打造一個軟體供使用者使用，請大家討論想做甚麼主題，像是網頁、遊戲等。
Host: 大家好，我們現在要討論專案的具體主題，比如是要做一個遊戲還是網頁應用等，請大家分享想法並達成共識。
b: 我覺得我們可以考慮做一個具有教育功能的網頁應用，這樣可以結合學習和互動，並且容易在不同裝置上使用。
b: 我相信具有教育功能的網頁應用能讓學習更有趣，也方便在不同設備上實現。
a: 我認為 b 提出的做一個具有教育功能的網頁應用是一個不錯的方向，它能夠結合學習和互動，而且實現起來也比較方便。
a: 如果我們選擇做一個具有教育功能的網頁應用，我們可以考慮如何讓內容更具互動性，比如加入一些遊戲化元素。
b: 謝謝 a 的支持，我也認為這是一個可行且有吸引力的選擇。我們可以開始討論具體的功能和用戶體驗該如何設計。
Host: 看起來你們完成了專案具體主題的討論了，讓我們進入下一個議題討論吧
a: 我們可以討論如何整合更多教育功能進入網頁應用，這樣不僅能提高使用者的學習體驗，或許還能吸引更多不同背景的學習者。
Host: 接下來我們來討論開發平台，請大家討論並選擇適合的開發平台，如Web、移動應用或桌面應用。
b: 我認為開發平台選擇Web是比較好的選擇，因為具有教育功能的網頁應用可以更容易地被廣泛使用，並且相對來說開發周期較短。我們可以考慮使用現有的一些框架來快速搭建雛形。
a: 我傾向於選擇Web開發平台，因為這樣可以更容易實現具有教育功能的網頁應用，也能夠讓更多人容易地訪問和使用。我們可以考慮利用現有的web技術來實現我們的創意。
(最新) a: 我傾向於選擇Web開發平台，因為這樣可以更容易實現具有教育功能的網頁應用，也能夠讓更多人容易地訪問和使用。我們可以考慮利用現有的web技術來實現我們的創意。
=== 結束 ===

請輸出**純 JSON**：
以下為範例
{
  "should_update": true,
  "repeat": false,
  "idea": "AI",
  "delta_by_user": {
    "Alice": 0.2,
    "Bob": -0.1
  },
  "reason": "為何需要/不需要更新/是否重複理由"
}

RAW:
```json
{
  "should_update": true,
  "repeat": false,
  "idea": "選擇Web作為開發平台",
  "delta_by_user": {
    "a": 0.3,
    "b": 0.3
  },
  "reason": "成員a和b均表示傾向於選擇Web作為開發平台，並提出了理由與支援其選擇。"
}
```
PARSED:
{
  "should_update": true,
  "repeat": false,
  "idea": "選擇Web作為開發平台",
  "delta_by_user": {
    "a": 0.3,
    "b": 0.3
  },
  "reason": "成員a和b均表示傾向於選擇Web作為開發平台，並提出了理由與支援其選擇。"
}

===== 2025-10-07T14:33:00.941Z =====
PROMPT:

你是小組互動觀察者。請先判斷這一輪是否需要更新（不是每句都有可更新的主題）。若需要，只允許輸出**一個**短詞 idea，並只針對該 idea 輸出每位成員的分數增量 delta（-1~+1，常見幅度 <= 0.3）。
規則：
- Host 發言只作為上下文參考，不可影響分數或新增想法。
- 成員鍵名只能用這些：["a","b","c","d"]
- 只允許 1 個 idea；若沒有明確主題或立場/說服跡象，請不要更新。
- idea請主要以繁體中文表達
- 更新前先檢查是否有類似的idea存在，如果有請更新那個idea，不要再建立一個新的idea。
- delta 必須是合法 JSON 數字（不可有 "+" 字首）。

=== 對話（較新在下） ===
b: 我相信具有教育功能的網頁應用能讓學習更有趣，也方便在不同設備上實現。
a: 我認為 b 提出的做一個具有教育功能的網頁應用是一個不錯的方向，它能夠結合學習和互動，而且實現起來也比較方便。
a: 如果我們選擇做一個具有教育功能的網頁應用，我們可以考慮如何讓內容更具互動性，比如加入一些遊戲化元素。
b: 謝謝 a 的支持，我也認為這是一個可行且有吸引力的選擇。我們可以開始討論具體的功能和用戶體驗該如何設計。
Host: 看起來你們完成了專案具體主題的討論了，讓我們進入下一個議題討論吧
a: 我們可以討論如何整合更多教育功能進入網頁應用，這樣不僅能提高使用者的學習體驗，或許還能吸引更多不同背景的學習者。
Host: 接下來我們來討論開發平台，請大家討論並選擇適合的開發平台，如Web、移動應用或桌面應用。
b: 我認為開發平台選擇Web是比較好的選擇，因為具有教育功能的網頁應用可以更容易地被廣泛使用，並且相對來說開發周期較短。我們可以考慮使用現有的一些框架來快速搭建雛形。
a: 我傾向於選擇Web開發平台，因為這樣可以更容易實現具有教育功能的網頁應用，也能夠讓更多人容易地訪問和使用。我們可以考慮利用現有的web技術來實現我們的創意。
Host: 看起來你們完成了開發平台的討論了，讓我們進入下一個議題討論吧
b: 我想我們可以開始討論一下具有教育功能的網頁應用。我們可以考慮如何設計一個既有趣又具教育價值的網頁，並且探討可能的技術實現方案。
a: 就具有教育功能的網頁應用，我想這是一個很有潛力的方向。通過網頁應用，我們可以設計一些交互性強的學習工具，這不僅能激發學生的興趣，還能提高學習效果。如果大家有興趣，我可以分享一些具體的想法。
(最新) a: 就具有教育功能的網頁應用，我想這是一個很有潛力的方向。通過網頁應用，我們可以設計一些交互性強的學習工具，這不僅能激發學生的興趣，還能提高學習效果。如果大家有興趣，我可以分享一些具體的想法。
=== 結束 ===

請輸出**純 JSON**：
以下為範例
{
  "should_update": true,
  "repeat": false,
  "idea": "AI",
  "delta_by_user": {
    "Alice": 0.2,
    "Bob": -0.1
  },
  "reason": "為何需要/不需要更新/是否重複理由"
}

RAW:
```json
{
  "should_update": true,
  "repeat": true,
  "idea": "具有教育功能的網頁應用",
  "delta_by_user": {
    "a": 0.2,
    "b": 0.2
  },
  "reason": "成員 a 和 b 的發言持續支持並強化已存在的 idea，並分享具體實現與設計方面的興趣，無需新增新 idea。"
}
```
PARSED:
{
  "should_update": true,
  "repeat": true,
  "idea": "具有教育功能的網頁應用",
  "delta_by_user": {
    "a": 0.2,
    "b": 0.2
  },
  "reason": "成員 a 和 b 的發言持續支持並強化已存在的 idea，並分享具體實現與設計方面的興趣，無需新增新 idea。"
}

===== 2025-10-07T14:33:00.957Z =====
PROMPT:

你是小組互動觀察者。請先判斷這一輪是否需要更新（不是每句都有可更新的主題）。若需要，只允許輸出**一個**短詞 idea，並只針對該 idea 輸出每位成員的分數增量 delta（-1~+1，常見幅度 <= 0.3）。
規則：
- Host 發言只作為上下文參考，不可影響分數或新增想法。
- 成員鍵名只能用這些：["a","b","c","d"]
- 只允許 1 個 idea；若沒有明確主題或立場/說服跡象，請不要更新。
- idea請主要以繁體中文表達
- 更新前先檢查是否有類似的idea存在，如果有請更新那個idea，不要再建立一個新的idea。
- delta 必須是合法 JSON 數字（不可有 "+" 字首）。

=== 對話（較新在下） ===
b: 我覺得我們可以考慮做一個具有教育功能的網頁應用，這樣可以結合學習和互動，並且容易在不同裝置上使用。
b: 我相信具有教育功能的網頁應用能讓學習更有趣，也方便在不同設備上實現。
a: 我認為 b 提出的做一個具有教育功能的網頁應用是一個不錯的方向，它能夠結合學習和互動，而且實現起來也比較方便。
a: 如果我們選擇做一個具有教育功能的網頁應用，我們可以考慮如何讓內容更具互動性，比如加入一些遊戲化元素。
b: 謝謝 a 的支持，我也認為這是一個可行且有吸引力的選擇。我們可以開始討論具體的功能和用戶體驗該如何設計。
Host: 看起來你們完成了專案具體主題的討論了，讓我們進入下一個議題討論吧
a: 我們可以討論如何整合更多教育功能進入網頁應用，這樣不僅能提高使用者的學習體驗，或許還能吸引更多不同背景的學習者。
Host: 接下來我們來討論開發平台，請大家討論並選擇適合的開發平台，如Web、移動應用或桌面應用。
b: 我認為開發平台選擇Web是比較好的選擇，因為具有教育功能的網頁應用可以更容易地被廣泛使用，並且相對來說開發周期較短。我們可以考慮使用現有的一些框架來快速搭建雛形。
a: 我傾向於選擇Web開發平台，因為這樣可以更容易實現具有教育功能的網頁應用，也能夠讓更多人容易地訪問和使用。我們可以考慮利用現有的web技術來實現我們的創意。
Host: 看起來你們完成了開發平台的討論了，讓我們進入下一個議題討論吧
b: 我想我們可以開始討論一下具有教育功能的網頁應用。我們可以考慮如何設計一個既有趣又具教育價值的網頁，並且探討可能的技術實現方案。
(最新) b: 我想我們可以開始討論一下具有教育功能的網頁應用。我們可以考慮如何設計一個既有趣又具教育價值的網頁，並且探討可能的技術實現方案。
=== 結束 ===

請輸出**純 JSON**：
以下為範例
{
  "should_update": true,
  "repeat": false,
  "idea": "AI",
  "delta_by_user": {
    "Alice": 0.2,
    "Bob": -0.1
  },
  "reason": "為何需要/不需要更新/是否重複理由"
}

RAW:
{
  "should_update": true,
  "repeat": true,
  "idea": "具有教育功能的網頁應用",
  "delta_by_user": {
    "a": 0.2,
    "b": 0.3
  },
  "reason": "a 和 b 都對具有教育功能的網頁應用表示了支持和積極的討論，並想要具體化該計畫，因此值得增加其貢獻程度。"
}
PARSED:
{
  "should_update": true,
  "repeat": true,
  "idea": "具有教育功能的網頁應用",
  "delta_by_user": {
    "a": 0.2,
    "b": 0.3
  },
  "reason": "a 和 b 都對具有教育功能的網頁應用表示了支持和積極的討論，並想要具體化該計畫，因此值得增加其貢獻程度。"
}

===== 2025-10-07T14:33:15.571Z =====
PROMPT:

你是小組互動觀察者。請先判斷這一輪是否需要更新（不是每句都有可更新的主題）。若需要，只允許輸出**一個**短詞 idea，並只針對該 idea 輸出每位成員的分數增量 delta（-1~+1，常見幅度 <= 0.3）。
規則：
- Host 發言只作為上下文參考，不可影響分數或新增想法。
- 成員鍵名只能用這些：["a","b","c","d"]
- 只允許 1 個 idea；若沒有明確主題或立場/說服跡象，請不要更新。
- idea請主要以繁體中文表達
- 更新前先檢查是否有類似的idea存在，如果有請更新那個idea，不要再建立一個新的idea。
- delta 必須是合法 JSON 數字（不可有 "+" 字首）。

=== 對話（較新在下） ===
a: 我認為 b 提出的做一個具有教育功能的網頁應用是一個不錯的方向，它能夠結合學習和互動，而且實現起來也比較方便。
a: 如果我們選擇做一個具有教育功能的網頁應用，我們可以考慮如何讓內容更具互動性，比如加入一些遊戲化元素。
b: 謝謝 a 的支持，我也認為這是一個可行且有吸引力的選擇。我們可以開始討論具體的功能和用戶體驗該如何設計。
Host: 看起來你們完成了專案具體主題的討論了，讓我們進入下一個議題討論吧
a: 我們可以討論如何整合更多教育功能進入網頁應用，這樣不僅能提高使用者的學習體驗，或許還能吸引更多不同背景的學習者。
Host: 接下來我們來討論開發平台，請大家討論並選擇適合的開發平台，如Web、移動應用或桌面應用。
b: 我認為開發平台選擇Web是比較好的選擇，因為具有教育功能的網頁應用可以更容易地被廣泛使用，並且相對來說開發周期較短。我們可以考慮使用現有的一些框架來快速搭建雛形。
a: 我傾向於選擇Web開發平台，因為這樣可以更容易實現具有教育功能的網頁應用，也能夠讓更多人容易地訪問和使用。我們可以考慮利用現有的web技術來實現我們的創意。
Host: 看起來你們完成了開發平台的討論了，讓我們進入下一個議題討論吧
b: 我想我們可以開始討論一下具有教育功能的網頁應用。我們可以考慮如何設計一個既有趣又具教育價值的網頁，並且探討可能的技術實現方案。
a: 就具有教育功能的網頁應用，我想這是一個很有潛力的方向。通過網頁應用，我們可以設計一些交互性強的學習工具，這不僅能激發學生的興趣，還能提高學習效果。如果大家有興趣，我可以分享一些具體的想法。
b: a，我很贊成你的想法。你有沒有考慮過具體使用哪種技術來實現這些交互功能？或許我們可以一起探討一下不同技術的優缺點。
(最新) b: a，我很贊成你的想法。你有沒有考慮過具體使用哪種技術來實現這些交互功能？或許我們可以一起探討一下不同技術的優缺點。
=== 結束 ===

請輸出**純 JSON**：
以下為範例
{
  "should_update": true,
  "repeat": false,
  "idea": "AI",
  "delta_by_user": {
    "Alice": 0.2,
    "Bob": -0.1
  },
  "reason": "為何需要/不需要更新/是否重複理由"
}

RAW:
```json
{
  "should_update": false,
  "repeat": false,
  "idea": "",
  "delta_by_user": {},
  "reason": "本輪的討論內容主要是對之前已經選定方向的確認和技術探討，沒有新主題或立場改變，不需要更新。"
}
```
PARSED:
{
  "should_update": false,
  "repeat": false,
  "idea": "",
  "delta_by_user": {},
  "reason": "本輪的討論內容主要是對之前已經選定方向的確認和技術探討，沒有新主題或立場改變，不需要更新。"
}

===== 2025-10-07T14:33:15.732Z =====
PROMPT:

你是小組互動觀察者。請先判斷這一輪是否需要更新（不是每句都有可更新的主題）。若需要，只允許輸出**一個**短詞 idea，並只針對該 idea 輸出每位成員的分數增量 delta（-1~+1，常見幅度 <= 0.3）。
規則：
- Host 發言只作為上下文參考，不可影響分數或新增想法。
- 成員鍵名只能用這些：["a","b","c","d"]
- 只允許 1 個 idea；若沒有明確主題或立場/說服跡象，請不要更新。
- idea請主要以繁體中文表達
- 更新前先檢查是否有類似的idea存在，如果有請更新那個idea，不要再建立一個新的idea。
- delta 必須是合法 JSON 數字（不可有 "+" 字首）。

=== 對話（較新在下） ===
a: 如果我們選擇做一個具有教育功能的網頁應用，我們可以考慮如何讓內容更具互動性，比如加入一些遊戲化元素。
b: 謝謝 a 的支持，我也認為這是一個可行且有吸引力的選擇。我們可以開始討論具體的功能和用戶體驗該如何設計。
Host: 看起來你們完成了專案具體主題的討論了，讓我們進入下一個議題討論吧
a: 我們可以討論如何整合更多教育功能進入網頁應用，這樣不僅能提高使用者的學習體驗，或許還能吸引更多不同背景的學習者。
Host: 接下來我們來討論開發平台，請大家討論並選擇適合的開發平台，如Web、移動應用或桌面應用。
b: 我認為開發平台選擇Web是比較好的選擇，因為具有教育功能的網頁應用可以更容易地被廣泛使用，並且相對來說開發周期較短。我們可以考慮使用現有的一些框架來快速搭建雛形。
a: 我傾向於選擇Web開發平台，因為這樣可以更容易實現具有教育功能的網頁應用，也能夠讓更多人容易地訪問和使用。我們可以考慮利用現有的web技術來實現我們的創意。
Host: 看起來你們完成了開發平台的討論了，讓我們進入下一個議題討論吧
b: 我想我們可以開始討論一下具有教育功能的網頁應用。我們可以考慮如何設計一個既有趣又具教育價值的網頁，並且探討可能的技術實現方案。
a: 就具有教育功能的網頁應用，我想這是一個很有潛力的方向。通過網頁應用，我們可以設計一些交互性強的學習工具，這不僅能激發學生的興趣，還能提高學習效果。如果大家有興趣，我可以分享一些具體的想法。
b: a，我很贊成你的想法。你有沒有考慮過具體使用哪種技術來實現這些交互功能？或許我們可以一起探討一下不同技術的優缺點。
a: 我剛才提到了一些具體想法，例如我們可以設計一個模擬實驗室的網頁應用，學生可以在上面進行各種科學實驗的模擬操作，這樣不僅能提升他們的動手能力，還能更好地理解理論知識。大家覺得這樣的設計怎麼樣？
(最新) a: 我剛才提到了一些具體想法，例如我們可以設計一個模擬實驗室的網頁應用，學生可以在上面進行各種科學實驗的模擬操作，這樣不僅能提升他們的動手能力，還能更好地理解理論知識。大家覺得這樣的設計怎麼樣？
=== 結束 ===

請輸出**純 JSON**：
以下為範例
{
  "should_update": true,
  "repeat": false,
  "idea": "AI",
  "delta_by_user": {
    "Alice": 0.2,
    "Bob": -0.1
  },
  "reason": "為何需要/不需要更新/是否重複理由"
}

RAW:
{
  "should_update": false,
  "repeat": false,
  "reason": "目前的對話並沒有提出新的想法，而是在對已有的教育功能網頁應用的具體實施細節進行討論和擴充，因此不需要更新新主題。"
}
PARSED:
{
  "should_update": false,
  "repeat": false,
  "reason": "目前的對話並沒有提出新的想法，而是在對已有的教育功能網頁應用的具體實施細節進行討論和擴充，因此不需要更新新主題。"
}
