
===== 2025-10-07T13:38:19.139Z =====
PROMPT:

你是小組互動觀察者。請閱讀以下多人討論的片段，判斷是否需要微幅更新成員間的關係分數（-1 ~ +1）。
若需要更新，只輸出有變化的「人際方向」(A 對 B)，每個增量 delta 限制在 [-0.1, +0.1] 之間。
規則：
- Host 僅作為上下文，不可列入/影響關係分數。
- 只允許使用下列成員作為鍵名：["a","b"]
- 關係是「有方向的」：A 對 B 不一定等於 B 對 A（若你判斷兩邊都變動，可各自輸出）。
- 若本輪缺乏互動/情緒線索（同意/致謝/讚同/反駁/否定/指責/打斷/忽視/合作/支持等），請不要更新。
- 僅輸出需要變動的 pair；沒有變更就省略，不要硬湊。

參考的互動線索（僅供你判斷，請勿額外輸出）：
- 正向：表示支持/同意、稱讚、感謝、主動回應對方問題、採納建議、協作順暢
- 負向：否定/反對且語氣強烈、冷落對方、打斷、指責、嘲諷、拒絕合作

=== 對話（較新在下） ===
b: 我對這個主題有一些想法，可以先釐清目前我們的目標和時間安排，這樣更容易制定可行的計畫。
(最新) b: 我對這個主題有一些想法，可以先釐清目前我們的目標和時間安排，這樣更容易制定可行的計畫。
=== 結束 ===

請輸出**純 JSON**（不要 markdown）：例如
{
  "should_update": true,
  "delta_by_pair": {
    "Alice": { "Bob": 0.05, "Carol": -0.02 },
    "Bob": { "Alice": 0.03 }
  },
  "reason": "為何需要或不需要更新（可略）"
}
若不更新：
{ "should_update": false, "reason": "…" }

RAW:
```json
{ "should_update": false, "reason": "缺乏情緒線索或明確的互動，不需要更新關係分數。" }
```
PARSED:
{
  "should_update": false,
  "reason": "缺乏情緒線索或明確的互動，不需要更新關係分數。"
}

===== 2025-10-07T13:38:27.773Z =====
PROMPT:

你是小組互動觀察者。請閱讀以下多人討論的片段，判斷是否需要微幅更新成員間的關係分數（-1 ~ +1）。
若需要更新，只輸出有變化的「人際方向」(A 對 B)，每個增量 delta 限制在 [-0.1, +0.1] 之間。
規則：
- Host 僅作為上下文，不可列入/影響關係分數。
- 只允許使用下列成員作為鍵名：["a","b"]
- 關係是「有方向的」：A 對 B 不一定等於 B 對 A（若你判斷兩邊都變動，可各自輸出）。
- 若本輪缺乏互動/情緒線索（同意/致謝/讚同/反駁/否定/指責/打斷/忽視/合作/支持等），請不要更新。
- 僅輸出需要變動的 pair；沒有變更就省略，不要硬湊。

參考的互動線索（僅供你判斷，請勿額外輸出）：
- 正向：表示支持/同意、稱讚、感謝、主動回應對方問題、採納建議、協作順暢
- 負向：否定/反對且語氣強烈、冷落對方、打斷、指責、嘲諷、拒絕合作

=== 對話（較新在下） ===
b: 我對這個主題有一些想法，可以先釐清目前我們的目標和時間安排，這樣更容易制定可行的計畫。
Host: 哈囉大家好，我是聊天室的聊天機器人，我們要討論的是期末的 Final Project，目標是打造一個軟體供使用者使用，請大家討論想做甚麼主題，像是網頁、遊戲等。
b: a，有沒有什麼想法可以分享？或許我們可以先聽聽你的意見，然後再一起制定更具體的計畫。
(最新) b: a，有沒有什麼想法可以分享？或許我們可以先聽聽你的意見，然後再一起制定更具體的計畫。
=== 結束 ===

請輸出**純 JSON**（不要 markdown）：例如
{
  "should_update": true,
  "delta_by_pair": {
    "Alice": { "Bob": 0.05, "Carol": -0.02 },
    "Bob": { "Alice": 0.03 }
  },
  "reason": "為何需要或不需要更新（可略）"
}
若不更新：
{ "should_update": false, "reason": "…" }

RAW:
```json
{ "should_update": false, "reason": "缺乏明顯的互動/情緒線索帶來的變動需要。" }
```
PARSED:
{
  "should_update": false,
  "reason": "缺乏明顯的互動/情緒線索帶來的變動需要。"
}

===== 2025-10-07T13:38:29.559Z =====
PROMPT:

你是小組互動觀察者。請閱讀以下多人討論的片段，判斷是否需要微幅更新成員間的關係分數（-1 ~ +1）。
若需要更新，只輸出有變化的「人際方向」(A 對 B)，每個增量 delta 限制在 [-0.1, +0.1] 之間。
規則：
- Host 僅作為上下文，不可列入/影響關係分數。
- 只允許使用下列成員作為鍵名：["a","b"]
- 關係是「有方向的」：A 對 B 不一定等於 B 對 A（若你判斷兩邊都變動，可各自輸出）。
- 若本輪缺乏互動/情緒線索（同意/致謝/讚同/反駁/否定/指責/打斷/忽視/合作/支持等），請不要更新。
- 僅輸出需要變動的 pair；沒有變更就省略，不要硬湊。

參考的互動線索（僅供你判斷，請勿額外輸出）：
- 正向：表示支持/同意、稱讚、感謝、主動回應對方問題、採納建議、協作順暢
- 負向：否定/反對且語氣強烈、冷落對方、打斷、指責、嘲諷、拒絕合作

=== 對話（較新在下） ===
b: 我對這個主題有一些想法，可以先釐清目前我們的目標和時間安排，這樣更容易制定可行的計畫。
Host: 哈囉大家好，我是聊天室的聊天機器人，我們要討論的是期末的 Final Project，目標是打造一個軟體供使用者使用，請大家討論想做甚麼主題，像是網頁、遊戲等。
b: a，有沒有什麼想法可以分享？或許我們可以先聽聽你的意見，然後再一起制定更具體的計畫。
a: 我們可以考慮先討論一下每個人對這個主題的不同想法和觀點，這樣或許可以激發一些新的思路。
(最新) a: 我們可以考慮先討論一下每個人對這個主題的不同想法和觀點，這樣或許可以激發一些新的思路。
=== 結束 ===

請輸出**純 JSON**（不要 markdown）：例如
{
  "should_update": true,
  "delta_by_pair": {
    "Alice": { "Bob": 0.05, "Carol": -0.02 },
    "Bob": { "Alice": 0.03 }
  },
  "reason": "為何需要或不需要更新（可略）"
}
若不更新：
{ "should_update": false, "reason": "…" }

RAW:
```json
{
  "should_update": true,
  "delta_by_pair": {
    "b": { "a": 0.1 },
    "a": { "b": 0.05 }
  },
  "reason": "b主動詢問a的看法並希望共同制定計畫，表現出對a的支持和合作意願；a接受並提出討論建議，表現出合作"
}
```
PARSED:
{
  "should_update": true,
  "delta_by_pair": {
    "b": {
      "a": 0.1
    },
    "a": {
      "b": 0.05
    }
  },
  "reason": "b主動詢問a的看法並希望共同制定計畫，表現出對a的支持和合作意願；a接受並提出討論建議，表現出合作"
}

===== 2025-10-07T13:38:46.268Z =====
PROMPT:

你是小組互動觀察者。請閱讀以下多人討論的片段，判斷是否需要微幅更新成員間的關係分數（-1 ~ +1）。
若需要更新，只輸出有變化的「人際方向」(A 對 B)，每個增量 delta 限制在 [-0.1, +0.1] 之間。
規則：
- Host 僅作為上下文，不可列入/影響關係分數。
- 只允許使用下列成員作為鍵名：["a","b"]
- 關係是「有方向的」：A 對 B 不一定等於 B 對 A（若你判斷兩邊都變動，可各自輸出）。
- 若本輪缺乏互動/情緒線索（同意/致謝/讚同/反駁/否定/指責/打斷/忽視/合作/支持等），請不要更新。
- 僅輸出需要變動的 pair；沒有變更就省略，不要硬湊。

參考的互動線索（僅供你判斷，請勿額外輸出）：
- 正向：表示支持/同意、稱讚、感謝、主動回應對方問題、採納建議、協作順暢
- 負向：否定/反對且語氣強烈、冷落對方、打斷、指責、嘲諷、拒絕合作

=== 對話（較新在下） ===
b: 我對這個主題有一些想法，可以先釐清目前我們的目標和時間安排，這樣更容易制定可行的計畫。
Host: 哈囉大家好，我是聊天室的聊天機器人，我們要討論的是期末的 Final Project，目標是打造一個軟體供使用者使用，請大家討論想做甚麼主題，像是網頁、遊戲等。
b: a，有沒有什麼想法可以分享？或許我們可以先聽聽你的意見，然後再一起制定更具體的計畫。
a: 我們可以考慮先討論一下每個人對這個主題的不同想法和觀點，這樣或許可以激發一些新的思路。
Host: 看起來我們需要釐清專案主題與方向，讓我們一起討論並確定專案的具體主題和方向吧。
b: 我覺得我們可以先列出我們這次專案的幾個主要目標，然後討論時間安排，這樣會更清楚了解我們需要達成的具體任務。
(最新) b: 我覺得我們可以先列出我們這次專案的幾個主要目標，然後討論時間安排，這樣會更清楚了解我們需要達成的具體任務。
=== 結束 ===

請輸出**純 JSON**（不要 markdown）：例如
{
  "should_update": true,
  "delta_by_pair": {
    "Alice": { "Bob": 0.05, "Carol": -0.02 },
    "Bob": { "Alice": 0.03 }
  },
  "reason": "為何需要或不需要更新（可略）"
}
若不更新：
{ "should_update": false, "reason": "…" }

RAW:
```json
{
  "should_update": true,
  "delta_by_pair": {
    "b": {
      "a": 0.1
    }
  },
  "reason": "b 主動詢問 a 的意見，顯示出支持與合作的態度。"
}
```
PARSED:
{
  "should_update": true,
  "delta_by_pair": {
    "b": {
      "a": 0.1
    }
  },
  "reason": "b 主動詢問 a 的意見，顯示出支持與合作的態度。"
}

===== 2025-10-07T14:21:36.153Z =====
PROMPT:

你是小組互動觀察者。請閱讀以下多人討論的片段，判斷是否需要微幅更新成員間的關係分數（-1 ~ +1）。
若需要更新，只輸出有變化的「人際方向」(A 對 B)，每個增量 delta 限制在 [-0.1, +0.1] 之間。
規則：
- Host 僅作為上下文，不可列入/影響關係分數。
- 只允許使用下列成員作為鍵名：["a","b","c"]
- 關係是「有方向的」：A 對 B 不一定等於 B 對 A（若你判斷兩邊都變動，可各自輸出）。
- 若本輪缺乏互動/情緒線索（同意/致謝/讚同/反駁/否定/指責/打斷/忽視/合作/支持等），請不要更新。
- 僅輸出需要變動的 pair；沒有變更就省略，不要硬湊。

參考的互動線索（僅供你判斷，請勿額外輸出）：
- 正向：表示支持/同意、稱讚、感謝、主動回應對方問題、採納建議、協作順暢
- 負向：否定/反對且語氣強烈、冷落對方、打斷、指責、嘲諷、拒絕合作

=== 對話（較新在下） ===
b: 我覺得我們可以先聚焦在專案的目標和時間安排上，把目標分解成可執行的步驟，確保每個成員都清楚各自的任務和截止日期。這樣可以促進團隊更有序地運作，也有利於整體進度的掌握。
(最新) b: 我覺得我們可以先聚焦在專案的目標和時間安排上，把目標分解成可執行的步驟，確保每個成員都清楚各自的任務和截止日期。這樣可以促進團隊更有序地運作，也有利於整體進度的掌握。
=== 結束 ===

請輸出**純 JSON**（不要 markdown）：例如
{
  "should_update": true,
  "delta_by_pair": {
    "Alice": { "Bob": 0.05, "Carol": -0.02 },
    "Bob": { "Alice": 0.03 }
  },
  "reason": "為何需要或不需要更新（可略）"
}
若不更新：
{ "should_update": false, "reason": "…" }

RAW:
{ "should_update": false, "reason": "對話中缺乏直接的互動或明顯的情緒線索，因此不需要更新成員間的關係分數。" }
PARSED:
{
  "should_update": false,
  "reason": "對話中缺乏直接的互動或明顯的情緒線索，因此不需要更新成員間的關係分數。"
}

===== 2025-10-07T14:21:50.845Z =====
PROMPT:

你是小組互動觀察者。請閱讀以下多人討論的片段，判斷是否需要微幅更新成員間的關係分數（-1 ~ +1）。
若需要更新，只輸出有變化的「人際方向」(A 對 B)，每個增量 delta 限制在 [-0.1, +0.1] 之間。
規則：
- Host 僅作為上下文，不可列入/影響關係分數。
- 只允許使用下列成員作為鍵名：["a","b","c"]
- 關係是「有方向的」：A 對 B 不一定等於 B 對 A（若你判斷兩邊都變動，可各自輸出）。
- 若本輪缺乏互動/情緒線索（同意/致謝/讚同/反駁/否定/指責/打斷/忽視/合作/支持等），請不要更新。
- 僅輸出需要變動的 pair；沒有變更就省略，不要硬湊。

參考的互動線索（僅供你判斷，請勿額外輸出）：
- 正向：表示支持/同意、稱讚、感謝、主動回應對方問題、採納建議、協作順暢
- 負向：否定/反對且語氣強烈、冷落對方、打斷、指責、嘲諷、拒絕合作

=== 對話（較新在下） ===
b: 我覺得我們可以先聚焦在專案的目標和時間安排上，把目標分解成可執行的步驟，確保每個成員都清楚各自的任務和截止日期。這樣可以促進團隊更有序地運作，也有利於整體進度的掌握。
Host: 哈囉大家好，我是聊天室的聊天機器人，我們要討論的是期末的Final Project，目標是打造一個軟體供使用者使用，請大家討論想做甚麼主題，像是網頁、遊戲等。
b: 我們已經確定目標是製作一個軟體，或許我們可以先討論時間安排這部分，這樣可以讓我們對項目進程有更清晰的認識。
(最新) b: 我們已經確定目標是製作一個軟體，或許我們可以先討論時間安排這部分，這樣可以讓我們對項目進程有更清晰的認識。
=== 結束 ===

請輸出**純 JSON**（不要 markdown）：例如
{
  "should_update": true,
  "delta_by_pair": {
    "Alice": { "Bob": 0.05, "Carol": -0.02 },
    "Bob": { "Alice": 0.03 }
  },
  "reason": "為何需要或不需要更新（可略）"
}
若不更新：
{ "should_update": false, "reason": "…" }

RAW:
{ "should_update": false, "reason": "對話中缺乏足夠的互動/情緒線索來更新關係分數。" }
PARSED:
{
  "should_update": false,
  "reason": "對話中缺乏足夠的互動/情緒線索來更新關係分數。"
}

===== 2025-10-07T14:22:21.501Z =====
PROMPT:

你是小組互動觀察者。請閱讀以下多人討論的片段，判斷是否需要微幅更新成員間的關係分數（-1 ~ +1）。
若需要更新，只輸出有變化的「人際方向」(A 對 B)，每個增量 delta 限制在 [-0.1, +0.1] 之間。
規則：
- Host 僅作為上下文，不可列入/影響關係分數。
- 只允許使用下列成員作為鍵名：["a","b","c"]
- 關係是「有方向的」：A 對 B 不一定等於 B 對 A（若你判斷兩邊都變動，可各自輸出）。
- 若本輪缺乏互動/情緒線索（同意/致謝/讚同/反駁/否定/指責/打斷/忽視/合作/支持等），請不要更新。
- 僅輸出需要變動的 pair；沒有變更就省略，不要硬湊。

參考的互動線索（僅供你判斷，請勿額外輸出）：
- 正向：表示支持/同意、稱讚、感謝、主動回應對方問題、採納建議、協作順暢
- 負向：否定/反對且語氣強烈、冷落對方、打斷、指責、嘲諷、拒絕合作

=== 對話（較新在下） ===
Host: 哈囉大家好，我是聊天室的聊天機器人，我們要討論的是期末的Final Project，目標是打造一個軟體供使用者使用，請大家討論想做甚麼主題，像是網頁、遊戲等。
b: 我們可以考慮做一個網頁專案，這樣會比較符合我們的目標和時間安排，也比較容易進行時間管理。不知道大家怎麼想呢？
(最新) b: 我們可以考慮做一個網頁專案，這樣會比較符合我們的目標和時間安排，也比較容易進行時間管理。不知道大家怎麼想呢？
=== 結束 ===

請輸出**純 JSON**（不要 markdown）：例如
{
  "should_update": true,
  "delta_by_pair": {
    "Alice": { "Bob": 0.05, "Carol": -0.02 },
    "Bob": { "Alice": 0.03 }
  },
  "reason": "為何需要或不需要更新（可略）"
}
若不更新：
{ "should_update": false, "reason": "…" }

RAW:
{ "should_update": false, "reason": "缺乏互動/情緒線索，無需更新成員間的關係分數。" }
PARSED:
{
  "should_update": false,
  "reason": "缺乏互動/情緒線索，無需更新成員間的關係分數。"
}

===== 2025-10-07T14:22:34.261Z =====
PROMPT:

你是小組互動觀察者。請閱讀以下多人討論的片段，判斷是否需要微幅更新成員間的關係分數（-1 ~ +1）。
若需要更新，只輸出有變化的「人際方向」(A 對 B)，每個增量 delta 限制在 [-0.1, +0.1] 之間。
規則：
- Host 僅作為上下文，不可列入/影響關係分數。
- 只允許使用下列成員作為鍵名：["a","b","c"]
- 關係是「有方向的」：A 對 B 不一定等於 B 對 A（若你判斷兩邊都變動，可各自輸出）。
- 若本輪缺乏互動/情緒線索（同意/致謝/讚同/反駁/否定/指責/打斷/忽視/合作/支持等），請不要更新。
- 僅輸出需要變動的 pair；沒有變更就省略，不要硬湊。

參考的互動線索（僅供你判斷，請勿額外輸出）：
- 正向：表示支持/同意、稱讚、感謝、主動回應對方問題、採納建議、協作順暢
- 負向：否定/反對且語氣強烈、冷落對方、打斷、指責、嘲諷、拒絕合作

=== 對話（較新在下） ===
Host: 哈囉大家好，我是聊天室的聊天機器人，我們要討論的是期末的Final Project，目標是打造一個軟體供使用者使用，請大家討論想做甚麼主題，像是網頁、遊戲等。
b: 我們可以考慮做一個網頁專案，這樣會比較符合我們的目標和時間安排，也比較容易進行時間管理。不知道大家怎麼想呢？
Host: 我們現在進行專案主題選擇，請大家提出建議，看看要針對什麼樣的軟體或應用程式進行開發，例如遊戲或網頁應用程式。
b: 我認為可以考慮開發一個網頁應用程式，這樣可以讓我們在專案時間安排上更具有靈活性，並且目標可以更明確。
(最新) b: 我認為可以考慮開發一個網頁應用程式，這樣可以讓我們在專案時間安排上更具有靈活性，並且目標可以更明確。
=== 結束 ===

請輸出**純 JSON**（不要 markdown）：例如
{
  "should_update": true,
  "delta_by_pair": {
    "Alice": { "Bob": 0.05, "Carol": -0.02 },
    "Bob": { "Alice": 0.03 }
  },
  "reason": "為何需要或不需要更新（可略）"
}
若不更新：
{ "should_update": false, "reason": "…" }

RAW:
```json
{ "should_update": false, "reason": "對話中缺乏成員間的直接互動與情緒線索。" }
```
PARSED:
{
  "should_update": false,
  "reason": "對話中缺乏成員間的直接互動與情緒線索。"
}

===== 2025-10-07T14:22:49.233Z =====
PROMPT:

你是小組互動觀察者。請閱讀以下多人討論的片段，判斷是否需要微幅更新成員間的關係分數（-1 ~ +1）。
若需要更新，只輸出有變化的「人際方向」(A 對 B)，每個增量 delta 限制在 [-0.1, +0.1] 之間。
規則：
- Host 僅作為上下文，不可列入/影響關係分數。
- 只允許使用下列成員作為鍵名：["a","b","c"]
- 關係是「有方向的」：A 對 B 不一定等於 B 對 A（若你判斷兩邊都變動，可各自輸出）。
- 若本輪缺乏互動/情緒線索（同意/致謝/讚同/反駁/否定/指責/打斷/忽視/合作/支持等），請不要更新。
- 僅輸出需要變動的 pair；沒有變更就省略，不要硬湊。

參考的互動線索（僅供你判斷，請勿額外輸出）：
- 正向：表示支持/同意、稱讚、感謝、主動回應對方問題、採納建議、協作順暢
- 負向：否定/反對且語氣強烈、冷落對方、打斷、指責、嘲諷、拒絕合作

=== 對話（較新在下） ===
Host: 哈囉大家好，我是聊天室的聊天機器人，我們要討論的是期末的Final Project，目標是打造一個軟體供使用者使用，請大家討論想做甚麼主題，像是網頁、遊戲等。
b: 我們可以考慮做一個網頁專案，這樣會比較符合我們的目標和時間安排，也比較容易進行時間管理。不知道大家怎麼想呢？
Host: 我們現在進行專案主題選擇，請大家提出建議，看看要針對什麼樣的軟體或應用程式進行開發，例如遊戲或網頁應用程式。
b: 我認為可以考慮開發一個網頁應用程式，這樣可以讓我們在專案時間安排上更具有靈活性，並且目標可以更明確。
b: 我覺得可以進一步討論網頁應用程式開發的具體目標和時間安排，以便我們更好地組織項目進程。
(最新) b: 我覺得可以進一步討論網頁應用程式開發的具體目標和時間安排，以便我們更好地組織項目進程。
=== 結束 ===

請輸出**純 JSON**（不要 markdown）：例如
{
  "should_update": true,
  "delta_by_pair": {
    "Alice": { "Bob": 0.05, "Carol": -0.02 },
    "Bob": { "Alice": 0.03 }
  },
  "reason": "為何需要或不需要更新（可略）"
}
若不更新：
{ "should_update": false, "reason": "…" }

RAW:
{
  "should_update": false,
  "reason": "在這段對話中，只有成員b提出了對於專案主題的建議，但並未獲得其他成員的明確響應或情緒線索，缺乏互動或情緒線索的情況下，不需要更新成員間的關係分數。"
}
PARSED:
{
  "should_update": false,
  "reason": "在這段對話中，只有成員b提出了對於專案主題的建議，但並未獲得其他成員的明確響應或情緒線索，缺乏互動或情緒線索的情況下，不需要更新成員間的關係分數。"
}

===== 2025-10-07T14:23:02.493Z =====
PROMPT:

你是小組互動觀察者。請閱讀以下多人討論的片段，判斷是否需要微幅更新成員間的關係分數（-1 ~ +1）。
若需要更新，只輸出有變化的「人際方向」(A 對 B)，每個增量 delta 限制在 [-0.1, +0.1] 之間。
規則：
- Host 僅作為上下文，不可列入/影響關係分數。
- 只允許使用下列成員作為鍵名：["a","b","c"]
- 關係是「有方向的」：A 對 B 不一定等於 B 對 A（若你判斷兩邊都變動，可各自輸出）。
- 若本輪缺乏互動/情緒線索（同意/致謝/讚同/反駁/否定/指責/打斷/忽視/合作/支持等），請不要更新。
- 僅輸出需要變動的 pair；沒有變更就省略，不要硬湊。

參考的互動線索（僅供你判斷，請勿額外輸出）：
- 正向：表示支持/同意、稱讚、感謝、主動回應對方問題、採納建議、協作順暢
- 負向：否定/反對且語氣強烈、冷落對方、打斷、指責、嘲諷、拒絕合作

=== 對話（較新在下） ===
Host: 哈囉大家好，我是聊天室的聊天機器人，我們要討論的是期末的Final Project，目標是打造一個軟體供使用者使用，請大家討論想做甚麼主題，像是網頁、遊戲等。
b: 我們可以考慮做一個網頁專案，這樣會比較符合我們的目標和時間安排，也比較容易進行時間管理。不知道大家怎麼想呢？
Host: 我們現在進行專案主題選擇，請大家提出建議，看看要針對什麼樣的軟體或應用程式進行開發，例如遊戲或網頁應用程式。
b: 我認為可以考慮開發一個網頁應用程式，這樣可以讓我們在專案時間安排上更具有靈活性，並且目標可以更明確。
b: 我覺得可以進一步討論網頁應用程式開發的具體目標和時間安排，以便我們更好地組織項目進程。
a: 我覺得開發網頁應用程式是個不錯的方向。我們可以進一步確認看看有哪些具體功能是大多數人覺得重要的，然後再來安排時間。
(最新) a: 我覺得開發網頁應用程式是個不錯的方向。我們可以進一步確認看看有哪些具體功能是大多數人覺得重要的，然後再來安排時間。
=== 結束 ===

請輸出**純 JSON**（不要 markdown）：例如
{
  "should_update": true,
  "delta_by_pair": {
    "Alice": { "Bob": 0.05, "Carol": -0.02 },
    "Bob": { "Alice": 0.03 }
  },
  "reason": "為何需要或不需要更新（可略）"
}
若不更新：
{ "should_update": false, "reason": "…" }

RAW:
{ "should_update": false, "reason": "不包含明確意見或情緒的互動" }
PARSED:
{
  "should_update": false,
  "reason": "不包含明確意見或情緒的互動"
}

===== 2025-10-07T14:23:18.894Z =====
PROMPT:

你是小組互動觀察者。請閱讀以下多人討論的片段，判斷是否需要微幅更新成員間的關係分數（-1 ~ +1）。
若需要更新，只輸出有變化的「人際方向」(A 對 B)，每個增量 delta 限制在 [-0.1, +0.1] 之間。
規則：
- Host 僅作為上下文，不可列入/影響關係分數。
- 只允許使用下列成員作為鍵名：["a","b","c"]
- 關係是「有方向的」：A 對 B 不一定等於 B 對 A（若你判斷兩邊都變動，可各自輸出）。
- 若本輪缺乏互動/情緒線索（同意/致謝/讚同/反駁/否定/指責/打斷/忽視/合作/支持等），請不要更新。
- 僅輸出需要變動的 pair；沒有變更就省略，不要硬湊。

參考的互動線索（僅供你判斷，請勿額外輸出）：
- 正向：表示支持/同意、稱讚、感謝、主動回應對方問題、採納建議、協作順暢
- 負向：否定/反對且語氣強烈、冷落對方、打斷、指責、嘲諷、拒絕合作

=== 對話（較新在下） ===
Host: 哈囉大家好，我是聊天室的聊天機器人，我們要討論的是期末的Final Project，目標是打造一個軟體供使用者使用，請大家討論想做甚麼主題，像是網頁、遊戲等。
b: 我們可以考慮做一個網頁專案，這樣會比較符合我們的目標和時間安排，也比較容易進行時間管理。不知道大家怎麼想呢？
Host: 我們現在進行專案主題選擇，請大家提出建議，看看要針對什麼樣的軟體或應用程式進行開發，例如遊戲或網頁應用程式。
b: 我認為可以考慮開發一個網頁應用程式，這樣可以讓我們在專案時間安排上更具有靈活性，並且目標可以更明確。
b: 我覺得可以進一步討論網頁應用程式開發的具體目標和時間安排，以便我們更好地組織項目進程。
a: 我覺得開發網頁應用程式是個不錯的方向。我們可以進一步確認看看有哪些具體功能是大多數人覺得重要的，然後再來安排時間。
b: 好的，我同意a的看法。我們可以討論一下有哪些具體功能是大多數成員覺得重要的，然後針對這些功能進行時間安排。
(最新) b: 好的，我同意a的看法。我們可以討論一下有哪些具體功能是大多數成員覺得重要的，然後針對這些功能進行時間安排。
=== 結束 ===

請輸出**純 JSON**（不要 markdown）：例如
{
  "should_update": true,
  "delta_by_pair": {
    "Alice": { "Bob": 0.05, "Carol": -0.02 },
    "Bob": { "Alice": 0.03 }
  },
  "reason": "為何需要或不需要更新（可略）"
}
若不更新：
{ "should_update": false, "reason": "…" }

RAW:
```json
{
  "should_update": true,
  "delta_by_pair": {
    "b": { "a": 0.1 },
    "a": { "b": 0.05 }
  },
  "reason": "b多次同意a的看法，支持其建議。a對b的合作意願正向明顯。"
}
```
PARSED:
{
  "should_update": true,
  "delta_by_pair": {
    "b": {
      "a": 0.1
    },
    "a": {
      "b": 0.05
    }
  },
  "reason": "b多次同意a的看法，支持其建議。a對b的合作意願正向明顯。"
}

===== 2025-10-07T14:23:19.303Z =====
PROMPT:

你是小組互動觀察者。請閱讀以下多人討論的片段，判斷是否需要微幅更新成員間的關係分數（-1 ~ +1）。
若需要更新，只輸出有變化的「人際方向」(A 對 B)，每個增量 delta 限制在 [-0.1, +0.1] 之間。
規則：
- Host 僅作為上下文，不可列入/影響關係分數。
- 只允許使用下列成員作為鍵名：["a","b","c"]
- 關係是「有方向的」：A 對 B 不一定等於 B 對 A（若你判斷兩邊都變動，可各自輸出）。
- 若本輪缺乏互動/情緒線索（同意/致謝/讚同/反駁/否定/指責/打斷/忽視/合作/支持等），請不要更新。
- 僅輸出需要變動的 pair；沒有變更就省略，不要硬湊。

參考的互動線索（僅供你判斷，請勿額外輸出）：
- 正向：表示支持/同意、稱讚、感謝、主動回應對方問題、採納建議、協作順暢
- 負向：否定/反對且語氣強烈、冷落對方、打斷、指責、嘲諷、拒絕合作

=== 對話（較新在下） ===
Host: 哈囉大家好，我是聊天室的聊天機器人，我們要討論的是期末的Final Project，目標是打造一個軟體供使用者使用，請大家討論想做甚麼主題，像是網頁、遊戲等。
b: 我們可以考慮做一個網頁專案，這樣會比較符合我們的目標和時間安排，也比較容易進行時間管理。不知道大家怎麼想呢？
Host: 我們現在進行專案主題選擇，請大家提出建議，看看要針對什麼樣的軟體或應用程式進行開發，例如遊戲或網頁應用程式。
b: 我認為可以考慮開發一個網頁應用程式，這樣可以讓我們在專案時間安排上更具有靈活性，並且目標可以更明確。
b: 我覺得可以進一步討論網頁應用程式開發的具體目標和時間安排，以便我們更好地組織項目進程。
a: 我覺得開發網頁應用程式是個不錯的方向。我們可以進一步確認看看有哪些具體功能是大多數人覺得重要的，然後再來安排時間。
b: 好的，我同意a的看法。我們可以討論一下有哪些具體功能是大多數成員覺得重要的，然後針對這些功能進行時間安排。
a: 我同意b的想法，討論網頁應用程式的具體目標和時間安排很重要，可以幫助我們有更清晰的進度規劃。
(最新) a: 我同意b的想法，討論網頁應用程式的具體目標和時間安排很重要，可以幫助我們有更清晰的進度規劃。
=== 結束 ===

請輸出**純 JSON**（不要 markdown）：例如
{
  "should_update": true,
  "delta_by_pair": {
    "Alice": { "Bob": 0.05, "Carol": -0.02 },
    "Bob": { "Alice": 0.03 }
  },
  "reason": "為何需要或不需要更新（可略）"
}
若不更新：
{ "should_update": false, "reason": "…" }

RAW:
{
  "should_update": true,
  "delta_by_pair": {
    "a": { "b": 0.1 },
    "b": { "a": 0.1 }
  },
  "reason": "a 與 b 之間有多次正面的互動，包括同意對方的意見和合作的表現，因此他們之間的關係分數應該增加。"
}
PARSED:
{
  "should_update": true,
  "delta_by_pair": {
    "a": {
      "b": 0.1
    },
    "b": {
      "a": 0.1
    }
  },
  "reason": "a 與 b 之間有多次正面的互動，包括同意對方的意見和合作的表現，因此他們之間的關係分數應該增加。"
}

===== 2025-10-07T14:23:34.183Z =====
PROMPT:

你是小組互動觀察者。請閱讀以下多人討論的片段，判斷是否需要微幅更新成員間的關係分數（-1 ~ +1）。
若需要更新，只輸出有變化的「人際方向」(A 對 B)，每個增量 delta 限制在 [-0.1, +0.1] 之間。
規則：
- Host 僅作為上下文，不可列入/影響關係分數。
- 只允許使用下列成員作為鍵名：["a","b","c"]
- 關係是「有方向的」：A 對 B 不一定等於 B 對 A（若你判斷兩邊都變動，可各自輸出）。
- 若本輪缺乏互動/情緒線索（同意/致謝/讚同/反駁/否定/指責/打斷/忽視/合作/支持等），請不要更新。
- 僅輸出需要變動的 pair；沒有變更就省略，不要硬湊。

參考的互動線索（僅供你判斷，請勿額外輸出）：
- 正向：表示支持/同意、稱讚、感謝、主動回應對方問題、採納建議、協作順暢
- 負向：否定/反對且語氣強烈、冷落對方、打斷、指責、嘲諷、拒絕合作

=== 對話（較新在下） ===
Host: 哈囉大家好，我是聊天室的聊天機器人，我們要討論的是期末的Final Project，目標是打造一個軟體供使用者使用，請大家討論想做甚麼主題，像是網頁、遊戲等。
b: 我們可以考慮做一個網頁專案，這樣會比較符合我們的目標和時間安排，也比較容易進行時間管理。不知道大家怎麼想呢？
Host: 我們現在進行專案主題選擇，請大家提出建議，看看要針對什麼樣的軟體或應用程式進行開發，例如遊戲或網頁應用程式。
b: 我認為可以考慮開發一個網頁應用程式，這樣可以讓我們在專案時間安排上更具有靈活性，並且目標可以更明確。
b: 我覺得可以進一步討論網頁應用程式開發的具體目標和時間安排，以便我們更好地組織項目進程。
a: 我覺得開發網頁應用程式是個不錯的方向。我們可以進一步確認看看有哪些具體功能是大多數人覺得重要的，然後再來安排時間。
b: 好的，我同意a的看法。我們可以討論一下有哪些具體功能是大多數成員覺得重要的，然後針對這些功能進行時間安排。
a: 我同意b的想法，討論網頁應用程式的具體目標和時間安排很重要，可以幫助我們有更清晰的進度規劃。
b: 我建議先列出所有潛在功能，然後各自評估這些功能在專案中的優先級和所需時間。這樣可以幫助我們制定一個更具體的時間安排。
(最新) b: 我建議先列出所有潛在功能，然後各自評估這些功能在專案中的優先級和所需時間。這樣可以幫助我們制定一個更具體的時間安排。
=== 結束 ===

請輸出**純 JSON**（不要 markdown）：例如
{
  "should_update": true,
  "delta_by_pair": {
    "Alice": { "Bob": 0.05, "Carol": -0.02 },
    "Bob": { "Alice": 0.03 }
  },
  "reason": "為何需要或不需要更新（可略）"
}
若不更新：
{ "should_update": false, "reason": "…" }

RAW:
{
  "should_update": true,
  "delta_by_pair": {
    "a": {
      "b": 0.1
    },
    "b": {
      "a": 0.1
    }
  },
  "reason": "a 和 b 之間有明顯的合作和讚同，應該更新彼此的關係分數。"
}
PARSED:
{
  "should_update": true,
  "delta_by_pair": {
    "a": {
      "b": 0.1
    },
    "b": {
      "a": 0.1
    }
  },
  "reason": "a 和 b 之間有明顯的合作和讚同，應該更新彼此的關係分數。"
}

===== 2025-10-07T14:23:48.315Z =====
PROMPT:

你是小組互動觀察者。請閱讀以下多人討論的片段，判斷是否需要微幅更新成員間的關係分數（-1 ~ +1）。
若需要更新，只輸出有變化的「人際方向」(A 對 B)，每個增量 delta 限制在 [-0.1, +0.1] 之間。
規則：
- Host 僅作為上下文，不可列入/影響關係分數。
- 只允許使用下列成員作為鍵名：["a","b","c"]
- 關係是「有方向的」：A 對 B 不一定等於 B 對 A（若你判斷兩邊都變動，可各自輸出）。
- 若本輪缺乏互動/情緒線索（同意/致謝/讚同/反駁/否定/指責/打斷/忽視/合作/支持等），請不要更新。
- 僅輸出需要變動的 pair；沒有變更就省略，不要硬湊。

參考的互動線索（僅供你判斷，請勿額外輸出）：
- 正向：表示支持/同意、稱讚、感謝、主動回應對方問題、採納建議、協作順暢
- 負向：否定/反對且語氣強烈、冷落對方、打斷、指責、嘲諷、拒絕合作

=== 對話（較新在下） ===
Host: 哈囉大家好，我是聊天室的聊天機器人，我們要討論的是期末的Final Project，目標是打造一個軟體供使用者使用，請大家討論想做甚麼主題，像是網頁、遊戲等。
b: 我們可以考慮做一個網頁專案，這樣會比較符合我們的目標和時間安排，也比較容易進行時間管理。不知道大家怎麼想呢？
Host: 我們現在進行專案主題選擇，請大家提出建議，看看要針對什麼樣的軟體或應用程式進行開發，例如遊戲或網頁應用程式。
b: 我認為可以考慮開發一個網頁應用程式，這樣可以讓我們在專案時間安排上更具有靈活性，並且目標可以更明確。
b: 我覺得可以進一步討論網頁應用程式開發的具體目標和時間安排，以便我們更好地組織項目進程。
a: 我覺得開發網頁應用程式是個不錯的方向。我們可以進一步確認看看有哪些具體功能是大多數人覺得重要的，然後再來安排時間。
b: 好的，我同意a的看法。我們可以討論一下有哪些具體功能是大多數成員覺得重要的，然後針對這些功能進行時間安排。
a: 我同意b的想法，討論網頁應用程式的具體目標和時間安排很重要，可以幫助我們有更清晰的進度規劃。
b: 我建議先列出所有潛在功能，然後各自評估這些功能在專案中的優先級和所需時間。這樣可以幫助我們制定一個更具體的時間安排。
a: 聽起來這是一個很好的計畫。要不要先由每個人提出幾個他們認為重要的功能點，然後我們可以一起來優先排序？
(最新) a: 聽起來這是一個很好的計畫。要不要先由每個人提出幾個他們認為重要的功能點，然後我們可以一起來優先排序？
=== 結束 ===

請輸出**純 JSON**（不要 markdown）：例如
{
  "should_update": true,
  "delta_by_pair": {
    "Alice": { "Bob": 0.05, "Carol": -0.02 },
    "Bob": { "Alice": 0.03 }
  },
  "reason": "為何需要或不需要更新（可略）"
}
若不更新：
{ "should_update": false, "reason": "…" }

RAW:
{
  "should_update": true,
  "delta_by_pair": {
    "a": { "b": 0.1 },
    "b": { "a": 0.1 }
  },
  "reason": "a和b雙方都支持和採納對方的意見，使他們的合作順暢。"
}
PARSED:
{
  "should_update": true,
  "delta_by_pair": {
    "a": {
      "b": 0.1
    },
    "b": {
      "a": 0.1
    }
  },
  "reason": "a和b雙方都支持和採納對方的意見，使他們的合作順暢。"
}

===== 2025-10-07T14:24:04.475Z =====
PROMPT:

你是小組互動觀察者。請閱讀以下多人討論的片段，判斷是否需要微幅更新成員間的關係分數（-1 ~ +1）。
若需要更新，只輸出有變化的「人際方向」(A 對 B)，每個增量 delta 限制在 [-0.1, +0.1] 之間。
規則：
- Host 僅作為上下文，不可列入/影響關係分數。
- 只允許使用下列成員作為鍵名：["a","b","c"]
- 關係是「有方向的」：A 對 B 不一定等於 B 對 A（若你判斷兩邊都變動，可各自輸出）。
- 若本輪缺乏互動/情緒線索（同意/致謝/讚同/反駁/否定/指責/打斷/忽視/合作/支持等），請不要更新。
- 僅輸出需要變動的 pair；沒有變更就省略，不要硬湊。

參考的互動線索（僅供你判斷，請勿額外輸出）：
- 正向：表示支持/同意、稱讚、感謝、主動回應對方問題、採納建議、協作順暢
- 負向：否定/反對且語氣強烈、冷落對方、打斷、指責、嘲諷、拒絕合作

=== 對話（較新在下） ===
Host: 哈囉大家好，我是聊天室的聊天機器人，我們要討論的是期末的Final Project，目標是打造一個軟體供使用者使用，請大家討論想做甚麼主題，像是網頁、遊戲等。
b: 我們可以考慮做一個網頁專案，這樣會比較符合我們的目標和時間安排，也比較容易進行時間管理。不知道大家怎麼想呢？
Host: 我們現在進行專案主題選擇，請大家提出建議，看看要針對什麼樣的軟體或應用程式進行開發，例如遊戲或網頁應用程式。
b: 我認為可以考慮開發一個網頁應用程式，這樣可以讓我們在專案時間安排上更具有靈活性，並且目標可以更明確。
b: 我覺得可以進一步討論網頁應用程式開發的具體目標和時間安排，以便我們更好地組織項目進程。
a: 我覺得開發網頁應用程式是個不錯的方向。我們可以進一步確認看看有哪些具體功能是大多數人覺得重要的，然後再來安排時間。
b: 好的，我同意a的看法。我們可以討論一下有哪些具體功能是大多數成員覺得重要的，然後針對這些功能進行時間安排。
a: 我同意b的想法，討論網頁應用程式的具體目標和時間安排很重要，可以幫助我們有更清晰的進度規劃。
b: 我建議先列出所有潛在功能，然後各自評估這些功能在專案中的優先級和所需時間。這樣可以幫助我們制定一個更具體的時間安排。
a: 聽起來這是一個很好的計畫。要不要先由每個人提出幾個他們認為重要的功能點，然後我們可以一起來優先排序？
Host: 看起來你們完成了專案主題的討論，讓我們進入下一個議題討論吧。
b: 我建議我們現在集中討論每個人認為重要的功能點，然後我們可以根據討論結果來優先排序。
(最新) b: 我建議我們現在集中討論每個人認為重要的功能點，然後我們可以根據討論結果來優先排序。
=== 結束 ===

請輸出**純 JSON**（不要 markdown）：例如
{
  "should_update": true,
  "delta_by_pair": {
    "Alice": { "Bob": 0.05, "Carol": -0.02 },
    "Bob": { "Alice": 0.03 }
  },
  "reason": "為何需要或不需要更新（可略）"
}
若不更新：
{ "should_update": false, "reason": "…" }

RAW:
{
  "should_update": true,
  "delta_by_pair": {
    "a": { "b": 0.1 },
    "b": { "a": 0.1 }
  },
  "reason": "在對話中，a 與 b 多次表達同意和支持彼此的想法，因此可以微幅提升彼此的關係分數。"
}
PARSED:
{
  "should_update": true,
  "delta_by_pair": {
    "a": {
      "b": 0.1
    },
    "b": {
      "a": 0.1
    }
  },
  "reason": "在對話中，a 與 b 多次表達同意和支持彼此的想法，因此可以微幅提升彼此的關係分數。"
}

===== 2025-10-07T14:31:32.494Z =====
PROMPT:

你是小組互動觀察者。請閱讀以下多人討論的片段，判斷是否需要微幅更新成員間的關係分數（-1 ~ +1）。
若需要更新，只輸出有變化的「人際方向」(A 對 B)，每個增量 delta 限制在 [-0.1, +0.1] 之間。
規則：
- Host 僅作為上下文，不可列入/影響關係分數。
- 只允許使用下列成員作為鍵名：["a","b","c","d"]
- 關係是「有方向的」：A 對 B 不一定等於 B 對 A（若你判斷兩邊都變動，可各自輸出）。
- 若本輪缺乏互動/情緒線索（同意/致謝/讚同/反駁/否定/指責/打斷/忽視/合作/支持等），請不要更新。
- 僅輸出需要變動的 pair；沒有變更就省略，不要硬湊。

參考的互動線索（僅供你判斷，請勿額外輸出）：
- 正向：表示支持/同意、稱讚、感謝、主動回應對方問題、採納建議、協作順暢
- 負向：否定/反對且語氣強烈、冷落對方、打斷、指責、嘲諷、拒絕合作

=== 對話（較新在下） ===
Host: 看起來你們完成了專案主題的討論了，讓我們進入下一個議題討論吧
Host: 哈囉大家好，我是聊天室的聊天機器人，我們要討論的是期末的Final Project，目標是打造一個軟體供使用者使用，請大家討論想做甚麼主題，像是網頁、遊戲等。
Host: 大家好，我們現在要討論專案的具體主題，比如是要做一個遊戲還是網頁應用等，請大家分享想法並達成共識。
b: 我覺得我們可以考慮做一個具有教育功能的網頁應用，這樣可以結合學習和互動，並且容易在不同裝置上使用。
(最新) b: 我覺得我們可以考慮做一個具有教育功能的網頁應用，這樣可以結合學習和互動，並且容易在不同裝置上使用。
=== 結束 ===

請輸出**純 JSON**（不要 markdown）：例如
{
  "should_update": true,
  "delta_by_pair": {
    "Alice": { "Bob": 0.05, "Carol": -0.02 },
    "Bob": { "Alice": 0.03 }
  },
  "reason": "為何需要或不需要更新（可略）"
}
若不更新：
{ "should_update": false, "reason": "…" }

RAW:
```json
{ "should_update": false, "reason": "缺乏互動/情緒線索，只有一方發言" }
```
PARSED:
{
  "should_update": false,
  "reason": "缺乏互動/情緒線索，只有一方發言"
}

===== 2025-10-07T14:31:46.592Z =====
PROMPT:

你是小組互動觀察者。請閱讀以下多人討論的片段，判斷是否需要微幅更新成員間的關係分數（-1 ~ +1）。
若需要更新，只輸出有變化的「人際方向」(A 對 B)，每個增量 delta 限制在 [-0.1, +0.1] 之間。
規則：
- Host 僅作為上下文，不可列入/影響關係分數。
- 只允許使用下列成員作為鍵名：["a","b","c","d"]
- 關係是「有方向的」：A 對 B 不一定等於 B 對 A（若你判斷兩邊都變動，可各自輸出）。
- 若本輪缺乏互動/情緒線索（同意/致謝/讚同/反駁/否定/指責/打斷/忽視/合作/支持等），請不要更新。
- 僅輸出需要變動的 pair；沒有變更就省略，不要硬湊。

參考的互動線索（僅供你判斷，請勿額外輸出）：
- 正向：表示支持/同意、稱讚、感謝、主動回應對方問題、採納建議、協作順暢
- 負向：否定/反對且語氣強烈、冷落對方、打斷、指責、嘲諷、拒絕合作

=== 對話（較新在下） ===
Host: 看起來你們完成了專案主題的討論了，讓我們進入下一個議題討論吧
Host: 哈囉大家好，我是聊天室的聊天機器人，我們要討論的是期末的Final Project，目標是打造一個軟體供使用者使用，請大家討論想做甚麼主題，像是網頁、遊戲等。
Host: 大家好，我們現在要討論專案的具體主題，比如是要做一個遊戲還是網頁應用等，請大家分享想法並達成共識。
b: 我覺得我們可以考慮做一個具有教育功能的網頁應用，這樣可以結合學習和互動，並且容易在不同裝置上使用。
b: 我相信具有教育功能的網頁應用能讓學習更有趣，也方便在不同設備上實現。
(最新) b: 我相信具有教育功能的網頁應用能讓學習更有趣，也方便在不同設備上實現。
=== 結束 ===

請輸出**純 JSON**（不要 markdown）：例如
{
  "should_update": true,
  "delta_by_pair": {
    "Alice": { "Bob": 0.05, "Carol": -0.02 },
    "Bob": { "Alice": 0.03 }
  },
  "reason": "為何需要或不需要更新（可略）"
}
若不更新：
{ "should_update": false, "reason": "…" }

RAW:
{ "should_update": false, "reason": "缺乏成員間的互動或情緒線索，無需更新關係分數。" }
PARSED:
{
  "should_update": false,
  "reason": "缺乏成員間的互動或情緒線索，無需更新關係分數。"
}

===== 2025-10-07T14:31:48.180Z =====
PROMPT:

你是小組互動觀察者。請閱讀以下多人討論的片段，判斷是否需要微幅更新成員間的關係分數（-1 ~ +1）。
若需要更新，只輸出有變化的「人際方向」(A 對 B)，每個增量 delta 限制在 [-0.1, +0.1] 之間。
規則：
- Host 僅作為上下文，不可列入/影響關係分數。
- 只允許使用下列成員作為鍵名：["a","b","c","d"]
- 關係是「有方向的」：A 對 B 不一定等於 B 對 A（若你判斷兩邊都變動，可各自輸出）。
- 若本輪缺乏互動/情緒線索（同意/致謝/讚同/反駁/否定/指責/打斷/忽視/合作/支持等），請不要更新。
- 僅輸出需要變動的 pair；沒有變更就省略，不要硬湊。

參考的互動線索（僅供你判斷，請勿額外輸出）：
- 正向：表示支持/同意、稱讚、感謝、主動回應對方問題、採納建議、協作順暢
- 負向：否定/反對且語氣強烈、冷落對方、打斷、指責、嘲諷、拒絕合作

=== 對話（較新在下） ===
Host: 看起來你們完成了專案主題的討論了，讓我們進入下一個議題討論吧
Host: 哈囉大家好，我是聊天室的聊天機器人，我們要討論的是期末的Final Project，目標是打造一個軟體供使用者使用，請大家討論想做甚麼主題，像是網頁、遊戲等。
Host: 大家好，我們現在要討論專案的具體主題，比如是要做一個遊戲還是網頁應用等，請大家分享想法並達成共識。
b: 我覺得我們可以考慮做一個具有教育功能的網頁應用，這樣可以結合學習和互動，並且容易在不同裝置上使用。
b: 我相信具有教育功能的網頁應用能讓學習更有趣，也方便在不同設備上實現。
a: 我認為 b 提出的做一個具有教育功能的網頁應用是一個不錯的方向，它能夠結合學習和互動，而且實現起來也比較方便。
(最新) a: 我認為 b 提出的做一個具有教育功能的網頁應用是一個不錯的方向，它能夠結合學習和互動，而且實現起來也比較方便。
=== 結束 ===

請輸出**純 JSON**（不要 markdown）：例如
{
  "should_update": true,
  "delta_by_pair": {
    "Alice": { "Bob": 0.05, "Carol": -0.02 },
    "Bob": { "Alice": 0.03 }
  },
  "reason": "為何需要或不需要更新（可略）"
}
若不更新：
{ "should_update": false, "reason": "…" }

RAW:
{
  "should_update": true,
  "delta_by_pair": {
    "a": { "b": 0.1 }
  },
  "reason": "a 兩次表達對 b 想法的多次支持和認同，增加正向關係。"
}
PARSED:
{
  "should_update": true,
  "delta_by_pair": {
    "a": {
      "b": 0.1
    }
  },
  "reason": "a 兩次表達對 b 想法的多次支持和認同，增加正向關係。"
}

===== 2025-10-07T14:32:03.156Z =====
PROMPT:

你是小組互動觀察者。請閱讀以下多人討論的片段，判斷是否需要微幅更新成員間的關係分數（-1 ~ +1）。
若需要更新，只輸出有變化的「人際方向」(A 對 B)，每個增量 delta 限制在 [-0.1, +0.1] 之間。
規則：
- Host 僅作為上下文，不可列入/影響關係分數。
- 只允許使用下列成員作為鍵名：["a","b","c","d"]
- 關係是「有方向的」：A 對 B 不一定等於 B 對 A（若你判斷兩邊都變動，可各自輸出）。
- 若本輪缺乏互動/情緒線索（同意/致謝/讚同/反駁/否定/指責/打斷/忽視/合作/支持等），請不要更新。
- 僅輸出需要變動的 pair；沒有變更就省略，不要硬湊。

參考的互動線索（僅供你判斷，請勿額外輸出）：
- 正向：表示支持/同意、稱讚、感謝、主動回應對方問題、採納建議、協作順暢
- 負向：否定/反對且語氣強烈、冷落對方、打斷、指責、嘲諷、拒絕合作

=== 對話（較新在下） ===
Host: 看起來你們完成了專案主題的討論了，讓我們進入下一個議題討論吧
Host: 哈囉大家好，我是聊天室的聊天機器人，我們要討論的是期末的Final Project，目標是打造一個軟體供使用者使用，請大家討論想做甚麼主題，像是網頁、遊戲等。
Host: 大家好，我們現在要討論專案的具體主題，比如是要做一個遊戲還是網頁應用等，請大家分享想法並達成共識。
b: 我覺得我們可以考慮做一個具有教育功能的網頁應用，這樣可以結合學習和互動，並且容易在不同裝置上使用。
b: 我相信具有教育功能的網頁應用能讓學習更有趣，也方便在不同設備上實現。
a: 我認為 b 提出的做一個具有教育功能的網頁應用是一個不錯的方向，它能夠結合學習和互動，而且實現起來也比較方便。
a: 如果我們選擇做一個具有教育功能的網頁應用，我們可以考慮如何讓內容更具互動性，比如加入一些遊戲化元素。
(最新) a: 如果我們選擇做一個具有教育功能的網頁應用，我們可以考慮如何讓內容更具互動性，比如加入一些遊戲化元素。
=== 結束 ===

請輸出**純 JSON**（不要 markdown）：例如
{
  "should_update": true,
  "delta_by_pair": {
    "Alice": { "Bob": 0.05, "Carol": -0.02 },
    "Bob": { "Alice": 0.03 }
  },
  "reason": "為何需要或不需要更新（可略）"
}
若不更新：
{ "should_update": false, "reason": "…" }

RAW:
```json
{
  "should_update": true,
  "delta_by_pair": {
    "a": { "b": 0.1 }
  },
  "reason": "a 對 b 提出的建議表示支持和擴展，是正向互動。"
}
```
PARSED:
{
  "should_update": true,
  "delta_by_pair": {
    "a": {
      "b": 0.1
    }
  },
  "reason": "a 對 b 提出的建議表示支持和擴展，是正向互動。"
}

===== 2025-10-07T14:32:04.101Z =====
PROMPT:

你是小組互動觀察者。請閱讀以下多人討論的片段，判斷是否需要微幅更新成員間的關係分數（-1 ~ +1）。
若需要更新，只輸出有變化的「人際方向」(A 對 B)，每個增量 delta 限制在 [-0.1, +0.1] 之間。
規則：
- Host 僅作為上下文，不可列入/影響關係分數。
- 只允許使用下列成員作為鍵名：["a","b","c","d"]
- 關係是「有方向的」：A 對 B 不一定等於 B 對 A（若你判斷兩邊都變動，可各自輸出）。
- 若本輪缺乏互動/情緒線索（同意/致謝/讚同/反駁/否定/指責/打斷/忽視/合作/支持等），請不要更新。
- 僅輸出需要變動的 pair；沒有變更就省略，不要硬湊。

參考的互動線索（僅供你判斷，請勿額外輸出）：
- 正向：表示支持/同意、稱讚、感謝、主動回應對方問題、採納建議、協作順暢
- 負向：否定/反對且語氣強烈、冷落對方、打斷、指責、嘲諷、拒絕合作

=== 對話（較新在下） ===
Host: 看起來你們完成了專案主題的討論了，讓我們進入下一個議題討論吧
Host: 哈囉大家好，我是聊天室的聊天機器人，我們要討論的是期末的Final Project，目標是打造一個軟體供使用者使用，請大家討論想做甚麼主題，像是網頁、遊戲等。
Host: 大家好，我們現在要討論專案的具體主題，比如是要做一個遊戲還是網頁應用等，請大家分享想法並達成共識。
b: 我覺得我們可以考慮做一個具有教育功能的網頁應用，這樣可以結合學習和互動，並且容易在不同裝置上使用。
b: 我相信具有教育功能的網頁應用能讓學習更有趣，也方便在不同設備上實現。
a: 我認為 b 提出的做一個具有教育功能的網頁應用是一個不錯的方向，它能夠結合學習和互動，而且實現起來也比較方便。
a: 如果我們選擇做一個具有教育功能的網頁應用，我們可以考慮如何讓內容更具互動性，比如加入一些遊戲化元素。
b: 謝謝 a 的支持，我也認為這是一個可行且有吸引力的選擇。我們可以開始討論具體的功能和用戶體驗該如何設計。
(最新) b: 謝謝 a 的支持，我也認為這是一個可行且有吸引力的選擇。我們可以開始討論具體的功能和用戶體驗該如何設計。
=== 結束 ===

請輸出**純 JSON**（不要 markdown）：例如
{
  "should_update": true,
  "delta_by_pair": {
    "Alice": { "Bob": 0.05, "Carol": -0.02 },
    "Bob": { "Alice": 0.03 }
  },
  "reason": "為何需要或不需要更新（可略）"
}
若不更新：
{ "should_update": false, "reason": "…" }

RAW:
```json
{
  "should_update": true,
  "delta_by_pair": {
    "a": { "b": 0.1 },
    "b": { "a": 0.1 }
  },
  "reason": "A 和 B 之間的互動顯示支持和感謝，這是一個正向的互動行為。"
}
```
PARSED:
{
  "should_update": true,
  "delta_by_pair": {
    "a": {
      "b": 0.1
    },
    "b": {
      "a": 0.1
    }
  },
  "reason": "A 和 B 之間的互動顯示支持和感謝，這是一個正向的互動行為。"
}

===== 2025-10-07T14:32:22.114Z =====
PROMPT:

你是小組互動觀察者。請閱讀以下多人討論的片段，判斷是否需要微幅更新成員間的關係分數（-1 ~ +1）。
若需要更新，只輸出有變化的「人際方向」(A 對 B)，每個增量 delta 限制在 [-0.1, +0.1] 之間。
規則：
- Host 僅作為上下文，不可列入/影響關係分數。
- 只允許使用下列成員作為鍵名：["a","b","c","d"]
- 關係是「有方向的」：A 對 B 不一定等於 B 對 A（若你判斷兩邊都變動，可各自輸出）。
- 若本輪缺乏互動/情緒線索（同意/致謝/讚同/反駁/否定/指責/打斷/忽視/合作/支持等），請不要更新。
- 僅輸出需要變動的 pair；沒有變更就省略，不要硬湊。

參考的互動線索（僅供你判斷，請勿額外輸出）：
- 正向：表示支持/同意、稱讚、感謝、主動回應對方問題、採納建議、協作順暢
- 負向：否定/反對且語氣強烈、冷落對方、打斷、指責、嘲諷、拒絕合作

=== 對話（較新在下） ===
Host: 看起來你們完成了專案主題的討論了，讓我們進入下一個議題討論吧
Host: 哈囉大家好，我是聊天室的聊天機器人，我們要討論的是期末的Final Project，目標是打造一個軟體供使用者使用，請大家討論想做甚麼主題，像是網頁、遊戲等。
Host: 大家好，我們現在要討論專案的具體主題，比如是要做一個遊戲還是網頁應用等，請大家分享想法並達成共識。
b: 我覺得我們可以考慮做一個具有教育功能的網頁應用，這樣可以結合學習和互動，並且容易在不同裝置上使用。
b: 我相信具有教育功能的網頁應用能讓學習更有趣，也方便在不同設備上實現。
a: 我認為 b 提出的做一個具有教育功能的網頁應用是一個不錯的方向，它能夠結合學習和互動，而且實現起來也比較方便。
a: 如果我們選擇做一個具有教育功能的網頁應用，我們可以考慮如何讓內容更具互動性，比如加入一些遊戲化元素。
b: 謝謝 a 的支持，我也認為這是一個可行且有吸引力的選擇。我們可以開始討論具體的功能和用戶體驗該如何設計。
Host: 看起來你們完成了專案具體主題的討論了，讓我們進入下一個議題討論吧
a: 我們可以討論如何整合更多教育功能進入網頁應用，這樣不僅能提高使用者的學習體驗，或許還能吸引更多不同背景的學習者。
(最新) a: 我們可以討論如何整合更多教育功能進入網頁應用，這樣不僅能提高使用者的學習體驗，或許還能吸引更多不同背景的學習者。
=== 結束 ===

請輸出**純 JSON**（不要 markdown）：例如
{
  "should_update": true,
  "delta_by_pair": {
    "Alice": { "Bob": 0.05, "Carol": -0.02 },
    "Bob": { "Alice": 0.03 }
  },
  "reason": "為何需要或不需要更新（可略）"
}
若不更新：
{ "should_update": false, "reason": "…" }

RAW:
{ "should_update": false, "reason": "對話中沒有新的明顯的互動或情緒線索，並且現有的支持意見已經被先前的對話所涵蓋，因此不需要更新成員間的關係分數。" }
PARSED:
{
  "should_update": false,
  "reason": "對話中沒有新的明顯的互動或情緒線索，並且現有的支持意見已經被先前的對話所涵蓋，因此不需要更新成員間的關係分數。"
}

===== 2025-10-07T14:32:32.096Z =====
PROMPT:

你是小組互動觀察者。請閱讀以下多人討論的片段，判斷是否需要微幅更新成員間的關係分數（-1 ~ +1）。
若需要更新，只輸出有變化的「人際方向」(A 對 B)，每個增量 delta 限制在 [-0.1, +0.1] 之間。
規則：
- Host 僅作為上下文，不可列入/影響關係分數。
- 只允許使用下列成員作為鍵名：["a","b","c","d"]
- 關係是「有方向的」：A 對 B 不一定等於 B 對 A（若你判斷兩邊都變動，可各自輸出）。
- 若本輪缺乏互動/情緒線索（同意/致謝/讚同/反駁/否定/指責/打斷/忽視/合作/支持等），請不要更新。
- 僅輸出需要變動的 pair；沒有變更就省略，不要硬湊。

參考的互動線索（僅供你判斷，請勿額外輸出）：
- 正向：表示支持/同意、稱讚、感謝、主動回應對方問題、採納建議、協作順暢
- 負向：否定/反對且語氣強烈、冷落對方、打斷、指責、嘲諷、拒絕合作

=== 對話（較新在下） ===
Host: 看起來你們完成了專案主題的討論了，讓我們進入下一個議題討論吧
Host: 哈囉大家好，我是聊天室的聊天機器人，我們要討論的是期末的Final Project，目標是打造一個軟體供使用者使用，請大家討論想做甚麼主題，像是網頁、遊戲等。
Host: 大家好，我們現在要討論專案的具體主題，比如是要做一個遊戲還是網頁應用等，請大家分享想法並達成共識。
b: 我覺得我們可以考慮做一個具有教育功能的網頁應用，這樣可以結合學習和互動，並且容易在不同裝置上使用。
b: 我相信具有教育功能的網頁應用能讓學習更有趣，也方便在不同設備上實現。
a: 我認為 b 提出的做一個具有教育功能的網頁應用是一個不錯的方向，它能夠結合學習和互動，而且實現起來也比較方便。
a: 如果我們選擇做一個具有教育功能的網頁應用，我們可以考慮如何讓內容更具互動性，比如加入一些遊戲化元素。
b: 謝謝 a 的支持，我也認為這是一個可行且有吸引力的選擇。我們可以開始討論具體的功能和用戶體驗該如何設計。
Host: 看起來你們完成了專案具體主題的討論了，讓我們進入下一個議題討論吧
a: 我們可以討論如何整合更多教育功能進入網頁應用，這樣不僅能提高使用者的學習體驗，或許還能吸引更多不同背景的學習者。
Host: 接下來我們來討論開發平台，請大家討論並選擇適合的開發平台，如Web、移動應用或桌面應用。
b: 我認為開發平台選擇Web是比較好的選擇，因為具有教育功能的網頁應用可以更容易地被廣泛使用，並且相對來說開發周期較短。我們可以考慮使用現有的一些框架來快速搭建雛形。
(最新) b: 我認為開發平台選擇Web是比較好的選擇，因為具有教育功能的網頁應用可以更容易地被廣泛使用，並且相對來說開發周期較短。我們可以考慮使用現有的一些框架來快速搭建雛形。
=== 結束 ===

請輸出**純 JSON**（不要 markdown）：例如
{
  "should_update": true,
  "delta_by_pair": {
    "Alice": { "Bob": 0.05, "Carol": -0.02 },
    "Bob": { "Alice": 0.03 }
  },
  "reason": "為何需要或不需要更新（可略）"
}
若不更新：
{ "should_update": false, "reason": "…" }

RAW:
```json
{
  "should_update": true,
  "delta_by_pair": {
    "a": { "b": 0.1 },
    "b": { "a": 0.1 }
  },
  "reason": "a 支持 b 的建議，並提出進一步的想法；b 感謝並認同 a 的支持，表示雙方合作和諧。"
}
```
PARSED:
{
  "should_update": true,
  "delta_by_pair": {
    "a": {
      "b": 0.1
    },
    "b": {
      "a": 0.1
    }
  },
  "reason": "a 支持 b 的建議，並提出進一步的想法；b 感謝並認同 a 的支持，表示雙方合作和諧。"
}

===== 2025-10-07T14:32:39.236Z =====
PROMPT:

你是小組互動觀察者。請閱讀以下多人討論的片段，判斷是否需要微幅更新成員間的關係分數（-1 ~ +1）。
若需要更新，只輸出有變化的「人際方向」(A 對 B)，每個增量 delta 限制在 [-0.1, +0.1] 之間。
規則：
- Host 僅作為上下文，不可列入/影響關係分數。
- 只允許使用下列成員作為鍵名：["a","b","c","d"]
- 關係是「有方向的」：A 對 B 不一定等於 B 對 A（若你判斷兩邊都變動，可各自輸出）。
- 若本輪缺乏互動/情緒線索（同意/致謝/讚同/反駁/否定/指責/打斷/忽視/合作/支持等），請不要更新。
- 僅輸出需要變動的 pair；沒有變更就省略，不要硬湊。

參考的互動線索（僅供你判斷，請勿額外輸出）：
- 正向：表示支持/同意、稱讚、感謝、主動回應對方問題、採納建議、協作順暢
- 負向：否定/反對且語氣強烈、冷落對方、打斷、指責、嘲諷、拒絕合作

=== 對話（較新在下） ===
Host: 哈囉大家好，我是聊天室的聊天機器人，我們要討論的是期末的Final Project，目標是打造一個軟體供使用者使用，請大家討論想做甚麼主題，像是網頁、遊戲等。
Host: 大家好，我們現在要討論專案的具體主題，比如是要做一個遊戲還是網頁應用等，請大家分享想法並達成共識。
b: 我覺得我們可以考慮做一個具有教育功能的網頁應用，這樣可以結合學習和互動，並且容易在不同裝置上使用。
b: 我相信具有教育功能的網頁應用能讓學習更有趣，也方便在不同設備上實現。
a: 我認為 b 提出的做一個具有教育功能的網頁應用是一個不錯的方向，它能夠結合學習和互動，而且實現起來也比較方便。
a: 如果我們選擇做一個具有教育功能的網頁應用，我們可以考慮如何讓內容更具互動性，比如加入一些遊戲化元素。
b: 謝謝 a 的支持，我也認為這是一個可行且有吸引力的選擇。我們可以開始討論具體的功能和用戶體驗該如何設計。
Host: 看起來你們完成了專案具體主題的討論了，讓我們進入下一個議題討論吧
a: 我們可以討論如何整合更多教育功能進入網頁應用，這樣不僅能提高使用者的學習體驗，或許還能吸引更多不同背景的學習者。
Host: 接下來我們來討論開發平台，請大家討論並選擇適合的開發平台，如Web、移動應用或桌面應用。
b: 我認為開發平台選擇Web是比較好的選擇，因為具有教育功能的網頁應用可以更容易地被廣泛使用，並且相對來說開發周期較短。我們可以考慮使用現有的一些框架來快速搭建雛形。
a: 我傾向於選擇Web開發平台，因為這樣可以更容易實現具有教育功能的網頁應用，也能夠讓更多人容易地訪問和使用。我們可以考慮利用現有的web技術來實現我們的創意。
(最新) a: 我傾向於選擇Web開發平台，因為這樣可以更容易實現具有教育功能的網頁應用，也能夠讓更多人容易地訪問和使用。我們可以考慮利用現有的web技術來實現我們的創意。
=== 結束 ===

請輸出**純 JSON**（不要 markdown）：例如
{
  "should_update": true,
  "delta_by_pair": {
    "Alice": { "Bob": 0.05, "Carol": -0.02 },
    "Bob": { "Alice": 0.03 }
  },
  "reason": "為何需要或不需要更新（可略）"
}
若不更新：
{ "should_update": false, "reason": "…" }

RAW:
```json
{
  "should_update": true,
  "delta_by_pair": {
    "a": { "b": 0.1 },
    "b": { "a": 0.1 }
  }
}
```
PARSED:
{
  "should_update": true,
  "delta_by_pair": {
    "a": {
      "b": 0.1
    },
    "b": {
      "a": 0.1
    }
  }
}

===== 2025-10-07T14:33:02.637Z =====
PROMPT:

你是小組互動觀察者。請閱讀以下多人討論的片段，判斷是否需要微幅更新成員間的關係分數（-1 ~ +1）。
若需要更新，只輸出有變化的「人際方向」(A 對 B)，每個增量 delta 限制在 [-0.1, +0.1] 之間。
規則：
- Host 僅作為上下文，不可列入/影響關係分數。
- 只允許使用下列成員作為鍵名：["a","b","c","d"]
- 關係是「有方向的」：A 對 B 不一定等於 B 對 A（若你判斷兩邊都變動，可各自輸出）。
- 若本輪缺乏互動/情緒線索（同意/致謝/讚同/反駁/否定/指責/打斷/忽視/合作/支持等），請不要更新。
- 僅輸出需要變動的 pair；沒有變更就省略，不要硬湊。

參考的互動線索（僅供你判斷，請勿額外輸出）：
- 正向：表示支持/同意、稱讚、感謝、主動回應對方問題、採納建議、協作順暢
- 負向：否定/反對且語氣強烈、冷落對方、打斷、指責、嘲諷、拒絕合作

=== 對話（較新在下） ===
b: 我相信具有教育功能的網頁應用能讓學習更有趣，也方便在不同設備上實現。
a: 我認為 b 提出的做一個具有教育功能的網頁應用是一個不錯的方向，它能夠結合學習和互動，而且實現起來也比較方便。
a: 如果我們選擇做一個具有教育功能的網頁應用，我們可以考慮如何讓內容更具互動性，比如加入一些遊戲化元素。
b: 謝謝 a 的支持，我也認為這是一個可行且有吸引力的選擇。我們可以開始討論具體的功能和用戶體驗該如何設計。
Host: 看起來你們完成了專案具體主題的討論了，讓我們進入下一個議題討論吧
a: 我們可以討論如何整合更多教育功能進入網頁應用，這樣不僅能提高使用者的學習體驗，或許還能吸引更多不同背景的學習者。
Host: 接下來我們來討論開發平台，請大家討論並選擇適合的開發平台，如Web、移動應用或桌面應用。
b: 我認為開發平台選擇Web是比較好的選擇，因為具有教育功能的網頁應用可以更容易地被廣泛使用，並且相對來說開發周期較短。我們可以考慮使用現有的一些框架來快速搭建雛形。
a: 我傾向於選擇Web開發平台，因為這樣可以更容易實現具有教育功能的網頁應用，也能夠讓更多人容易地訪問和使用。我們可以考慮利用現有的web技術來實現我們的創意。
Host: 看起來你們完成了開發平台的討論了，讓我們進入下一個議題討論吧
b: 我想我們可以開始討論一下具有教育功能的網頁應用。我們可以考慮如何設計一個既有趣又具教育價值的網頁，並且探討可能的技術實現方案。
a: 就具有教育功能的網頁應用，我想這是一個很有潛力的方向。通過網頁應用，我們可以設計一些交互性強的學習工具，這不僅能激發學生的興趣，還能提高學習效果。如果大家有興趣，我可以分享一些具體的想法。
(最新) a: 就具有教育功能的網頁應用，我想這是一個很有潛力的方向。通過網頁應用，我們可以設計一些交互性強的學習工具，這不僅能激發學生的興趣，還能提高學習效果。如果大家有興趣，我可以分享一些具體的想法。
=== 結束 ===

請輸出**純 JSON**（不要 markdown）：例如
{
  "should_update": true,
  "delta_by_pair": {
    "Alice": { "Bob": 0.05, "Carol": -0.02 },
    "Bob": { "Alice": 0.03 }
  },
  "reason": "為何需要或不需要更新（可略）"
}
若不更新：
{ "should_update": false, "reason": "…" }

RAW:
```json
{
  "should_update": true,
  "delta_by_pair": {
    "a": {
      "b": 0.1
    },
    "b": {
      "a": 0.1
    }
  },
  "reason": "a 和 b 表示支持和同意彼此的觀點，並多次正面回應對方的意見，顯示合作的良好關係。"
}
```
PARSED:
{
  "should_update": true,
  "delta_by_pair": {
    "a": {
      "b": 0.1
    },
    "b": {
      "a": 0.1
    }
  },
  "reason": "a 和 b 表示支持和同意彼此的觀點，並多次正面回應對方的意見，顯示合作的良好關係。"
}

===== 2025-10-07T14:33:02.644Z =====
PROMPT:

你是小組互動觀察者。請閱讀以下多人討論的片段，判斷是否需要微幅更新成員間的關係分數（-1 ~ +1）。
若需要更新，只輸出有變化的「人際方向」(A 對 B)，每個增量 delta 限制在 [-0.1, +0.1] 之間。
規則：
- Host 僅作為上下文，不可列入/影響關係分數。
- 只允許使用下列成員作為鍵名：["a","b","c","d"]
- 關係是「有方向的」：A 對 B 不一定等於 B 對 A（若你判斷兩邊都變動，可各自輸出）。
- 若本輪缺乏互動/情緒線索（同意/致謝/讚同/反駁/否定/指責/打斷/忽視/合作/支持等），請不要更新。
- 僅輸出需要變動的 pair；沒有變更就省略，不要硬湊。

參考的互動線索（僅供你判斷，請勿額外輸出）：
- 正向：表示支持/同意、稱讚、感謝、主動回應對方問題、採納建議、協作順暢
- 負向：否定/反對且語氣強烈、冷落對方、打斷、指責、嘲諷、拒絕合作

=== 對話（較新在下） ===
b: 我覺得我們可以考慮做一個具有教育功能的網頁應用，這樣可以結合學習和互動，並且容易在不同裝置上使用。
b: 我相信具有教育功能的網頁應用能讓學習更有趣，也方便在不同設備上實現。
a: 我認為 b 提出的做一個具有教育功能的網頁應用是一個不錯的方向，它能夠結合學習和互動，而且實現起來也比較方便。
a: 如果我們選擇做一個具有教育功能的網頁應用，我們可以考慮如何讓內容更具互動性，比如加入一些遊戲化元素。
b: 謝謝 a 的支持，我也認為這是一個可行且有吸引力的選擇。我們可以開始討論具體的功能和用戶體驗該如何設計。
Host: 看起來你們完成了專案具體主題的討論了，讓我們進入下一個議題討論吧
a: 我們可以討論如何整合更多教育功能進入網頁應用，這樣不僅能提高使用者的學習體驗，或許還能吸引更多不同背景的學習者。
Host: 接下來我們來討論開發平台，請大家討論並選擇適合的開發平台，如Web、移動應用或桌面應用。
b: 我認為開發平台選擇Web是比較好的選擇，因為具有教育功能的網頁應用可以更容易地被廣泛使用，並且相對來說開發周期較短。我們可以考慮使用現有的一些框架來快速搭建雛形。
a: 我傾向於選擇Web開發平台，因為這樣可以更容易實現具有教育功能的網頁應用，也能夠讓更多人容易地訪問和使用。我們可以考慮利用現有的web技術來實現我們的創意。
Host: 看起來你們完成了開發平台的討論了，讓我們進入下一個議題討論吧
b: 我想我們可以開始討論一下具有教育功能的網頁應用。我們可以考慮如何設計一個既有趣又具教育價值的網頁，並且探討可能的技術實現方案。
(最新) b: 我想我們可以開始討論一下具有教育功能的網頁應用。我們可以考慮如何設計一個既有趣又具教育價值的網頁，並且探討可能的技術實現方案。
=== 結束 ===

請輸出**純 JSON**（不要 markdown）：例如
{
  "should_update": true,
  "delta_by_pair": {
    "Alice": { "Bob": 0.05, "Carol": -0.02 },
    "Bob": { "Alice": 0.03 }
  },
  "reason": "為何需要或不需要更新（可略）"
}
若不更新：
{ "should_update": false, "reason": "…" }

RAW:
```json
{
  "should_update": true,
  "delta_by_pair": {
    "a": { "b": 0.1 },
    "b": { "a": 0.1 }
  },
  "reason": "a 多次支持 b 的建議，而 b 表示感謝與認同，顯示雙方協作和諧。"
}
```
PARSED:
{
  "should_update": true,
  "delta_by_pair": {
    "a": {
      "b": 0.1
    },
    "b": {
      "a": 0.1
    }
  },
  "reason": "a 多次支持 b 的建議，而 b 表示感謝與認同，顯示雙方協作和諧。"
}

===== 2025-10-07T14:33:17.563Z =====
PROMPT:

你是小組互動觀察者。請閱讀以下多人討論的片段，判斷是否需要微幅更新成員間的關係分數（-1 ~ +1）。
若需要更新，只輸出有變化的「人際方向」(A 對 B)，每個增量 delta 限制在 [-0.1, +0.1] 之間。
規則：
- Host 僅作為上下文，不可列入/影響關係分數。
- 只允許使用下列成員作為鍵名：["a","b","c","d"]
- 關係是「有方向的」：A 對 B 不一定等於 B 對 A（若你判斷兩邊都變動，可各自輸出）。
- 若本輪缺乏互動/情緒線索（同意/致謝/讚同/反駁/否定/指責/打斷/忽視/合作/支持等），請不要更新。
- 僅輸出需要變動的 pair；沒有變更就省略，不要硬湊。

參考的互動線索（僅供你判斷，請勿額外輸出）：
- 正向：表示支持/同意、稱讚、感謝、主動回應對方問題、採納建議、協作順暢
- 負向：否定/反對且語氣強烈、冷落對方、打斷、指責、嘲諷、拒絕合作

=== 對話（較新在下） ===
a: 我認為 b 提出的做一個具有教育功能的網頁應用是一個不錯的方向，它能夠結合學習和互動，而且實現起來也比較方便。
a: 如果我們選擇做一個具有教育功能的網頁應用，我們可以考慮如何讓內容更具互動性，比如加入一些遊戲化元素。
b: 謝謝 a 的支持，我也認為這是一個可行且有吸引力的選擇。我們可以開始討論具體的功能和用戶體驗該如何設計。
Host: 看起來你們完成了專案具體主題的討論了，讓我們進入下一個議題討論吧
a: 我們可以討論如何整合更多教育功能進入網頁應用，這樣不僅能提高使用者的學習體驗，或許還能吸引更多不同背景的學習者。
Host: 接下來我們來討論開發平台，請大家討論並選擇適合的開發平台，如Web、移動應用或桌面應用。
b: 我認為開發平台選擇Web是比較好的選擇，因為具有教育功能的網頁應用可以更容易地被廣泛使用，並且相對來說開發周期較短。我們可以考慮使用現有的一些框架來快速搭建雛形。
a: 我傾向於選擇Web開發平台，因為這樣可以更容易實現具有教育功能的網頁應用，也能夠讓更多人容易地訪問和使用。我們可以考慮利用現有的web技術來實現我們的創意。
Host: 看起來你們完成了開發平台的討論了，讓我們進入下一個議題討論吧
b: 我想我們可以開始討論一下具有教育功能的網頁應用。我們可以考慮如何設計一個既有趣又具教育價值的網頁，並且探討可能的技術實現方案。
a: 就具有教育功能的網頁應用，我想這是一個很有潛力的方向。通過網頁應用，我們可以設計一些交互性強的學習工具，這不僅能激發學生的興趣，還能提高學習效果。如果大家有興趣，我可以分享一些具體的想法。
b: a，我很贊成你的想法。你有沒有考慮過具體使用哪種技術來實現這些交互功能？或許我們可以一起探討一下不同技術的優缺點。
(最新) b: a，我很贊成你的想法。你有沒有考慮過具體使用哪種技術來實現這些交互功能？或許我們可以一起探討一下不同技術的優缺點。
=== 結束 ===

請輸出**純 JSON**（不要 markdown）：例如
{
  "should_update": true,
  "delta_by_pair": {
    "Alice": { "Bob": 0.05, "Carol": -0.02 },
    "Bob": { "Alice": 0.03 }
  },
  "reason": "為何需要或不需要更新（可略）"
}
若不更新：
{ "should_update": false, "reason": "…" }

RAW:
{
  "should_update": true,
  "delta_by_pair": {
    "b": {
      "a": 0.1
    }
  },
  "reason": "b 多次表達對 a 的支持與讚同，以及主動邀請 a 一起探討技術的優缺點，充分表現了合作與正向支持的互動。"
}
PARSED:
{
  "should_update": true,
  "delta_by_pair": {
    "b": {
      "a": 0.1
    }
  },
  "reason": "b 多次表達對 a 的支持與讚同，以及主動邀請 a 一起探討技術的優缺點，充分表現了合作與正向支持的互動。"
}

===== 2025-10-07T14:33:17.601Z =====
PROMPT:

你是小組互動觀察者。請閱讀以下多人討論的片段，判斷是否需要微幅更新成員間的關係分數（-1 ~ +1）。
若需要更新，只輸出有變化的「人際方向」(A 對 B)，每個增量 delta 限制在 [-0.1, +0.1] 之間。
規則：
- Host 僅作為上下文，不可列入/影響關係分數。
- 只允許使用下列成員作為鍵名：["a","b","c","d"]
- 關係是「有方向的」：A 對 B 不一定等於 B 對 A（若你判斷兩邊都變動，可各自輸出）。
- 若本輪缺乏互動/情緒線索（同意/致謝/讚同/反駁/否定/指責/打斷/忽視/合作/支持等），請不要更新。
- 僅輸出需要變動的 pair；沒有變更就省略，不要硬湊。

參考的互動線索（僅供你判斷，請勿額外輸出）：
- 正向：表示支持/同意、稱讚、感謝、主動回應對方問題、採納建議、協作順暢
- 負向：否定/反對且語氣強烈、冷落對方、打斷、指責、嘲諷、拒絕合作

=== 對話（較新在下） ===
a: 如果我們選擇做一個具有教育功能的網頁應用，我們可以考慮如何讓內容更具互動性，比如加入一些遊戲化元素。
b: 謝謝 a 的支持，我也認為這是一個可行且有吸引力的選擇。我們可以開始討論具體的功能和用戶體驗該如何設計。
Host: 看起來你們完成了專案具體主題的討論了，讓我們進入下一個議題討論吧
a: 我們可以討論如何整合更多教育功能進入網頁應用，這樣不僅能提高使用者的學習體驗，或許還能吸引更多不同背景的學習者。
Host: 接下來我們來討論開發平台，請大家討論並選擇適合的開發平台，如Web、移動應用或桌面應用。
b: 我認為開發平台選擇Web是比較好的選擇，因為具有教育功能的網頁應用可以更容易地被廣泛使用，並且相對來說開發周期較短。我們可以考慮使用現有的一些框架來快速搭建雛形。
a: 我傾向於選擇Web開發平台，因為這樣可以更容易實現具有教育功能的網頁應用，也能夠讓更多人容易地訪問和使用。我們可以考慮利用現有的web技術來實現我們的創意。
Host: 看起來你們完成了開發平台的討論了，讓我們進入下一個議題討論吧
b: 我想我們可以開始討論一下具有教育功能的網頁應用。我們可以考慮如何設計一個既有趣又具教育價值的網頁，並且探討可能的技術實現方案。
a: 就具有教育功能的網頁應用，我想這是一個很有潛力的方向。通過網頁應用，我們可以設計一些交互性強的學習工具，這不僅能激發學生的興趣，還能提高學習效果。如果大家有興趣，我可以分享一些具體的想法。
b: a，我很贊成你的想法。你有沒有考慮過具體使用哪種技術來實現這些交互功能？或許我們可以一起探討一下不同技術的優缺點。
a: 我剛才提到了一些具體想法，例如我們可以設計一個模擬實驗室的網頁應用，學生可以在上面進行各種科學實驗的模擬操作，這樣不僅能提升他們的動手能力，還能更好地理解理論知識。大家覺得這樣的設計怎麼樣？
(最新) a: 我剛才提到了一些具體想法，例如我們可以設計一個模擬實驗室的網頁應用，學生可以在上面進行各種科學實驗的模擬操作，這樣不僅能提升他們的動手能力，還能更好地理解理論知識。大家覺得這樣的設計怎麼樣？
=== 結束 ===

請輸出**純 JSON**（不要 markdown）：例如
{
  "should_update": true,
  "delta_by_pair": {
    "Alice": { "Bob": 0.05, "Carol": -0.02 },
    "Bob": { "Alice": 0.03 }
  },
  "reason": "為何需要或不需要更新（可略）"
}
若不更新：
{ "should_update": false, "reason": "…" }

RAW:
```json
{
  "should_update": true,
  "delta_by_pair": {
    "b": { "a": 0.1 },
    "a": { "b": 0.1 }
  },
  "reason": "b 表達了對 a 意見的贊同和支持，a 也積極對 b 的問題作出回應。"
}
```
PARSED:
{
  "should_update": true,
  "delta_by_pair": {
    "b": {
      "a": 0.1
    },
    "a": {
      "b": 0.1
    }
  },
  "reason": "b 表達了對 a 意見的贊同和支持，a 也積極對 b 的問題作出回應。"
}
